12/9/17 4:33:22 PM, Info: Saving project information...
12/9/17 4:33:23 PM, Info: Commiting verification transaction...
12/9/17 4:33:23 PM, Info: Saving project information...
12/9/17 4:35:12 PM, Info: Initializing SIMPLSharp Services...
12/9/17 4:35:12 PM, Info: ProjectInfo successfully initialized.
12/9/17 4:35:12 PM, Info: Verifying archive C:\Users\tamvh\Documents\crestron\project\crestron_program_valeo\wsclient_pro.clz...
12/9/17 4:35:12 PM, Info: Saving project information...
12/9/17 4:35:13 PM, Info: Commiting verification transaction...
12/9/17 4:35:13 PM, Info: Saving project information...
12/9/17 4:36:53 PM, Info: Initializing SIMPLSharp Services...
12/9/17 4:36:53 PM, Info: ProjectInfo successfully initialized.
12/9/17 4:36:53 PM, Info: Verifying archive C:\Users\tamvh\Documents\crestron\project\crestron_program_valeo\wsclient_pro.clz...
12/9/17 4:36:54 PM, Info: Saving project information...
12/9/17 4:36:55 PM, Info: Commiting verification transaction...
12/9/17 4:36:55 PM, Info: Saving project information...
12/9/17 4:40:04 PM, Info: Initializing SIMPLSharp Services...
12/9/17 4:40:04 PM, Info: ProjectInfo successfully initialized.
12/9/17 4:40:04 PM, Info: Verifying archive C:\Users\tamvh\Documents\crestron\project\crestron_program_valeo\wsclient_pro.clz...
12/9/17 4:40:04 PM, Info: Saving project information...
12/9/17 4:40:05 PM, Info: Commiting verification transaction...
12/9/17 4:40:05 PM, Info: Saving project information...
12/9/17 4:52:55 PM, Info: Initializing SIMPLSharp Services...
12/9/17 4:52:55 PM, Info: ProjectInfo successfully initialized.
12/9/17 4:52:55 PM, Info: Verifying archive C:\Users\tamvh\Documents\crestron\project\crestron_program_valeo\wsclient_pro.clz...
12/9/17 4:52:55 PM, Info: Saving project information...
12/9/17 4:52:56 PM, Info: Commiting verification transaction...
12/9/17 4:52:56 PM, Info: Saving project information...
12/9/17 5:09:17 PM, Info: Initializing SIMPLSharp Services...
12/9/17 5:09:17 PM, Info: ProjectInfo successfully initialized.
12/9/17 5:09:17 PM, Info: Verifying archive C:\Users\tamvh\Documents\crestron\project\crestron_program_valeo\wsclient_pro.clz...
12/9/17 5:09:18 PM, Info: Saving project information...
12/9/17 5:09:18 PM, Info: Commiting verification transaction...
12/9/17 5:09:18 PM, Info: Saving project information...
12/9/17 5:11:44 PM, Info: Terminating SIMPLSharp Services
12/9/17 5:11:44 PM, Info: Saving project information...
12/9/17 5:11:44 PM, Info: Terminating SIMPLSharp Services
12/9/17 5:11:44 PM, Info: Saving project information...
12/9/17 5:11:44 PM, Info: Terminating SIMPLSharp Services
12/9/17 5:11:44 PM, Info: Saving project information...
12/9/17 5:11:44 PM, Info: Terminating SIMPLSharp Services
12/9/17 5:11:44 PM, Info: Saving project information...
12/9/17 5:11:44 PM, Info: Terminating SIMPLSharp Services
12/9/17 5:11:44 PM, Info: Saving project information...
12/9/17 5:11:44 PM, Info: Terminating SIMPLSharp Services
12/9/17 5:11:44 PM, Info: Saving project information...
12/9/17 5:11:44 PM, Info: Terminating SIMPLSharp Services
12/9/17 5:11:44 PM, Info: Saving project information...
12/9/17 5:11:44 PM, Info: Terminating SIMPLSharp Services
12/9/17 5:11:44 PM, Info: Saving project information...
12/9/17 5:11:44 PM, Info: Terminating SIMPLSharp Services
12/9/17 5:11:44 PM, Info: Saving project information...
12/9/17 5:11:44 PM, Info: Terminating SIMPLSharp Services
12/9/17 5:11:44 PM, Info: Saving project information...
12/9/17 5:11:44 PM, Info: Terminating SIMPLSharp Services
12/9/17 5:11:44 PM, Info: Saving project information...
12/9/17 5:11:44 PM, Info: Terminating SIMPLSharp Services
12/9/17 5:11:44 PM, Info: Saving project information...
12/9/17 5:11:44 PM, Info: Terminating SIMPLSharp Services
12/9/17 5:11:44 PM, Info: Saving project information...
12/9/17 5:11:44 PM, Info: Terminating SIMPLSharp Services
12/9/17 5:11:44 PM, Info: Saving project information...
12/9/17 5:11:44 PM, Info: Terminating SIMPLSharp Services
12/9/17 5:11:44 PM, Info: Saving project information...
12/9/17 5:11:44 PM, Info: Terminating SIMPLSharp Services
12/9/17 5:11:44 PM, Info: Saving project information...
12/9/17 5:11:44 PM, Info: Terminating SIMPLSharp Services
12/9/17 5:11:44 PM, Info: Saving project information...
12/9/17 5:11:44 PM, Info: Terminating SIMPLSharp Services
12/9/17 5:11:44 PM, Info: Saving project information...
12/9/17 5:11:44 PM, Info: Terminating SIMPLSharp Services
12/9/17 5:11:44 PM, Info: Saving project information...
12/9/17 5:11:44 PM, Info: Terminating SIMPLSharp Services
12/9/17 5:11:44 PM, Info: Saving project information...
12/9/17 5:11:44 PM, Info: Terminating SIMPLSharp Services
12/9/17 5:11:44 PM, Info: Saving project information...
12/9/17 5:11:44 PM, Info: Terminating SIMPLSharp Services
12/9/17 5:11:44 PM, Info: Saving project information...
12/9/17 5:11:44 PM, Info: Terminating SIMPLSharp Services
12/9/17 5:11:44 PM, Info: Saving project information...
12/9/17 5:11:44 PM, Info: Terminating SIMPLSharp Services
12/9/17 5:11:44 PM, Info: Saving project information...
12/9/17 5:11:44 PM, Info: Terminating SIMPLSharp Services
12/9/17 5:11:44 PM, Info: Saving project information...
12/9/17 5:11:44 PM, Info: Terminating SIMPLSharp Services
12/9/17 5:11:44 PM, Info: Saving project information...
12/9/17 5:11:44 PM, Info: Terminating SIMPLSharp Services
12/9/17 5:11:44 PM, Info: Saving project information...
12/9/17 5:11:44 PM, Info: Terminating SIMPLSharp Services
12/9/17 5:11:44 PM, Info: Saving project information...
12/9/17 5:11:44 PM, Info: Terminating SIMPLSharp Services
12/9/17 5:11:44 PM, Info: Saving project information...
12/9/17 5:11:44 PM, Info: Terminating SIMPLSharp Services
12/9/17 5:11:44 PM, Info: Saving project information...
12/9/17 5:11:44 PM, Info: Terminating SIMPLSharp Services
12/9/17 5:11:44 PM, Info: Saving project information...
12/9/17 5:11:44 PM, Info: Terminating SIMPLSharp Services
12/9/17 5:11:44 PM, Info: Saving project information...
12/9/17 5:11:44 PM, Info: Terminating SIMPLSharp Services
12/9/17 5:11:44 PM, Info: Saving project information...
12/9/17 5:11:44 PM, Info: Terminating SIMPLSharp Services
12/9/17 5:11:44 PM, Info: Saving project information...
12/9/17 5:11:44 PM, Info: Terminating SIMPLSharp Services
12/9/17 5:11:44 PM, Info: Saving project information...
12/9/17 5:11:44 PM, Info: Terminating SIMPLSharp Services
12/9/17 5:11:44 PM, Info: Saving project information...
12/9/17 5:11:44 PM, Info: Terminating SIMPLSharp Services
12/9/17 5:11:44 PM, Info: Saving project information...
12/9/17 5:11:44 PM, Info: Terminating SIMPLSharp Services
12/9/17 5:11:44 PM, Info: Saving project information...
12/9/17 5:11:44 PM, Info: Terminating SIMPLSharp Services
12/9/17 5:11:44 PM, Info: Saving project information...
12/9/17 5:11:44 PM, Info: Terminating SIMPLSharp Services
12/9/17 5:11:44 PM, Info: Saving project information...
12/9/17 5:11:44 PM, Info: Terminating SIMPLSharp Services
12/9/17 5:11:44 PM, Info: Saving project information...
12/9/17 5:11:44 PM, Info: Terminating SIMPLSharp Services
12/9/17 5:11:44 PM, Info: Saving project information...
12/9/17 5:11:45 PM, Info: Terminating SIMPLSharp Services
