1/20/18 12:36:10 PM, Info: Initializing SIMPLSharp Services...
1/20/18 12:36:10 PM, Info: ProjectInfo successfully initialized.
1/20/18 12:36:10 PM, Info: Verifying archive C:\Users\tamvh\AppData\Roaming\Local Libraries\Local Documents\crestron\project\crestron_program_valeo\common_lib.clz...
1/20/18 12:36:11 PM, Info: Saving project information...
1/20/18 12:36:45 PM, Info: Initializing SIMPLSharp Services...
1/20/18 12:36:45 PM, Info: ProjectInfo successfully initialized.
1/20/18 12:36:45 PM, Info: Verifying archive C:\Users\tamvh\AppData\Roaming\Local Libraries\Local Documents\crestron\project\crestron_program_valeo\common_lib.clz...
1/20/18 12:36:45 PM, Info: Saving project information...
1/20/18 12:55:28 PM, Info: Initializing SIMPLSharp Services...
1/20/18 12:55:28 PM, Info: ProjectInfo successfully initialized.
1/20/18 12:55:28 PM, Info: Verifying archive C:\Users\tamvh\AppData\Roaming\Local Libraries\Local Documents\crestron\project\crestron_program_valeo\common_lib.clz...
1/20/18 12:55:29 PM, Info: Saving project information...
1/20/18 12:56:27 PM, Info: Initializing SIMPLSharp Services...
1/20/18 12:56:27 PM, Info: ProjectInfo successfully initialized.
1/20/18 12:56:27 PM, Info: Verifying archive C:\Users\tamvh\AppData\Roaming\Local Libraries\Local Documents\crestron\project\crestron_program_valeo\common_lib.clz...
1/20/18 12:56:27 PM, Info: Saving project information...
1/20/18 12:58:57 PM, Info: Initializing SIMPLSharp Services...
1/20/18 12:58:57 PM, Info: ProjectInfo successfully initialized.
1/20/18 12:58:57 PM, Info: Verifying archive C:\Users\tamvh\AppData\Roaming\Local Libraries\Local Documents\crestron\project\crestron_program_valeo\common_lib.clz...
1/20/18 12:58:57 PM, Info: Saving project information...
1/20/18 1:01:25 PM, Info: Initializing SIMPLSharp Services...
1/20/18 1:01:25 PM, Info: ProjectInfo successfully initialized.
1/20/18 1:01:25 PM, Info: Verifying archive C:\Users\tamvh\AppData\Roaming\Local Libraries\Local Documents\crestron\project\crestron_program_valeo\common_lib.clz...
1/20/18 1:01:26 PM, Info: Saving project information...
1/20/18 1:02:43 PM, Info: Initializing SIMPLSharp Services...
1/20/18 1:02:43 PM, Info: ProjectInfo successfully initialized.
1/20/18 1:02:43 PM, Info: Verifying archive C:\Users\tamvh\AppData\Roaming\Local Libraries\Local Documents\crestron\project\crestron_program_valeo\common_lib.clz...
1/20/18 1:02:43 PM, Info: Saving project information...
1/20/18 1:03:26 PM, Info: Initializing SIMPLSharp Services...
1/20/18 1:03:26 PM, Info: ProjectInfo successfully initialized.
1/20/18 1:03:26 PM, Info: Verifying archive C:\Users\tamvh\AppData\Roaming\Local Libraries\Local Documents\crestron\project\crestron_program_valeo\common_lib.clz...
1/20/18 1:03:27 PM, Info: Saving project information...
1/20/18 1:04:15 PM, Info: Initializing SIMPLSharp Services...
1/20/18 1:04:15 PM, Info: ProjectInfo successfully initialized.
1/20/18 1:04:15 PM, Info: Verifying archive C:\Users\tamvh\AppData\Roaming\Local Libraries\Local Documents\crestron\project\crestron_program_valeo\common_lib.clz...
1/20/18 1:04:16 PM, Info: Saving project information...
1/20/18 2:54:58 PM, Info: Initializing SIMPLSharp Services...
1/20/18 2:54:58 PM, Info: ProjectInfo successfully initialized.
1/20/18 2:54:58 PM, Info: Verifying archive C:\Users\tamvh\AppData\Roaming\Local Libraries\Local Documents\crestron\project\crestron_program_valeo\common_lib.clz...
1/20/18 2:54:58 PM, Info: Saving project information...
1/20/18 2:55:58 PM, Info: Initializing SIMPLSharp Services...
1/20/18 2:55:58 PM, Info: ProjectInfo successfully initialized.
1/20/18 2:55:58 PM, Info: Verifying archive C:\Users\tamvh\AppData\Roaming\Local Libraries\Local Documents\crestron\project\crestron_program_valeo\common_lib.clz...
1/20/18 2:55:59 PM, Info: Saving project information...
1/20/18 2:58:32 PM, Info: Initializing SIMPLSharp Services...
1/20/18 2:58:32 PM, Info: ProjectInfo successfully initialized.
1/20/18 2:58:32 PM, Info: Verifying archive C:\Users\tamvh\AppData\Roaming\Local Libraries\Local Documents\crestron\project\crestron_program_valeo\common_lib.clz...
1/20/18 2:58:32 PM, Info: Saving project information...
1/20/18 2:59:28 PM, Info: Initializing SIMPLSharp Services...
1/20/18 2:59:28 PM, Info: ProjectInfo successfully initialized.
1/20/18 2:59:28 PM, Info: Verifying archive C:\Users\tamvh\AppData\Roaming\Local Libraries\Local Documents\crestron\project\crestron_program_valeo\common_lib.clz...
1/20/18 2:59:28 PM, Info: Saving project information...
1/20/18 2:59:54 PM, Info: Initializing SIMPLSharp Services...
1/20/18 2:59:54 PM, Info: ProjectInfo successfully initialized.
1/20/18 2:59:54 PM, Info: Verifying archive C:\Users\tamvh\AppData\Roaming\Local Libraries\Local Documents\crestron\project\crestron_program_valeo\common_lib.clz...
1/20/18 2:59:54 PM, Info: Saving project information...
1/20/18 3:01:15 PM, Info: Initializing SIMPLSharp Services...
1/20/18 3:01:15 PM, Info: ProjectInfo successfully initialized.
1/20/18 3:01:16 PM, Info: Verifying archive C:\Users\tamvh\AppData\Roaming\Local Libraries\Local Documents\crestron\project\crestron_program_valeo\common_lib.clz...
1/20/18 3:01:16 PM, Info: Saving project information...
1/20/18 3:01:25 PM, Info: Initializing SIMPLSharp Services...
1/20/18 3:01:25 PM, Info: ProjectInfo successfully initialized.
1/20/18 3:01:25 PM, Info: Verifying archive C:\Users\tamvh\AppData\Roaming\Local Libraries\Local Documents\crestron\project\crestron_program_valeo\common_lib.clz...
1/20/18 3:01:25 PM, Info: Saving project information...
1/20/18 3:01:56 PM, Info: Initializing SIMPLSharp Services...
1/20/18 3:01:56 PM, Info: ProjectInfo successfully initialized.
1/20/18 3:01:56 PM, Info: Verifying archive C:\Users\tamvh\AppData\Roaming\Local Libraries\Local Documents\crestron\project\crestron_program_valeo\common_lib.clz...
1/20/18 3:01:56 PM, Info: Saving project information...
1/20/18 3:02:50 PM, Info: Initializing SIMPLSharp Services...
1/20/18 3:02:50 PM, Info: ProjectInfo successfully initialized.
1/20/18 3:02:50 PM, Info: Verifying archive C:\Users\tamvh\AppData\Roaming\Local Libraries\Local Documents\crestron\project\crestron_program_valeo\common_lib.clz...
1/20/18 3:02:51 PM, Info: Saving project information...
1/20/18 3:03:20 PM, Info: Initializing SIMPLSharp Services...
1/20/18 3:03:20 PM, Info: ProjectInfo successfully initialized.
1/20/18 3:03:20 PM, Info: Verifying archive C:\Users\tamvh\AppData\Roaming\Local Libraries\Local Documents\crestron\project\crestron_program_valeo\common_lib.clz...
1/20/18 3:03:20 PM, Info: Saving project information...
1/20/18 3:03:38 PM, Info: Initializing SIMPLSharp Services...
1/20/18 3:03:38 PM, Info: ProjectInfo successfully initialized.
1/20/18 3:03:38 PM, Info: Verifying archive C:\Users\tamvh\AppData\Roaming\Local Libraries\Local Documents\crestron\project\crestron_program_valeo\common_lib.clz...
1/20/18 3:03:39 PM, Info: Saving project information...
1/20/18 3:03:43 PM, Info: Initializing SIMPLSharp Services...
1/20/18 3:03:43 PM, Info: ProjectInfo successfully initialized.
1/20/18 3:03:43 PM, Info: Verifying archive C:\Users\tamvh\AppData\Roaming\Local Libraries\Local Documents\crestron\project\crestron_program_valeo\common_lib.clz...
1/20/18 3:03:44 PM, Info: Saving project information...
1/20/18 3:05:13 PM, Info: Initializing SIMPLSharp Services...
1/20/18 3:05:13 PM, Info: ProjectInfo successfully initialized.
1/20/18 3:05:13 PM, Info: Verifying archive C:\Users\tamvh\AppData\Roaming\Local Libraries\Local Documents\crestron\project\crestron_program_valeo\common_lib.clz...
1/20/18 3:05:13 PM, Info: Saving project information...
1/20/18 3:05:56 PM, Info: Initializing SIMPLSharp Services...
1/20/18 3:05:56 PM, Info: ProjectInfo successfully initialized.
1/20/18 3:05:57 PM, Info: Verifying archive C:\Users\tamvh\AppData\Roaming\Local Libraries\Local Documents\crestron\project\crestron_program_valeo\common_lib.clz...
1/20/18 3:05:57 PM, Info: Saving project information...
1/20/18 3:06:58 PM, Info: Initializing SIMPLSharp Services...
1/20/18 3:06:58 PM, Info: ProjectInfo successfully initialized.
1/20/18 3:06:58 PM, Info: Verifying archive C:\Users\tamvh\AppData\Roaming\Local Libraries\Local Documents\crestron\project\crestron_program_valeo\common_lib.clz...
1/20/18 3:06:58 PM, Info: Saving project information...
1/20/18 3:08:08 PM, Info: Initializing SIMPLSharp Services...
1/20/18 3:08:08 PM, Info: ProjectInfo successfully initialized.
1/20/18 3:08:08 PM, Info: Verifying archive C:\Users\tamvh\AppData\Roaming\Local Libraries\Local Documents\crestron\project\crestron_program_valeo\common_lib.clz...
1/20/18 3:08:09 PM, Info: Saving project information...
1/20/18 3:09:14 PM, Info: Initializing SIMPLSharp Services...
1/20/18 3:09:14 PM, Info: ProjectInfo successfully initialized.
1/20/18 3:09:14 PM, Info: Verifying archive C:\Users\tamvh\AppData\Roaming\Local Libraries\Local Documents\crestron\project\crestron_program_valeo\common_lib.clz...
1/20/18 3:09:14 PM, Info: Saving project information...
1/20/18 3:12:37 PM, Info: Initializing SIMPLSharp Services...
1/20/18 3:12:37 PM, Info: ProjectInfo successfully initialized.
1/20/18 3:12:37 PM, Info: Verifying archive C:\Users\tamvh\AppData\Roaming\Local Libraries\Local Documents\crestron\project\crestron_program_valeo\common_lib.clz...
1/20/18 3:12:37 PM, Info: Saving project information...
1/20/18 3:12:55 PM, Info: Initializing SIMPLSharp Services...
1/20/18 3:12:55 PM, Info: ProjectInfo successfully initialized.
1/20/18 3:12:55 PM, Info: Verifying archive C:\Users\tamvh\AppData\Roaming\Local Libraries\Local Documents\crestron\project\crestron_program_valeo\common_lib.clz...
1/20/18 3:12:55 PM, Info: Saving project information...
1/20/18 3:30:18 PM, Info: Initializing SIMPLSharp Services...
1/20/18 3:30:18 PM, Info: ProjectInfo successfully initialized.
1/20/18 3:30:18 PM, Info: Verifying archive C:\Users\tamvh\AppData\Roaming\Local Libraries\Local Documents\crestron\project\crestron_program_valeo\common_lib.clz...
1/20/18 3:30:19 PM, Info: Saving project information...
1/21/18 4:09:06 PM, Info: Terminating SIMPLSharp Services
1/21/18 4:09:06 PM, Info: Saving project information...
1/21/18 4:09:06 PM, Info: Terminating SIMPLSharp Services
1/21/18 4:09:06 PM, Info: Saving project information...
1/21/18 4:09:06 PM, Info: Terminating SIMPLSharp Services
1/21/18 4:09:06 PM, Info: Saving project information...
1/21/18 4:09:06 PM, Info: Terminating SIMPLSharp Services
1/21/18 4:09:06 PM, Info: Saving project information...
1/21/18 4:09:06 PM, Info: Terminating SIMPLSharp Services
1/21/18 4:09:06 PM, Info: Saving project information...
1/21/18 4:09:06 PM, Info: Terminating SIMPLSharp Services
1/21/18 4:09:06 PM, Info: Saving project information...
1/21/18 4:09:06 PM, Info: Terminating SIMPLSharp Services
1/21/18 4:09:06 PM, Info: Saving project information...
1/21/18 4:09:06 PM, Info: Terminating SIMPLSharp Services
1/21/18 4:09:06 PM, Info: Saving project information...
1/21/18 4:09:06 PM, Info: Terminating SIMPLSharp Services
1/21/18 4:09:06 PM, Info: Saving project information...
1/21/18 4:09:06 PM, Info: Terminating SIMPLSharp Services
1/21/18 4:09:06 PM, Info: Saving project information...
1/21/18 4:09:06 PM, Info: Terminating SIMPLSharp Services
1/21/18 4:09:06 PM, Info: Saving project information...
1/21/18 4:09:06 PM, Info: Terminating SIMPLSharp Services
1/21/18 4:09:06 PM, Info: Saving project information...
1/21/18 4:09:06 PM, Info: Terminating SIMPLSharp Services
1/21/18 4:09:06 PM, Info: Saving project information...
1/21/18 4:09:06 PM, Info: Terminating SIMPLSharp Services
1/21/18 4:09:06 PM, Info: Saving project information...
1/21/18 4:09:06 PM, Info: Terminating SIMPLSharp Services
1/21/18 4:09:06 PM, Info: Saving project information...
1/21/18 4:09:06 PM, Info: Terminating SIMPLSharp Services
1/21/18 4:09:06 PM, Info: Saving project information...
1/21/18 4:09:06 PM, Info: Terminating SIMPLSharp Services
1/21/18 4:09:06 PM, Info: Saving project information...
1/21/18 4:09:06 PM, Info: Terminating SIMPLSharp Services
1/21/18 4:09:06 PM, Info: Saving project information...
1/21/18 4:09:06 PM, Info: Terminating SIMPLSharp Services
1/21/18 4:09:06 PM, Info: Saving project information...
1/21/18 4:09:06 PM, Info: Terminating SIMPLSharp Services
1/21/18 4:09:06 PM, Info: Saving project information...
1/21/18 4:09:06 PM, Info: Terminating SIMPLSharp Services
1/21/18 4:09:06 PM, Info: Saving project information...
1/21/18 4:09:06 PM, Info: Terminating SIMPLSharp Services
1/21/18 4:09:06 PM, Info: Saving project information...
1/21/18 4:09:06 PM, Info: Terminating SIMPLSharp Services
1/21/18 4:09:06 PM, Info: Saving project information...
1/21/18 4:09:06 PM, Info: Terminating SIMPLSharp Services
1/21/18 4:09:06 PM, Info: Saving project information...
1/21/18 4:09:06 PM, Info: Terminating SIMPLSharp Services
1/21/18 4:09:06 PM, Info: Saving project information...
1/21/18 4:09:06 PM, Info: Terminating SIMPLSharp Services
1/21/18 4:09:06 PM, Info: Saving project information...
1/21/18 4:09:06 PM, Info: Terminating SIMPLSharp Services
1/21/18 4:09:06 PM, Info: Saving project information...
1/21/18 4:09:06 PM, Info: Terminating SIMPLSharp Services
1/21/18 4:09:06 PM, Info: Saving project information...
1/21/18 4:09:06 PM, Info: Terminating SIMPLSharp Services
