12/9/17 9:06:01 AM, Info: Initializing SIMPLSharp Services...
12/9/17 9:06:01 AM, Info: ProjectInfo successfully initialized.
12/9/17 9:06:01 AM, Info: Verifying archive C:\Users\tamvh\Documents\crestron\project\crestron_program_valeo\wsclient_pro.clz...
12/9/17 9:06:02 AM, Info: Saving project information...
12/9/17 9:06:04 AM, Info: Commiting verification transaction...
12/9/17 9:06:04 AM, Info: Saving project information...
12/9/17 9:07:02 AM, Info: Initializing SIMPLSharp Services...
12/9/17 9:07:02 AM, Info: ProjectInfo successfully initialized.
12/9/17 9:07:02 AM, Info: Verifying archive C:\Users\tamvh\Documents\crestron\project\crestron_program_valeo\wsclient_pro.clz...
12/9/17 9:07:02 AM, Info: Saving project information...
12/9/17 9:07:03 AM, Info: Commiting verification transaction...
12/9/17 9:07:03 AM, Info: Saving project information...
12/9/17 9:08:52 AM, Info: Initializing SIMPLSharp Services...
12/9/17 9:08:52 AM, Info: ProjectInfo successfully initialized.
12/9/17 9:08:52 AM, Info: Verifying archive C:\Users\tamvh\Documents\crestron\project\crestron_program_valeo\wsclient_pro.clz...
12/9/17 9:08:52 AM, Info: Saving project information...
12/9/17 9:08:53 AM, Info: Commiting verification transaction...
12/9/17 9:08:53 AM, Info: Saving project information...
12/9/17 9:41:13 AM, Info: Initializing SIMPLSharp Services...
12/9/17 9:41:13 AM, Info: ProjectInfo successfully initialized.
12/9/17 9:41:13 AM, Info: Verifying archive C:\Users\tamvh\Documents\crestron\project\crestron_program_valeo\wsclient_pro.clz...
12/9/17 9:41:13 AM, Info: Saving project information...
12/9/17 9:41:13 AM, Info: Commiting verification transaction...
12/9/17 9:41:13 AM, Info: Saving project information...
12/9/17 9:42:01 AM, Info: Initializing SIMPLSharp Services...
12/9/17 9:42:01 AM, Info: ProjectInfo successfully initialized.
12/9/17 9:42:01 AM, Info: Verifying archive C:\Users\tamvh\Documents\crestron\project\crestron_program_valeo\wsclient_pro.clz...
12/9/17 9:42:02 AM, Info: Saving project information...
12/9/17 9:42:02 AM, Info: Commiting verification transaction...
12/9/17 9:42:02 AM, Info: Saving project information...
12/9/17 9:43:56 AM, Info: Initializing SIMPLSharp Services...
12/9/17 9:43:56 AM, Info: ProjectInfo successfully initialized.
12/9/17 9:43:56 AM, Info: Verifying archive C:\Users\tamvh\Documents\crestron\project\crestron_program_valeo\wsclient_pro.clz...
12/9/17 9:43:56 AM, Info: Saving project information...
12/9/17 9:43:56 AM, Info: Commiting verification transaction...
12/9/17 9:43:56 AM, Info: Saving project information...
12/9/17 9:48:09 AM, Info: Initializing SIMPLSharp Services...
12/9/17 9:48:09 AM, Info: ProjectInfo successfully initialized.
12/9/17 9:48:09 AM, Info: Verifying archive C:\Users\tamvh\Documents\crestron\project\crestron_program_valeo\wsclient_pro.clz...
12/9/17 9:48:09 AM, Info: Saving project information...
12/9/17 9:48:10 AM, Info: Commiting verification transaction...
12/9/17 9:48:10 AM, Info: Saving project information...
12/9/17 9:52:01 AM, Info: Initializing SIMPLSharp Services...
12/9/17 9:52:01 AM, Info: ProjectInfo successfully initialized.
12/9/17 9:52:02 AM, Info: Verifying archive C:\Users\tamvh\Documents\crestron\project\crestron_program_valeo\wsclient_pro.clz...
12/9/17 9:52:02 AM, Info: Saving project information...
12/9/17 9:52:02 AM, Info: Commiting verification transaction...
12/9/17 9:52:02 AM, Info: Saving project information...
12/9/17 9:53:40 AM, Info: Initializing SIMPLSharp Services...
12/9/17 9:53:40 AM, Info: ProjectInfo successfully initialized.
12/9/17 9:53:40 AM, Info: Verifying archive C:\Users\tamvh\Documents\crestron\project\crestron_program_valeo\wsclient_pro.clz...
12/9/17 9:53:40 AM, Info: Saving project information...
12/9/17 9:53:41 AM, Info: Commiting verification transaction...
12/9/17 9:53:41 AM, Info: Saving project information...
12/9/17 9:54:48 AM, Info: Initializing SIMPLSharp Services...
12/9/17 9:54:48 AM, Info: ProjectInfo successfully initialized.
12/9/17 9:54:49 AM, Info: Verifying archive C:\Users\tamvh\Documents\crestron\project\crestron_program_valeo\wsclient_pro.clz...
12/9/17 9:54:49 AM, Info: Saving project information...
12/9/17 9:54:49 AM, Info: Commiting verification transaction...
12/9/17 9:54:49 AM, Info: Saving project information...
12/9/17 10:08:15 AM, Info: Initializing SIMPLSharp Services...
12/9/17 10:08:15 AM, Info: ProjectInfo successfully initialized.
12/9/17 10:08:16 AM, Info: Verifying archive C:\Users\tamvh\Documents\crestron\project\crestron_program_valeo\wsclient_pro.clz...
12/9/17 10:08:16 AM, Info: Saving project information...
12/9/17 10:08:16 AM, Info: Commiting verification transaction...
12/9/17 10:08:16 AM, Info: Saving project information...
12/9/17 10:23:34 AM, Info: Initializing SIMPLSharp Services...
12/9/17 10:23:34 AM, Info: ProjectInfo successfully initialized.
12/9/17 10:23:34 AM, Info: Verifying archive C:\Users\tamvh\Documents\crestron\project\crestron_program_valeo\wsclient_pro.clz...
12/9/17 10:23:34 AM, Info: Saving project information...
12/9/17 10:23:35 AM, Info: Commiting verification transaction...
12/9/17 10:23:35 AM, Info: Saving project information...
12/9/17 10:26:26 AM, Info: Initializing SIMPLSharp Services...
12/9/17 10:26:26 AM, Info: ProjectInfo successfully initialized.
12/9/17 10:26:26 AM, Info: Verifying archive C:\Users\tamvh\Documents\crestron\project\crestron_program_valeo\wsclient_pro.clz...
12/9/17 10:26:26 AM, Info: Saving project information...
12/9/17 10:26:27 AM, Info: Commiting verification transaction...
12/9/17 10:26:27 AM, Info: Saving project information...
12/9/17 10:27:06 AM, Info: Initializing SIMPLSharp Services...
12/9/17 10:27:06 AM, Info: ProjectInfo successfully initialized.
12/9/17 10:27:06 AM, Info: Verifying archive C:\Users\tamvh\Documents\crestron\project\crestron_program_valeo\wsclient_pro.clz...
12/9/17 10:27:06 AM, Info: Saving project information...
12/9/17 10:27:07 AM, Info: Commiting verification transaction...
12/9/17 10:27:07 AM, Info: Saving project information...
12/9/17 10:44:50 AM, Info: Initializing SIMPLSharp Services...
12/9/17 10:44:50 AM, Info: ProjectInfo successfully initialized.
12/9/17 10:44:51 AM, Info: Verifying archive C:\Users\tamvh\Documents\crestron\project\crestron_program_valeo\wsclient_pro.clz...
12/9/17 10:44:51 AM, Info: Saving project information...
12/9/17 10:44:52 AM, Info: Commiting verification transaction...
12/9/17 10:44:52 AM, Info: Saving project information...
12/9/17 10:49:50 AM, Info: Terminating SIMPLSharp Services
12/9/17 10:49:50 AM, Info: Saving project information...
12/9/17 10:49:50 AM, Info: Terminating SIMPLSharp Services
12/9/17 10:49:50 AM, Info: Saving project information...
12/9/17 10:49:50 AM, Info: Terminating SIMPLSharp Services
12/9/17 10:49:50 AM, Info: Saving project information...
12/9/17 10:49:50 AM, Info: Terminating SIMPLSharp Services
12/9/17 10:49:50 AM, Info: Saving project information...
12/9/17 10:49:50 AM, Info: Terminating SIMPLSharp Services
12/9/17 10:49:50 AM, Info: Saving project information...
12/9/17 10:49:50 AM, Info: Terminating SIMPLSharp Services
12/9/17 10:49:50 AM, Info: Saving project information...
12/9/17 10:49:50 AM, Info: Terminating SIMPLSharp Services
12/9/17 10:49:50 AM, Info: Saving project information...
12/9/17 10:49:50 AM, Info: Terminating SIMPLSharp Services
12/9/17 10:49:50 AM, Info: Saving project information...
12/9/17 10:49:50 AM, Info: Terminating SIMPLSharp Services
12/9/17 10:49:50 AM, Info: Saving project information...
12/9/17 10:49:50 AM, Info: Terminating SIMPLSharp Services
12/9/17 10:49:50 AM, Info: Saving project information...
12/9/17 10:49:50 AM, Info: Terminating SIMPLSharp Services
12/9/17 10:49:50 AM, Info: Saving project information...
12/9/17 10:49:50 AM, Info: Terminating SIMPLSharp Services
12/9/17 10:49:50 AM, Info: Saving project information...
12/9/17 10:49:50 AM, Info: Terminating SIMPLSharp Services
12/9/17 10:49:50 AM, Info: Saving project information...
12/9/17 10:49:50 AM, Info: Terminating SIMPLSharp Services
12/9/17 10:49:50 AM, Info: Saving project information...
12/9/17 10:49:50 AM, Info: Terminating SIMPLSharp Services
