12/9/17 5:12:10 PM, Info: Initializing SIMPLSharp Services...
12/9/17 5:12:10 PM, Info: ProjectInfo successfully initialized.
12/9/17 5:12:10 PM, Info: Verifying archive C:\Users\tamvh\Documents\crestron\project\crestron_program_valeo\wsclient_pro.clz...
12/9/17 5:12:11 PM, Info: Saving project information...
12/9/17 5:12:11 PM, Info: Commiting verification transaction...
12/9/17 5:12:11 PM, Info: Saving project information...
12/9/17 5:20:36 PM, Info: Initializing SIMPLSharp Services...
12/9/17 5:20:36 PM, Info: ProjectInfo successfully initialized.
12/9/17 5:20:36 PM, Info: Verifying archive C:\Users\tamvh\Documents\crestron\project\crestron_program_valeo\wsclient_pro.clz...
12/9/17 5:20:36 PM, Info: Saving project information...
12/9/17 5:20:37 PM, Info: Commiting verification transaction...
12/9/17 5:20:37 PM, Info: Saving project information...
12/9/17 5:32:36 PM, Info: Initializing SIMPLSharp Services...
12/9/17 5:32:36 PM, Info: ProjectInfo successfully initialized.
12/9/17 5:32:37 PM, Info: Verifying archive C:\Users\tamvh\Documents\crestron\project\crestron_program_valeo\wsclient_pro.clz...
12/9/17 5:32:37 PM, Info: Saving project information...
12/9/17 5:32:38 PM, Info: Commiting verification transaction...
12/9/17 5:32:38 PM, Info: Saving project information...
12/9/17 5:42:14 PM, Info: Terminating SIMPLSharp Services
12/9/17 5:42:14 PM, Info: Saving project information...
12/9/17 5:42:14 PM, Info: Terminating SIMPLSharp Services
12/9/17 5:42:14 PM, Info: Saving project information...
12/9/17 5:42:14 PM, Info: Terminating SIMPLSharp Services
