12/9/17 10:51:27 AM, Info: Initializing SIMPLSharp Services...
12/9/17 10:51:27 AM, Info: ProjectInfo successfully initialized.
12/9/17 10:51:27 AM, Info: Verifying archive C:\Users\tamvh\Documents\crestron\project\crestron_program_valeo\wsclient_pro.clz...
12/9/17 10:51:27 AM, Info: Saving project information...
12/9/17 10:51:29 AM, Info: Initializing SIMPLSharp Services...
12/9/17 10:51:29 AM, Info: ProjectInfo successfully initialized.
12/9/17 10:51:30 AM, Info: Verifying archive C:\Users\tamvh\Documents\crestron\project\crestron_program_valeo\wsclient_pro.clz...
12/9/17 10:51:30 AM, Info: Saving project information...
12/9/17 10:51:40 AM, Info: Initializing SIMPLSharp Services...
12/9/17 10:51:40 AM, Info: ProjectInfo successfully initialized.
12/9/17 10:51:40 AM, Info: Verifying archive C:\Users\tamvh\Documents\crestron\project\crestron_program_valeo\wsclient_pro.clz...
12/9/17 10:51:40 AM, Info: Saving project information...
12/9/17 10:51:41 AM, Info: Initializing SIMPLSharp Services...
12/9/17 10:51:41 AM, Info: ProjectInfo successfully initialized.
12/9/17 10:51:41 AM, Info: Verifying archive C:\Users\tamvh\Documents\crestron\project\crestron_program_valeo\wsclient_pro.clz...
12/9/17 10:51:42 AM, Info: Saving project information...
12/9/17 10:51:43 AM, Info: Initializing SIMPLSharp Services...
12/9/17 10:51:43 AM, Info: ProjectInfo successfully initialized.
12/9/17 10:51:44 AM, Info: Verifying archive C:\Users\tamvh\Documents\crestron\project\crestron_program_valeo\wsclient_pro.clz...
12/9/17 10:51:44 AM, Info: Saving project information...
12/9/17 11:07:10 AM, Info: Initializing SIMPLSharp Services...
12/9/17 11:07:10 AM, Info: ProjectInfo successfully initialized.
12/9/17 11:07:11 AM, Info: Verifying archive C:\Users\tamvh\Documents\crestron\project\crestron_program_valeo\wsclient_pro.clz...
12/9/17 11:07:11 AM, Info: Saving project information...
12/9/17 11:07:30 AM, Info: Initializing SIMPLSharp Services...
12/9/17 11:07:30 AM, Info: ProjectInfo successfully initialized.
12/9/17 11:07:30 AM, Info: Verifying archive C:\Users\tamvh\Documents\crestron\project\crestron_program_valeo\wsclient_pro.clz...
12/9/17 11:07:31 AM, Info: Saving project information...
12/9/17 11:34:58 AM, Info: Initializing SIMPLSharp Services...
12/9/17 11:34:58 AM, Info: ProjectInfo successfully initialized.
12/9/17 11:34:59 AM, Info: Verifying archive C:\Users\tamvh\Documents\crestron\project\crestron_program_valeo\wsclient_pro.clz...
12/9/17 11:34:59 AM, Info: Saving project information...
12/9/17 11:35:07 AM, Info: Initializing SIMPLSharp Services...
12/9/17 11:35:07 AM, Info: ProjectInfo successfully initialized.
12/9/17 11:35:08 AM, Info: Verifying archive C:\Users\tamvh\Documents\crestron\project\crestron_program_valeo\wsclient_pro.clz...
12/9/17 11:35:08 AM, Info: Saving project information...
12/9/17 11:37:38 AM, Info: Initializing SIMPLSharp Services...
12/9/17 11:37:38 AM, Info: ProjectInfo successfully initialized.
12/9/17 11:37:39 AM, Info: Verifying archive C:\Users\tamvh\Documents\crestron\project\crestron_program_valeo\wsclient_pro.clz...
12/9/17 11:37:39 AM, Info: Saving project information...
12/9/17 11:39:56 AM, Info: Initializing SIMPLSharp Services...
12/9/17 11:39:56 AM, Info: ProjectInfo successfully initialized.
12/9/17 11:39:56 AM, Info: Verifying archive C:\Users\tamvh\Documents\crestron\project\crestron_program_valeo\wsclient_pro.clz...
12/9/17 11:39:57 AM, Info: Saving project information...
12/9/17 11:43:10 AM, Info: Initializing SIMPLSharp Services...
12/9/17 11:43:10 AM, Info: ProjectInfo successfully initialized.
12/9/17 11:43:10 AM, Info: Verifying archive C:\Users\tamvh\Documents\crestron\project\crestron_program_valeo\wsclient_pro.clz...
12/9/17 11:43:10 AM, Info: Saving project information...
12/9/17 11:43:15 AM, Info: Initializing SIMPLSharp Services...
12/9/17 11:43:15 AM, Info: ProjectInfo successfully initialized.
12/9/17 11:43:15 AM, Info: Verifying archive C:\Users\tamvh\Documents\crestron\project\crestron_program_valeo\wsclient_pro.clz...
12/9/17 11:43:15 AM, Info: Saving project information...
12/9/17 11:46:31 AM, Info: Initializing SIMPLSharp Services...
12/9/17 11:46:31 AM, Info: ProjectInfo successfully initialized.
12/9/17 11:46:31 AM, Info: Verifying archive C:\Users\tamvh\Documents\crestron\project\crestron_program_valeo\wsclient_pro.clz...
12/9/17 11:46:31 AM, Info: Saving project information...
12/9/17 11:49:02 AM, Info: Initializing SIMPLSharp Services...
12/9/17 11:49:02 AM, Info: ProjectInfo successfully initialized.
12/9/17 11:49:02 AM, Info: Verifying archive C:\Users\tamvh\Documents\crestron\project\crestron_program_valeo\wsclient_pro.clz...
12/9/17 11:49:02 AM, Info: Saving project information...
12/9/17 11:53:47 AM, Info: Initializing SIMPLSharp Services...
12/9/17 11:53:47 AM, Info: ProjectInfo successfully initialized.
12/9/17 11:53:47 AM, Info: Verifying archive C:\Users\tamvh\Documents\crestron\project\crestron_program_valeo\wsclient_pro.clz...
12/9/17 11:53:47 AM, Info: Saving project information...
12/9/17 12:16:51 PM, Info: Initializing SIMPLSharp Services...
12/9/17 12:16:51 PM, Info: ProjectInfo successfully initialized.
12/9/17 12:16:51 PM, Info: Verifying archive C:\Users\tamvh\Documents\crestron\project\crestron_program_valeo\wsclient_pro.clz...
12/9/17 12:16:52 PM, Info: Saving project information...
12/9/17 2:09:24 PM, Info: Initializing SIMPLSharp Services...
12/9/17 2:09:24 PM, Info: ProjectInfo successfully initialized.
12/9/17 2:09:25 PM, Info: Verifying archive C:\Users\tamvh\Documents\crestron\project\crestron_program_valeo\wsclient_pro.clz...
12/9/17 2:09:25 PM, Info: Saving project information...
12/9/17 2:09:29 PM, Info: Initializing SIMPLSharp Services...
12/9/17 2:09:29 PM, Info: ProjectInfo successfully initialized.
12/9/17 2:09:29 PM, Info: Verifying archive C:\Users\tamvh\Documents\crestron\project\crestron_program_valeo\wsclient_pro.clz...
12/9/17 2:09:30 PM, Info: Saving project information...
12/9/17 2:09:31 PM, Info: Initializing SIMPLSharp Services...
12/9/17 2:09:31 PM, Info: ProjectInfo successfully initialized.
12/9/17 2:09:31 PM, Info: Verifying archive C:\Users\tamvh\Documents\crestron\project\crestron_program_valeo\wsclient_pro.clz...
12/9/17 2:09:31 PM, Info: Saving project information...
12/9/17 2:28:20 PM, Info: Initializing SIMPLSharp Services...
12/9/17 2:28:20 PM, Info: ProjectInfo successfully initialized.
12/9/17 2:28:20 PM, Info: Verifying archive C:\Users\tamvh\Documents\crestron\project\crestron_program_valeo\wsclient_pro.clz...
12/9/17 2:28:20 PM, Info: Saving project information...
12/9/17 2:35:33 PM, Info: Initializing SIMPLSharp Services...
12/9/17 2:35:33 PM, Info: ProjectInfo successfully initialized.
12/9/17 2:35:33 PM, Info: Verifying archive C:\Users\tamvh\Documents\crestron\project\crestron_program_valeo\wsclient_pro.clz...
12/9/17 2:35:33 PM, Info: Saving project information...
12/9/17 2:35:50 PM, Info: Initializing SIMPLSharp Services...
12/9/17 2:35:50 PM, Info: ProjectInfo successfully initialized.
12/9/17 2:35:50 PM, Info: Verifying archive C:\Users\tamvh\Documents\crestron\project\crestron_program_valeo\wsclient_pro.clz...
12/9/17 2:35:50 PM, Info: Saving project information...
12/9/17 3:08:00 PM, Info: Initializing SIMPLSharp Services...
12/9/17 3:08:00 PM, Info: ProjectInfo successfully initialized.
12/9/17 3:08:00 PM, Info: Verifying archive C:\Users\tamvh\Documents\crestron\project\crestron_program_valeo\wsclient_pro.clz...
12/9/17 3:08:01 PM, Info: Saving project information...
12/9/17 3:12:31 PM, Info: Initializing SIMPLSharp Services...
12/9/17 3:12:31 PM, Info: ProjectInfo successfully initialized.
12/9/17 3:12:31 PM, Info: Verifying archive C:\Users\tamvh\Documents\crestron\project\crestron_program_valeo\wsclient_pro.clz...
12/9/17 3:12:31 PM, Info: Saving project information...
12/9/17 3:44:13 PM, Info: Initializing SIMPLSharp Services...
12/9/17 3:44:13 PM, Info: ProjectInfo successfully initialized.
12/9/17 3:44:14 PM, Info: Verifying archive C:\Users\tamvh\Documents\crestron\project\crestron_program_valeo\wsclient_pro.clz...
12/9/17 3:44:14 PM, Info: Saving project information...
12/9/17 3:44:16 PM, Info: Initializing SIMPLSharp Services...
12/9/17 3:44:16 PM, Info: ProjectInfo successfully initialized.
12/9/17 3:44:16 PM, Info: Verifying archive C:\Users\tamvh\Documents\crestron\project\crestron_program_valeo\wsclient_pro.clz...
12/9/17 3:44:16 PM, Info: Saving project information...
12/9/17 4:22:24 PM, Info: Initializing SIMPLSharp Services...
12/9/17 4:22:24 PM, Info: ProjectInfo successfully initialized.
12/9/17 4:22:24 PM, Info: Verifying archive C:\Users\tamvh\Documents\crestron\project\crestron_program_valeo\wsclient_pro.clz...
12/9/17 4:22:24 PM, Info: Saving project information...
12/9/17 4:27:23 PM, Info: Initializing SIMPLSharp Services...
12/9/17 4:27:23 PM, Info: ProjectInfo successfully initialized.
12/9/17 4:27:23 PM, Info: Verifying archive C:\Users\tamvh\Documents\crestron\project\crestron_program_valeo\wsclient_pro.clz...
12/9/17 4:27:23 PM, Info: Saving project information...
12/9/17 4:34:50 PM, Info: Initializing SIMPLSharp Services...
12/9/17 4:34:50 PM, Info: ProjectInfo successfully initialized.
12/9/17 4:34:50 PM, Info: Verifying archive C:\Users\tamvh\Documents\crestron\project\crestron_program_valeo\wsclient_pro.clz...
12/9/17 4:34:51 PM, Info: Saving project information...
12/9/17 4:34:53 PM, Info: Initializing SIMPLSharp Services...
12/9/17 4:34:53 PM, Info: ProjectInfo successfully initialized.
12/9/17 4:34:53 PM, Info: Verifying archive C:\Users\tamvh\Documents\crestron\project\crestron_program_valeo\wsclient_pro.clz...
12/9/17 4:34:53 PM, Info: Saving project information...
12/9/17 5:09:12 PM, Info: Initializing SIMPLSharp Services...
12/9/17 5:09:12 PM, Info: ProjectInfo successfully initialized.
12/9/17 5:09:12 PM, Info: Verifying archive C:\Users\tamvh\Documents\crestron\project\crestron_program_valeo\wsclient_pro.clz...
12/9/17 5:09:13 PM, Info: Saving project information...
12/9/17 5:11:06 PM, Info: Initializing SIMPLSharp Services...
12/9/17 5:11:06 PM, Info: ProjectInfo successfully initialized.
12/9/17 5:11:06 PM, Info: Verifying archive C:\Users\tamvh\Documents\crestron\project\crestron_program_valeo\wsclient_pro.clz...
12/9/17 5:11:07 PM, Info: Saving project information...
12/9/17 5:11:16 PM, Info: Initializing SIMPLSharp Services...
12/9/17 5:11:16 PM, Info: ProjectInfo successfully initialized.
12/9/17 5:11:16 PM, Info: Verifying archive C:\Users\tamvh\Documents\crestron\project\crestron_program_valeo\wsclient_pro.clz...
12/9/17 5:11:16 PM, Info: Saving project information...
12/9/17 5:42:14 PM, Info: Terminating SIMPLSharp Services
12/9/17 5:42:14 PM, Info: Saving project information...
12/9/17 5:42:14 PM, Info: Terminating SIMPLSharp Services
12/9/17 5:42:14 PM, Info: Saving project information...
12/9/17 5:42:14 PM, Info: Terminating SIMPLSharp Services
12/9/17 5:42:14 PM, Info: Saving project information...
12/9/17 5:42:14 PM, Info: Terminating SIMPLSharp Services
12/9/17 5:42:14 PM, Info: Saving project information...
12/9/17 5:42:14 PM, Info: Terminating SIMPLSharp Services
12/9/17 5:42:14 PM, Info: Saving project information...
12/9/17 5:42:14 PM, Info: Terminating SIMPLSharp Services
12/9/17 5:42:14 PM, Info: Saving project information...
12/9/17 5:42:14 PM, Info: Terminating SIMPLSharp Services
12/9/17 5:42:14 PM, Info: Saving project information...
12/9/17 5:42:14 PM, Info: Terminating SIMPLSharp Services
12/9/17 5:42:14 PM, Info: Saving project information...
12/9/17 5:42:14 PM, Info: Terminating SIMPLSharp Services
12/9/17 5:42:14 PM, Info: Saving project information...
12/9/17 5:42:14 PM, Info: Terminating SIMPLSharp Services
12/9/17 5:42:14 PM, Info: Saving project information...
12/9/17 5:42:14 PM, Info: Terminating SIMPLSharp Services
12/9/17 5:42:14 PM, Info: Saving project information...
12/9/17 5:42:14 PM, Info: Terminating SIMPLSharp Services
12/9/17 5:42:14 PM, Info: Saving project information...
12/9/17 5:42:14 PM, Info: Terminating SIMPLSharp Services
12/9/17 5:42:14 PM, Info: Saving project information...
12/9/17 5:42:14 PM, Info: Terminating SIMPLSharp Services
12/9/17 5:42:14 PM, Info: Saving project information...
12/9/17 5:42:14 PM, Info: Terminating SIMPLSharp Services
12/9/17 5:42:14 PM, Info: Saving project information...
12/9/17 5:42:14 PM, Info: Terminating SIMPLSharp Services
12/9/17 5:42:14 PM, Info: Saving project information...
12/9/17 5:42:14 PM, Info: Terminating SIMPLSharp Services
12/9/17 5:42:14 PM, Info: Saving project information...
12/9/17 5:42:14 PM, Info: Terminating SIMPLSharp Services
12/9/17 5:42:14 PM, Info: Saving project information...
12/9/17 5:42:14 PM, Info: Terminating SIMPLSharp Services
12/9/17 5:42:14 PM, Info: Saving project information...
12/9/17 5:42:14 PM, Info: Terminating SIMPLSharp Services
12/9/17 5:42:14 PM, Info: Saving project information...
12/9/17 5:42:14 PM, Info: Terminating SIMPLSharp Services
12/9/17 5:42:14 PM, Info: Saving project information...
12/9/17 5:42:14 PM, Info: Terminating SIMPLSharp Services
12/9/17 5:42:14 PM, Info: Saving project information...
12/9/17 5:42:14 PM, Info: Terminating SIMPLSharp Services
12/9/17 5:42:14 PM, Info: Saving project information...
12/9/17 5:42:14 PM, Info: Terminating SIMPLSharp Services
12/9/17 5:42:14 PM, Info: Saving project information...
12/9/17 5:42:14 PM, Info: Terminating SIMPLSharp Services
12/9/17 5:42:14 PM, Info: Saving project information...
12/9/17 5:42:14 PM, Info: Terminating SIMPLSharp Services
12/9/17 5:42:14 PM, Info: Saving project information...
12/9/17 5:42:14 PM, Info: Terminating SIMPLSharp Services
12/9/17 5:42:14 PM, Info: Saving project information...
12/9/17 5:42:14 PM, Info: Terminating SIMPLSharp Services
12/9/17 5:42:14 PM, Info: Saving project information...
12/9/17 5:42:14 PM, Info: Terminating SIMPLSharp Services
12/9/17 5:42:14 PM, Info: Saving project information...
12/9/17 5:42:14 PM, Info: Terminating SIMPLSharp Services
12/9/17 5:42:14 PM, Info: Saving project information...
12/9/17 5:42:14 PM, Info: Terminating SIMPLSharp Services
12/9/17 5:42:14 PM, Info: Saving project information...
12/9/17 5:42:14 PM, Info: Terminating SIMPLSharp Services
12/9/17 5:42:14 PM, Info: Saving project information...
12/9/17 5:42:14 PM, Info: Terminating SIMPLSharp Services
12/9/17 5:42:14 PM, Info: Saving project information...
12/9/17 5:42:14 PM, Info: Terminating SIMPLSharp Services
