12/9/17 10:52:00 AM, Info: Initializing SIMPLSharp Services...
12/9/17 10:52:00 AM, Info: ProjectInfo successfully initialized.
12/9/17 10:52:01 AM, Info: Verifying archive C:\Users\tamvh\Documents\crestron\project\crestron_program_valeo\wsclient_pro.clz...
12/9/17 10:52:01 AM, Info: Saving project information...
12/9/17 10:52:01 AM, Info: Commiting verification transaction...
12/9/17 10:52:01 AM, Info: Saving project information...
12/9/17 11:07:47 AM, Info: Initializing SIMPLSharp Services...
12/9/17 11:07:47 AM, Info: ProjectInfo successfully initialized.
12/9/17 11:07:47 AM, Info: Verifying archive C:\Users\tamvh\Documents\crestron\project\crestron_program_valeo\wsclient_pro.clz...
12/9/17 11:07:47 AM, Info: Saving project information...
12/9/17 11:07:48 AM, Info: Commiting verification transaction...
12/9/17 11:07:48 AM, Info: Saving project information...
12/9/17 11:37:47 AM, Info: Initializing SIMPLSharp Services...
12/9/17 11:37:47 AM, Info: ProjectInfo successfully initialized.
12/9/17 11:37:48 AM, Info: Verifying archive C:\Users\tamvh\Documents\crestron\project\crestron_program_valeo\wsclient_pro.clz...
12/9/17 11:37:48 AM, Info: Saving project information...
12/9/17 11:37:48 AM, Info: Commiting verification transaction...
12/9/17 11:37:48 AM, Info: Saving project information...
12/9/17 11:43:27 AM, Info: Initializing SIMPLSharp Services...
12/9/17 11:43:27 AM, Info: ProjectInfo successfully initialized.
12/9/17 11:43:27 AM, Info: Verifying archive C:\Users\tamvh\Documents\crestron\project\crestron_program_valeo\wsclient_pro.clz...
12/9/17 11:43:27 AM, Info: Saving project information...
12/9/17 11:43:27 AM, Info: Commiting verification transaction...
12/9/17 11:43:27 AM, Info: Saving project information...
12/9/17 11:46:40 AM, Info: Initializing SIMPLSharp Services...
12/9/17 11:46:40 AM, Info: ProjectInfo successfully initialized.
12/9/17 11:46:40 AM, Info: Verifying archive C:\Users\tamvh\Documents\crestron\project\crestron_program_valeo\wsclient_pro.clz...
12/9/17 11:46:41 AM, Info: Saving project information...
12/9/17 11:46:41 AM, Info: Commiting verification transaction...
12/9/17 11:46:41 AM, Info: Saving project information...
12/9/17 11:49:11 AM, Info: Initializing SIMPLSharp Services...
12/9/17 11:49:11 AM, Info: ProjectInfo successfully initialized.
12/9/17 11:49:12 AM, Info: Verifying archive C:\Users\tamvh\Documents\crestron\project\crestron_program_valeo\wsclient_pro.clz...
12/9/17 11:49:12 AM, Info: Saving project information...
12/9/17 11:49:12 AM, Info: Commiting verification transaction...
12/9/17 11:49:12 AM, Info: Saving project information...
12/9/17 11:53:55 AM, Info: Initializing SIMPLSharp Services...
12/9/17 11:53:55 AM, Info: ProjectInfo successfully initialized.
12/9/17 11:53:55 AM, Info: Verifying archive C:\Users\tamvh\Documents\crestron\project\crestron_program_valeo\wsclient_pro.clz...
12/9/17 11:53:55 AM, Info: Saving project information...
12/9/17 11:53:55 AM, Info: Commiting verification transaction...
12/9/17 11:53:55 AM, Info: Saving project information...
12/9/17 12:07:20 PM, Info: Initializing SIMPLSharp Services...
12/9/17 12:07:20 PM, Info: ProjectInfo successfully initialized.
12/9/17 12:07:20 PM, Info: Verifying archive C:\Users\tamvh\Documents\crestron\project\crestron_program_valeo\wsclient_pro.clz...
12/9/17 12:07:20 PM, Info: Saving project information...
12/9/17 12:07:21 PM, Info: Commiting verification transaction...
12/9/17 12:07:21 PM, Info: Saving project information...
12/9/17 12:07:27 PM, Info: Initializing SIMPLSharp Services...
12/9/17 12:07:27 PM, Info: ProjectInfo successfully initialized.
12/9/17 12:07:27 PM, Info: Verifying archive C:\Users\tamvh\Documents\crestron\project\crestron_program_valeo\wsclient_pro.clz...
12/9/17 12:07:27 PM, Info: Saving project information...
12/9/17 12:07:28 PM, Info: Commiting verification transaction...
12/9/17 12:07:28 PM, Info: Saving project information...
12/9/17 12:17:13 PM, Info: Initializing SIMPLSharp Services...
12/9/17 12:17:13 PM, Info: ProjectInfo successfully initialized.
12/9/17 12:17:13 PM, Info: Verifying archive C:\Users\tamvh\Documents\crestron\project\crestron_program_valeo\wsclient_pro.clz...
12/9/17 12:17:13 PM, Info: Saving project information...
12/9/17 12:17:13 PM, Info: Commiting verification transaction...
12/9/17 12:17:13 PM, Info: Saving project information...
12/9/17 12:27:28 PM, Info: Initializing SIMPLSharp Services...
12/9/17 12:27:28 PM, Info: ProjectInfo successfully initialized.
12/9/17 12:27:29 PM, Info: Verifying archive C:\Users\tamvh\Documents\crestron\project\crestron_program_valeo\wsclient_pro.clz...
12/9/17 12:27:29 PM, Info: Saving project information...
12/9/17 12:27:30 PM, Info: Commiting verification transaction...
12/9/17 12:27:30 PM, Info: Saving project information...
12/9/17 2:09:43 PM, Info: Initializing SIMPLSharp Services...
12/9/17 2:09:43 PM, Info: ProjectInfo successfully initialized.
12/9/17 2:09:43 PM, Info: Verifying archive C:\Users\tamvh\Documents\crestron\project\crestron_program_valeo\wsclient_pro.clz...
12/9/17 2:09:43 PM, Info: Saving project information...
12/9/17 2:09:43 PM, Info: Commiting verification transaction...
12/9/17 2:09:43 PM, Info: Saving project information...
12/9/17 2:27:52 PM, Info: Initializing SIMPLSharp Services...
12/9/17 2:27:52 PM, Info: ProjectInfo successfully initialized.
12/9/17 2:27:52 PM, Info: Verifying archive C:\Users\tamvh\Documents\crestron\project\crestron_program_valeo\wsclient_pro.clz...
12/9/17 2:27:52 PM, Info: Saving project information...
12/9/17 2:27:53 PM, Info: Commiting verification transaction...
12/9/17 2:27:53 PM, Info: Saving project information...
12/9/17 2:28:37 PM, Info: Initializing SIMPLSharp Services...
12/9/17 2:28:37 PM, Info: ProjectInfo successfully initialized.
12/9/17 2:28:37 PM, Info: Verifying archive C:\Users\tamvh\Documents\crestron\project\crestron_program_valeo\wsclient_pro.clz...
12/9/17 2:28:37 PM, Info: Saving project information...
12/9/17 2:28:38 PM, Info: Commiting verification transaction...
12/9/17 2:28:38 PM, Info: Saving project information...
12/9/17 2:36:00 PM, Info: Initializing SIMPLSharp Services...
12/9/17 2:36:00 PM, Info: ProjectInfo successfully initialized.
12/9/17 2:36:00 PM, Info: Verifying archive C:\Users\tamvh\Documents\crestron\project\crestron_program_valeo\wsclient_pro.clz...
12/9/17 2:36:00 PM, Info: Saving project information...
12/9/17 2:36:01 PM, Info: Commiting verification transaction...
12/9/17 2:36:01 PM, Info: Saving project information...
12/9/17 2:43:17 PM, Info: Initializing SIMPLSharp Services...
12/9/17 2:43:17 PM, Info: ProjectInfo successfully initialized.
12/9/17 2:43:17 PM, Info: Verifying archive C:\Users\tamvh\Documents\crestron\project\crestron_program_valeo\wsclient_pro.clz...
12/9/17 2:43:17 PM, Info: Saving project information...
12/9/17 2:43:18 PM, Info: Commiting verification transaction...
12/9/17 2:43:18 PM, Info: Saving project information...
12/9/17 2:46:04 PM, Info: Initializing SIMPLSharp Services...
12/9/17 2:46:04 PM, Info: ProjectInfo successfully initialized.
12/9/17 2:46:04 PM, Info: Verifying archive C:\Users\tamvh\Documents\crestron\project\crestron_program_valeo\wsclient_pro.clz...
12/9/17 2:46:04 PM, Info: Saving project information...
12/9/17 2:46:05 PM, Info: Commiting verification transaction...
12/9/17 2:46:05 PM, Info: Saving project information...
12/9/17 2:58:25 PM, Info: Initializing SIMPLSharp Services...
12/9/17 2:58:25 PM, Info: ProjectInfo successfully initialized.
12/9/17 2:58:25 PM, Info: Verifying archive C:\Users\tamvh\Documents\crestron\project\crestron_program_valeo\wsclient_pro.clz...
12/9/17 2:58:25 PM, Info: Saving project information...
12/9/17 2:58:26 PM, Info: Commiting verification transaction...
12/9/17 2:58:26 PM, Info: Saving project information...
12/9/17 3:12:36 PM, Info: Initializing SIMPLSharp Services...
12/9/17 3:12:36 PM, Info: ProjectInfo successfully initialized.
12/9/17 3:12:36 PM, Info: Verifying archive C:\Users\tamvh\Documents\crestron\project\crestron_program_valeo\wsclient_pro.clz...
12/9/17 3:12:37 PM, Info: Saving project information...
12/9/17 3:12:37 PM, Info: Commiting verification transaction...
12/9/17 3:12:37 PM, Info: Saving project information...
12/9/17 3:17:35 PM, Info: Initializing SIMPLSharp Services...
12/9/17 3:17:35 PM, Info: ProjectInfo successfully initialized.
12/9/17 3:17:35 PM, Info: Verifying archive C:\Users\tamvh\Documents\crestron\project\crestron_program_valeo\wsclient_pro.clz...
12/9/17 3:17:35 PM, Info: Saving project information...
12/9/17 3:17:36 PM, Info: Commiting verification transaction...
12/9/17 3:17:36 PM, Info: Saving project information...
12/9/17 3:19:47 PM, Info: Initializing SIMPLSharp Services...
12/9/17 3:19:47 PM, Info: ProjectInfo successfully initialized.
12/9/17 3:19:47 PM, Info: Verifying archive C:\Users\tamvh\Documents\crestron\project\crestron_program_valeo\wsclient_pro.clz...
12/9/17 3:19:47 PM, Info: Saving project information...
12/9/17 3:19:48 PM, Info: Commiting verification transaction...
12/9/17 3:19:48 PM, Info: Saving project information...
12/9/17 3:23:26 PM, Info: Initializing SIMPLSharp Services...
12/9/17 3:23:26 PM, Info: ProjectInfo successfully initialized.
12/9/17 3:23:27 PM, Info: Verifying archive C:\Users\tamvh\Documents\crestron\project\crestron_program_valeo\wsclient_pro.clz...
12/9/17 3:23:27 PM, Info: Saving project information...
12/9/17 3:23:28 PM, Info: Commiting verification transaction...
12/9/17 3:23:28 PM, Info: Saving project information...
12/9/17 3:26:45 PM, Info: Initializing SIMPLSharp Services...
12/9/17 3:26:45 PM, Info: ProjectInfo successfully initialized.
12/9/17 3:26:45 PM, Info: Verifying archive C:\Users\tamvh\Documents\crestron\project\crestron_program_valeo\wsclient_pro.clz...
12/9/17 3:26:45 PM, Info: Saving project information...
12/9/17 3:26:46 PM, Info: Commiting verification transaction...
12/9/17 3:26:46 PM, Info: Saving project information...
12/9/17 3:35:58 PM, Info: Initializing SIMPLSharp Services...
12/9/17 3:35:58 PM, Info: ProjectInfo successfully initialized.
12/9/17 3:35:58 PM, Info: Verifying archive C:\Users\tamvh\Documents\crestron\project\crestron_program_valeo\wsclient_pro.clz...
12/9/17 3:35:58 PM, Info: Saving project information...
12/9/17 3:35:59 PM, Info: Commiting verification transaction...
12/9/17 3:35:59 PM, Info: Saving project information...
12/9/17 3:40:40 PM, Info: Initializing SIMPLSharp Services...
12/9/17 3:40:40 PM, Info: ProjectInfo successfully initialized.
12/9/17 3:40:40 PM, Info: Verifying archive C:\Users\tamvh\Documents\crestron\project\crestron_program_valeo\wsclient_pro.clz...
12/9/17 3:40:41 PM, Info: Saving project information...
12/9/17 3:40:41 PM, Info: Commiting verification transaction...
12/9/17 3:40:41 PM, Info: Saving project information...
12/9/17 3:44:21 PM, Info: Initializing SIMPLSharp Services...
12/9/17 3:44:21 PM, Info: ProjectInfo successfully initialized.
12/9/17 3:44:22 PM, Info: Verifying archive C:\Users\tamvh\Documents\crestron\project\crestron_program_valeo\wsclient_pro.clz...
12/9/17 3:44:22 PM, Info: Saving project information...
12/9/17 3:44:22 PM, Info: Commiting verification transaction...
12/9/17 3:44:22 PM, Info: Saving project information...
12/9/17 3:50:38 PM, Info: Initializing SIMPLSharp Services...
12/9/17 3:50:38 PM, Info: ProjectInfo successfully initialized.
12/9/17 3:50:38 PM, Info: Verifying archive C:\Users\tamvh\Documents\crestron\project\crestron_program_valeo\wsclient_pro.clz...
12/9/17 3:50:38 PM, Info: Saving project information...
12/9/17 3:50:39 PM, Info: Commiting verification transaction...
12/9/17 3:50:39 PM, Info: Saving project information...
12/9/17 3:52:25 PM, Info: Initializing SIMPLSharp Services...
12/9/17 3:52:25 PM, Info: ProjectInfo successfully initialized.
12/9/17 3:52:25 PM, Info: Verifying archive C:\Users\tamvh\Documents\crestron\project\crestron_program_valeo\wsclient_pro.clz...
12/9/17 3:52:26 PM, Info: Saving project information...
12/9/17 3:52:26 PM, Info: Commiting verification transaction...
12/9/17 3:52:26 PM, Info: Saving project information...
12/9/17 3:56:52 PM, Info: Initializing SIMPLSharp Services...
12/9/17 3:56:52 PM, Info: ProjectInfo successfully initialized.
12/9/17 3:56:52 PM, Info: Verifying archive C:\Users\tamvh\Documents\crestron\project\crestron_program_valeo\wsclient_pro.clz...
12/9/17 3:56:52 PM, Info: Saving project information...
12/9/17 3:56:53 PM, Info: Commiting verification transaction...
12/9/17 3:56:53 PM, Info: Saving project information...
12/9/17 4:08:28 PM, Info: Initializing SIMPLSharp Services...
12/9/17 4:08:28 PM, Info: ProjectInfo successfully initialized.
12/9/17 4:08:28 PM, Info: Verifying archive C:\Users\tamvh\Documents\crestron\project\crestron_program_valeo\wsclient_pro.clz...
12/9/17 4:08:28 PM, Info: Saving project information...
12/9/17 4:08:29 PM, Info: Commiting verification transaction...
12/9/17 4:08:29 PM, Info: Saving project information...
12/9/17 4:13:10 PM, Info: Initializing SIMPLSharp Services...
12/9/17 4:13:10 PM, Info: ProjectInfo successfully initialized.
12/9/17 4:13:11 PM, Info: Verifying archive C:\Users\tamvh\Documents\crestron\project\crestron_program_valeo\wsclient_pro.clz...
12/9/17 4:13:11 PM, Info: Saving project information...
12/9/17 4:13:12 PM, Info: Commiting verification transaction...
12/9/17 4:13:12 PM, Info: Saving project information...
12/9/17 4:16:46 PM, Info: Initializing SIMPLSharp Services...
12/9/17 4:16:46 PM, Info: ProjectInfo successfully initialized.
12/9/17 4:16:46 PM, Info: Verifying archive C:\Users\tamvh\Documents\crestron\project\crestron_program_valeo\wsclient_pro.clz...
12/9/17 4:16:47 PM, Info: Saving project information...
12/9/17 4:16:47 PM, Info: Commiting verification transaction...
12/9/17 4:16:47 PM, Info: Saving project information...
12/9/17 4:19:06 PM, Info: Initializing SIMPLSharp Services...
12/9/17 4:19:06 PM, Info: ProjectInfo successfully initialized.
12/9/17 4:19:06 PM, Info: Verifying archive C:\Users\tamvh\Documents\crestron\project\crestron_program_valeo\wsclient_pro.clz...
12/9/17 4:19:06 PM, Info: Saving project information...
12/9/17 4:19:07 PM, Info: Commiting verification transaction...
12/9/17 4:19:07 PM, Info: Saving project information...
12/9/17 4:22:30 PM, Info: Initializing SIMPLSharp Services...
12/9/17 4:22:30 PM, Info: ProjectInfo successfully initialized.
12/9/17 4:22:30 PM, Info: Verifying archive C:\Users\tamvh\Documents\crestron\project\crestron_program_valeo\wsclient_pro.clz...
12/9/17 4:22:30 PM, Info: Saving project information...
12/9/17 4:22:31 PM, Info: Commiting verification transaction...
12/9/17 4:22:31 PM, Info: Saving project information...
12/9/17 4:24:38 PM, Info: Initializing SIMPLSharp Services...
12/9/17 4:24:38 PM, Info: ProjectInfo successfully initialized.
12/9/17 4:24:38 PM, Info: Verifying archive C:\Users\tamvh\Documents\crestron\project\crestron_program_valeo\wsclient_pro.clz...
12/9/17 4:24:38 PM, Info: Saving project information...
12/9/17 4:24:39 PM, Info: Commiting verification transaction...
12/9/17 4:24:39 PM, Info: Saving project information...
12/9/17 4:27:35 PM, Info: Initializing SIMPLSharp Services...
12/9/17 4:27:35 PM, Info: ProjectInfo successfully initialized.
12/9/17 4:27:35 PM, Info: Verifying archive C:\Users\tamvh\Documents\crestron\project\crestron_program_valeo\wsclient_pro.clz...
12/9/17 4:27:35 PM, Info: Saving project information...
12/9/17 4:27:36 PM, Info: Commiting verification transaction...
12/9/17 4:27:36 PM, Info: Saving project information...
12/9/17 4:33:16 PM, Info: Initializing SIMPLSharp Services...
12/9/17 4:33:16 PM, Info: ProjectInfo successfully initialized.
12/9/17 4:33:16 PM, Info: Verifying archive C:\Users\tamvh\Documents\crestron\project\crestron_program_valeo\wsclient_pro.clz...
12/9/17 4:33:17 PM, Info: Saving project information...
12/9/17 4:33:17 PM, Info: Commiting verification transaction...
12/9/17 4:33:17 PM, Info: Saving project information...
12/9/17 4:33:22 PM, Info: Initializing SIMPLSharp Services...
12/9/17 4:33:22 PM, Info: ProjectInfo successfully initialized.
12/9/17 4:33:22 PM, Info: Verifying archive C:\Users\tamvh\Documents\crestron\project\crestron_program_valeo\wsclient_pro.clz...
