12/9/17 9:18:25 AM, Info: Initializing SIMPLSharp Services...
12/9/17 9:18:25 AM, Info: ProjectInfo successfully initialized.
12/9/17 9:18:25 AM, Info: Verifying archive C:\Users\tamvh\Documents\crestron\project\crestron_program_valeo\wsclient_pro.clz...
12/9/17 9:18:26 AM, Info: Saving project information...
12/9/17 9:20:47 AM, Info: Initializing SIMPLSharp Services...
12/9/17 9:20:47 AM, Info: ProjectInfo successfully initialized.
12/9/17 9:20:47 AM, Info: Verifying archive C:\Users\tamvh\Documents\crestron\project\crestron_program_valeo\wsclient_pro.clz...
12/9/17 9:20:47 AM, Info: Saving project information...
12/9/17 9:20:50 AM, Info: Initializing SIMPLSharp Services...
12/9/17 9:20:50 AM, Info: ProjectInfo successfully initialized.
12/9/17 9:20:51 AM, Info: Verifying archive C:\Users\tamvh\Documents\crestron\project\crestron_program_valeo\wsclient_pro.clz...
12/9/17 9:20:51 AM, Info: Saving project information...
12/9/17 9:43:18 AM, Info: Initializing SIMPLSharp Services...
12/9/17 9:43:18 AM, Info: ProjectInfo successfully initialized.
12/9/17 9:43:19 AM, Info: Verifying archive C:\Users\tamvh\Documents\crestron\project\crestron_program_valeo\wsclient_pro.clz...
12/9/17 9:43:19 AM, Info: Saving project information...
12/9/17 9:43:23 AM, Info: Initializing SIMPLSharp Services...
12/9/17 9:43:23 AM, Info: ProjectInfo successfully initialized.
12/9/17 9:43:23 AM, Info: Verifying archive C:\Users\tamvh\Documents\crestron\project\crestron_program_valeo\wsclient_pro.clz...
12/9/17 9:43:24 AM, Info: Saving project information...
12/9/17 9:43:24 AM, Info: Initializing SIMPLSharp Services...
12/9/17 9:43:25 AM, Info: ProjectInfo successfully initialized.
12/9/17 9:43:25 AM, Info: Verifying archive C:\Users\tamvh\Documents\crestron\project\crestron_program_valeo\wsclient_pro.clz...
12/9/17 9:43:25 AM, Info: Saving project information...
12/9/17 9:43:26 AM, Info: Initializing SIMPLSharp Services...
12/9/17 9:43:26 AM, Info: ProjectInfo successfully initialized.
12/9/17 9:43:26 AM, Info: Verifying archive C:\Users\tamvh\Documents\crestron\project\crestron_program_valeo\wsclient_pro.clz...
12/9/17 9:43:26 AM, Info: Saving project information...
12/9/17 9:43:27 AM, Info: Initializing SIMPLSharp Services...
12/9/17 9:43:27 AM, Info: ProjectInfo successfully initialized.
12/9/17 9:43:27 AM, Info: Verifying archive C:\Users\tamvh\Documents\crestron\project\crestron_program_valeo\wsclient_pro.clz...
12/9/17 9:43:27 AM, Info: Saving project information...
12/9/17 9:43:28 AM, Info: Initializing SIMPLSharp Services...
12/9/17 9:43:28 AM, Info: ProjectInfo successfully initialized.
12/9/17 9:43:28 AM, Info: Verifying archive C:\Users\tamvh\Documents\crestron\project\crestron_program_valeo\wsclient_pro.clz...
12/9/17 9:43:28 AM, Info: Saving project information...
12/9/17 9:43:29 AM, Info: Initializing SIMPLSharp Services...
12/9/17 9:43:29 AM, Info: ProjectInfo successfully initialized.
12/9/17 9:43:29 AM, Info: Verifying archive C:\Users\tamvh\Documents\crestron\project\crestron_program_valeo\wsclient_pro.clz...
12/9/17 9:43:29 AM, Info: Saving project information...
12/9/17 9:43:30 AM, Info: Initializing SIMPLSharp Services...
12/9/17 9:43:30 AM, Info: ProjectInfo successfully initialized.
12/9/17 9:43:30 AM, Info: Verifying archive C:\Users\tamvh\Documents\crestron\project\crestron_program_valeo\wsclient_pro.clz...
12/9/17 9:43:31 AM, Info: Saving project information...
12/9/17 9:43:32 AM, Info: Initializing SIMPLSharp Services...
12/9/17 9:43:32 AM, Info: ProjectInfo successfully initialized.
12/9/17 9:43:32 AM, Info: Verifying archive C:\Users\tamvh\Documents\crestron\project\crestron_program_valeo\wsclient_pro.clz...
12/9/17 9:43:32 AM, Info: Saving project information...
12/9/17 9:43:37 AM, Info: Initializing SIMPLSharp Services...
12/9/17 9:43:37 AM, Info: ProjectInfo successfully initialized.
12/9/17 9:43:37 AM, Info: Verifying archive C:\Users\tamvh\Documents\crestron\project\crestron_program_valeo\wsclient_pro.clz...
12/9/17 9:43:38 AM, Info: Saving project information...
12/9/17 9:43:39 AM, Info: Initializing SIMPLSharp Services...
12/9/17 9:43:39 AM, Info: ProjectInfo successfully initialized.
12/9/17 9:43:39 AM, Info: Verifying archive C:\Users\tamvh\Documents\crestron\project\crestron_program_valeo\wsclient_pro.clz...
12/9/17 9:43:39 AM, Info: Saving project information...
12/9/17 9:43:41 AM, Info: Initializing SIMPLSharp Services...
12/9/17 9:43:41 AM, Info: ProjectInfo successfully initialized.
12/9/17 9:43:41 AM, Info: Verifying archive C:\Users\tamvh\Documents\crestron\project\crestron_program_valeo\wsclient_pro.clz...
12/9/17 9:43:41 AM, Info: Saving project information...
12/9/17 9:43:44 AM, Info: Initializing SIMPLSharp Services...
12/9/17 9:43:44 AM, Info: ProjectInfo successfully initialized.
12/9/17 9:43:44 AM, Info: Verifying archive C:\Users\tamvh\Documents\crestron\project\crestron_program_valeo\wsclient_pro.clz...
12/9/17 9:43:44 AM, Info: Saving project information...
12/9/17 9:43:45 AM, Info: Initializing SIMPLSharp Services...
12/9/17 9:43:45 AM, Info: ProjectInfo successfully initialized.
12/9/17 9:43:45 AM, Info: Verifying archive C:\Users\tamvh\Documents\crestron\project\crestron_program_valeo\wsclient_pro.clz...
12/9/17 9:43:46 AM, Info: Saving project information...
12/9/17 9:43:48 AM, Info: Initializing SIMPLSharp Services...
12/9/17 9:43:48 AM, Info: ProjectInfo successfully initialized.
12/9/17 9:43:48 AM, Info: Verifying archive C:\Users\tamvh\Documents\crestron\project\crestron_program_valeo\wsclient_pro.clz...
12/9/17 9:43:49 AM, Info: Saving project information...
12/9/17 9:43:49 AM, Info: Initializing SIMPLSharp Services...
12/9/17 9:43:49 AM, Info: ProjectInfo successfully initialized.
12/9/17 9:43:49 AM, Info: Verifying archive C:\Users\tamvh\Documents\crestron\project\crestron_program_valeo\wsclient_pro.clz...
12/9/17 9:43:50 AM, Info: Saving project information...
12/9/17 9:48:04 AM, Info: Initializing SIMPLSharp Services...
12/9/17 9:48:04 AM, Info: ProjectInfo successfully initialized.
12/9/17 9:48:04 AM, Info: Verifying archive C:\Users\tamvh\Documents\crestron\project\crestron_program_valeo\wsclient_pro.clz...
12/9/17 9:48:04 AM, Info: Saving project information...
12/9/17 9:51:33 AM, Info: Initializing SIMPLSharp Services...
12/9/17 9:51:33 AM, Info: ProjectInfo successfully initialized.
12/9/17 9:51:33 AM, Info: Verifying archive C:\Users\tamvh\Documents\crestron\project\crestron_program_valeo\wsclient_pro.clz...
12/9/17 9:51:33 AM, Info: Saving project information...
12/9/17 9:53:48 AM, Info: Initializing SIMPLSharp Services...
12/9/17 9:53:48 AM, Info: ProjectInfo successfully initialized.
12/9/17 9:53:48 AM, Info: Verifying archive C:\Users\tamvh\Documents\crestron\project\crestron_program_valeo\wsclient_pro.clz...
12/9/17 9:53:48 AM, Info: Saving project information...
12/9/17 9:53:50 AM, Info: Initializing SIMPLSharp Services...
12/9/17 9:53:50 AM, Info: ProjectInfo successfully initialized.
12/9/17 9:53:50 AM, Info: Verifying archive C:\Users\tamvh\Documents\crestron\project\crestron_program_valeo\wsclient_pro.clz...
12/9/17 9:53:50 AM, Info: Saving project information...
12/9/17 9:53:51 AM, Info: Initializing SIMPLSharp Services...
12/9/17 9:53:51 AM, Info: ProjectInfo successfully initialized.
12/9/17 9:53:51 AM, Info: Verifying archive C:\Users\tamvh\Documents\crestron\project\crestron_program_valeo\wsclient_pro.clz...
12/9/17 9:53:51 AM, Info: Saving project information...
12/9/17 9:53:52 AM, Info: Initializing SIMPLSharp Services...
12/9/17 9:53:52 AM, Info: ProjectInfo successfully initialized.
12/9/17 9:53:52 AM, Info: Verifying archive C:\Users\tamvh\Documents\crestron\project\crestron_program_valeo\wsclient_pro.clz...
12/9/17 9:53:52 AM, Info: Saving project information...
12/9/17 9:53:53 AM, Info: Initializing SIMPLSharp Services...
12/9/17 9:53:53 AM, Info: ProjectInfo successfully initialized.
12/9/17 9:53:53 AM, Info: Verifying archive C:\Users\tamvh\Documents\crestron\project\crestron_program_valeo\wsclient_pro.clz...
12/9/17 9:53:53 AM, Info: Saving project information...
12/9/17 9:53:54 AM, Info: Initializing SIMPLSharp Services...
12/9/17 9:53:54 AM, Info: ProjectInfo successfully initialized.
12/9/17 9:53:54 AM, Info: Verifying archive C:\Users\tamvh\Documents\crestron\project\crestron_program_valeo\wsclient_pro.clz...
12/9/17 9:53:54 AM, Info: Saving project information...
12/9/17 9:53:55 AM, Info: Initializing SIMPLSharp Services...
12/9/17 9:53:55 AM, Info: ProjectInfo successfully initialized.
12/9/17 9:53:56 AM, Info: Verifying archive C:\Users\tamvh\Documents\crestron\project\crestron_program_valeo\wsclient_pro.clz...
12/9/17 9:53:56 AM, Info: Saving project information...
12/9/17 9:53:57 AM, Info: Initializing SIMPLSharp Services...
12/9/17 9:53:57 AM, Info: ProjectInfo successfully initialized.
12/9/17 9:53:57 AM, Info: Verifying archive C:\Users\tamvh\Documents\crestron\project\crestron_program_valeo\wsclient_pro.clz...
12/9/17 9:53:57 AM, Info: Saving project information...
12/9/17 9:53:59 AM, Info: Initializing SIMPLSharp Services...
12/9/17 9:53:59 AM, Info: ProjectInfo successfully initialized.
12/9/17 9:53:59 AM, Info: Verifying archive C:\Users\tamvh\Documents\crestron\project\crestron_program_valeo\wsclient_pro.clz...
12/9/17 9:53:59 AM, Info: Saving project information...
12/9/17 9:54:01 AM, Info: Initializing SIMPLSharp Services...
12/9/17 9:54:01 AM, Info: ProjectInfo successfully initialized.
12/9/17 9:54:01 AM, Info: Verifying archive C:\Users\tamvh\Documents\crestron\project\crestron_program_valeo\wsclient_pro.clz...
12/9/17 9:54:01 AM, Info: Saving project information...
12/9/17 9:54:02 AM, Info: Initializing SIMPLSharp Services...
12/9/17 9:54:02 AM, Info: ProjectInfo successfully initialized.
12/9/17 9:54:03 AM, Info: Verifying archive C:\Users\tamvh\Documents\crestron\project\crestron_program_valeo\wsclient_pro.clz...
12/9/17 9:54:03 AM, Info: Saving project information...
12/9/17 9:54:10 AM, Info: Initializing SIMPLSharp Services...
12/9/17 9:54:10 AM, Info: ProjectInfo successfully initialized.
12/9/17 9:54:10 AM, Info: Verifying archive C:\Users\tamvh\Documents\crestron\project\crestron_program_valeo\wsclient_pro.clz...
12/9/17 9:54:10 AM, Info: Saving project information...
12/9/17 9:54:36 AM, Info: Initializing SIMPLSharp Services...
12/9/17 9:54:36 AM, Info: ProjectInfo successfully initialized.
12/9/17 9:54:36 AM, Info: Verifying archive C:\Users\tamvh\Documents\crestron\project\crestron_program_valeo\wsclient_pro.clz...
12/9/17 9:54:37 AM, Info: Saving project information...
12/9/17 9:54:41 AM, Info: Initializing SIMPLSharp Services...
12/9/17 9:54:41 AM, Info: ProjectInfo successfully initialized.
12/9/17 9:54:41 AM, Info: Verifying archive C:\Users\tamvh\Documents\crestron\project\crestron_program_valeo\wsclient_pro.clz...
12/9/17 9:54:41 AM, Info: Saving project information...
12/9/17 10:03:39 AM, Info: Terminating SIMPLSharp Services
12/9/17 10:03:39 AM, Info: Saving project information...
12/9/17 10:03:39 AM, Info: Terminating SIMPLSharp Services
12/9/17 10:03:39 AM, Info: Saving project information...
12/9/17 10:03:39 AM, Info: Terminating SIMPLSharp Services
12/9/17 10:03:39 AM, Info: Saving project information...
12/9/17 10:03:39 AM, Info: Terminating SIMPLSharp Services
12/9/17 10:03:39 AM, Info: Saving project information...
12/9/17 10:03:39 AM, Info: Terminating SIMPLSharp Services
12/9/17 10:03:39 AM, Info: Saving project information...
12/9/17 10:03:39 AM, Info: Terminating SIMPLSharp Services
12/9/17 10:03:39 AM, Info: Saving project information...
12/9/17 10:03:39 AM, Info: Terminating SIMPLSharp Services
12/9/17 10:03:39 AM, Info: Saving project information...
12/9/17 10:03:39 AM, Info: Terminating SIMPLSharp Services
12/9/17 10:03:39 AM, Info: Saving project information...
12/9/17 10:03:39 AM, Info: Terminating SIMPLSharp Services
12/9/17 10:03:39 AM, Info: Saving project information...
12/9/17 10:03:39 AM, Info: Terminating SIMPLSharp Services
12/9/17 10:03:39 AM, Info: Saving project information...
12/9/17 10:03:39 AM, Info: Terminating SIMPLSharp Services
12/9/17 10:03:39 AM, Info: Saving project information...
12/9/17 10:03:39 AM, Info: Terminating SIMPLSharp Services
12/9/17 10:03:39 AM, Info: Saving project information...
12/9/17 10:03:39 AM, Info: Terminating SIMPLSharp Services
12/9/17 10:03:39 AM, Info: Saving project information...
12/9/17 10:03:39 AM, Info: Terminating SIMPLSharp Services
12/9/17 10:03:39 AM, Info: Saving project information...
12/9/17 10:03:39 AM, Info: Terminating SIMPLSharp Services
12/9/17 10:03:39 AM, Info: Saving project information...
12/9/17 10:03:39 AM, Info: Terminating SIMPLSharp Services
12/9/17 10:03:39 AM, Info: Saving project information...
12/9/17 10:03:39 AM, Info: Terminating SIMPLSharp Services
12/9/17 10:03:39 AM, Info: Saving project information...
12/9/17 10:03:39 AM, Info: Terminating SIMPLSharp Services
12/9/17 10:03:39 AM, Info: Saving project information...
12/9/17 10:03:39 AM, Info: Terminating SIMPLSharp Services
12/9/17 10:03:39 AM, Info: Saving project information...
12/9/17 10:03:39 AM, Info: Terminating SIMPLSharp Services
12/9/17 10:03:39 AM, Info: Saving project information...
12/9/17 10:03:39 AM, Info: Terminating SIMPLSharp Services
12/9/17 10:03:39 AM, Info: Saving project information...
12/9/17 10:03:39 AM, Info: Terminating SIMPLSharp Services
12/9/17 10:03:39 AM, Info: Saving project information...
12/9/17 10:03:39 AM, Info: Terminating SIMPLSharp Services
12/9/17 10:03:39 AM, Info: Saving project information...
12/9/17 10:03:39 AM, Info: Terminating SIMPLSharp Services
12/9/17 10:03:39 AM, Info: Saving project information...
12/9/17 10:03:39 AM, Info: Terminating SIMPLSharp Services
12/9/17 10:03:39 AM, Info: Saving project information...
12/9/17 10:03:39 AM, Info: Terminating SIMPLSharp Services
12/9/17 10:03:39 AM, Info: Saving project information...
12/9/17 10:03:39 AM, Info: Terminating SIMPLSharp Services
12/9/17 10:03:39 AM, Info: Saving project information...
12/9/17 10:03:39 AM, Info: Terminating SIMPLSharp Services
12/9/17 10:03:39 AM, Info: Saving project information...
12/9/17 10:03:39 AM, Info: Terminating SIMPLSharp Services
12/9/17 10:03:39 AM, Info: Saving project information...
12/9/17 10:03:39 AM, Info: Terminating SIMPLSharp Services
12/9/17 10:03:39 AM, Info: Saving project information...
12/9/17 10:03:39 AM, Info: Terminating SIMPLSharp Services
12/9/17 10:03:39 AM, Info: Saving project information...
12/9/17 10:03:39 AM, Info: Terminating SIMPLSharp Services
12/9/17 10:03:39 AM, Info: Saving project information...
12/9/17 10:03:39 AM, Info: Terminating SIMPLSharp Services
12/9/17 10:03:39 AM, Info: Saving project information...
12/9/17 10:03:39 AM, Info: Terminating SIMPLSharp Services
12/9/17 10:03:39 AM, Info: Saving project information...
12/9/17 10:03:39 AM, Info: Terminating SIMPLSharp Services
