8/26/2017 10:25:47 AM, Info: Initializing SIMPLSharp Services...
8/26/2017 10:25:47 AM, Info: ProjectInfo successfully initialized.
8/26/2017 11:25:46 AM, Info: Validating assembly c:\Users\tamvh\Documents\my_document\project\crestron _program\wsclient_pro\wsclient_pro\bin\Debug\wsclient_pro.dll...
8/26/2017 11:25:54 AM, Info: Validating assembly c:\Users\tamvh\Documents\my_document\project\crestron _program\wsclient_pro\wsclient_pro\bin\Debug\wsclient_pro.dll...
8/26/2017 11:26:36 AM, Info: Validating assembly c:\Users\tamvh\Documents\my_document\project\crestron _program\wsclient_pro\wsclient_pro\bin\Debug\wsclient_pro.dll...
8/26/2017 11:26:36 AM, Info: Verifying assembly c:\Users\tamvh\Documents\my_document\project\crestron _program\wsclient_pro\wsclient_pro\bin\Debug\wsclient_pro.dll
8/26/2017 11:26:36 AM, Info: Creating Archive c:\Users\tamvh\Documents\my_document\project\crestron _program\wsclient_pro\wsclient_pro\bin\Debug\wsclient_pro.cplz...
8/26/2017 11:26:37 AM, Info: Saving project information...
8/26/2017 11:30:40 AM, Info: Validating assembly c:\Users\tamvh\Documents\my_document\project\crestron _program\wsclient_pro\wsclient_pro\bin\Debug\wsclient_pro.dll...
8/26/2017 11:30:41 AM, Info: Verifying assembly c:\Users\tamvh\Documents\my_document\project\crestron _program\wsclient_pro\wsclient_pro\bin\Debug\wsclient_pro.dll
8/26/2017 11:30:41 AM, Info: Creating Archive c:\Users\tamvh\Documents\my_document\project\crestron _program\wsclient_pro\wsclient_pro\bin\Debug\wsclient_pro.cplz...
8/26/2017 11:30:41 AM, Info: Saving project information...
8/26/2017 11:45:43 AM, Info: Saving project information...
8/26/2017 11:45:43 AM, Info: Saving project information...
8/26/2017 11:45:43 AM, Info: Saving project information...
8/26/2017 11:50:43 AM, Info: Saving project information...
8/26/2017 11:50:43 AM, Info: Saving project information...
8/26/2017 11:50:43 AM, Info: Saving project information...
8/26/2017 11:55:43 AM, Info: Saving project information...
8/26/2017 11:55:43 AM, Info: Saving project information...
8/26/2017 11:55:43 AM, Info: Saving project information...
8/26/2017 11:57:53 AM, Info: Saving project information...
8/26/2017 11:57:53 AM, Info: Saving project information...
8/26/2017 11:57:53 AM, Info: Saving project information...
8/26/2017 11:57:53 AM, Info: Saving project information...
8/26/2017 11:57:53 AM, Info: Saving project information...
8/26/2017 11:57:53 AM, Info: Saving project information...
8/26/2017 11:58:45 AM, Info: Validating assembly c:\Users\tamvh\Documents\my_document\project\crestron _program\wsclient_pro\wsclient_pro\bin\Debug\wsclient_pro.dll...
8/26/2017 11:58:45 AM, Info: Verifying assembly c:\Users\tamvh\Documents\my_document\project\crestron _program\wsclient_pro\wsclient_pro\bin\Debug\wsclient_pro.dll
8/26/2017 11:58:45 AM, Info: Creating Archive c:\Users\tamvh\Documents\my_document\project\crestron _program\wsclient_pro\wsclient_pro\bin\Debug\wsclient_pro.cplz...
8/26/2017 11:58:45 AM, Info: Saving project information...
8/26/2017 11:59:38 AM, Info: Validating assembly c:\Users\tamvh\Documents\my_document\project\crestron _program\wsclient_pro\wsclient_pro\bin\Debug\wsclient_pro.dll...
8/26/2017 11:59:38 AM, Info: Verifying assembly c:\Users\tamvh\Documents\my_document\project\crestron _program\wsclient_pro\wsclient_pro\bin\Debug\wsclient_pro.dll
8/26/2017 11:59:38 AM, Info: Creating Archive c:\Users\tamvh\Documents\my_document\project\crestron _program\wsclient_pro\wsclient_pro\bin\Debug\wsclient_pro.cplz...
8/26/2017 11:59:39 AM, Info: Saving project information...
8/26/2017 11:59:46 AM, Info: Validating assembly c:\Users\tamvh\Documents\my_document\project\crestron _program\wsclient_pro\wsclient_pro\bin\Debug\wsclient_pro.dll...
8/26/2017 11:59:46 AM, Info: Verifying assembly c:\Users\tamvh\Documents\my_document\project\crestron _program\wsclient_pro\wsclient_pro\bin\Debug\wsclient_pro.dll
8/26/2017 11:59:46 AM, Info: Creating Archive c:\Users\tamvh\Documents\my_document\project\crestron _program\wsclient_pro\wsclient_pro\bin\Debug\wsclient_pro.cplz...
8/26/2017 11:59:47 AM, Info: Saving project information...
8/26/2017 1:55:17 PM, Info: Validating assembly c:\Users\tamvh\Documents\my_document\project\crestron _program\wsclient_pro\wsclient_pro\bin\Debug\wsclient_pro.dll...
8/26/2017 1:55:17 PM, Info: Verifying assembly c:\Users\tamvh\Documents\my_document\project\crestron _program\wsclient_pro\wsclient_pro\bin\Debug\wsclient_pro.dll
8/26/2017 1:55:17 PM, Info: Creating Archive c:\Users\tamvh\Documents\my_document\project\crestron _program\wsclient_pro\wsclient_pro\bin\Debug\wsclient_pro.cplz...
8/26/2017 1:55:18 PM, Info: Saving project information...
8/26/2017 2:07:49 PM, Info: Validating assembly c:\Users\tamvh\Documents\my_document\project\crestron _program\wsclient_pro\wsclient_pro\bin\Debug\wsclient_pro.dll...
8/26/2017 2:07:49 PM, Info: Verifying assembly c:\Users\tamvh\Documents\my_document\project\crestron _program\wsclient_pro\wsclient_pro\bin\Debug\wsclient_pro.dll
8/26/2017 2:07:49 PM, Info: Creating Archive c:\Users\tamvh\Documents\my_document\project\crestron _program\wsclient_pro\wsclient_pro\bin\Debug\wsclient_pro.cplz...
8/26/2017 2:07:50 PM, Info: Saving project information...
8/26/2017 2:07:57 PM, Info: Validating assembly c:\Users\tamvh\Documents\my_document\project\crestron _program\wsclient_pro\wsclient_pro\bin\Debug\wsclient_pro.dll...
8/26/2017 2:07:57 PM, Info: Verifying assembly c:\Users\tamvh\Documents\my_document\project\crestron _program\wsclient_pro\wsclient_pro\bin\Debug\wsclient_pro.dll
8/26/2017 2:07:57 PM, Info: Creating Archive c:\Users\tamvh\Documents\my_document\project\crestron _program\wsclient_pro\wsclient_pro\bin\Debug\wsclient_pro.cplz...
8/26/2017 2:07:58 PM, Info: Saving project information...
8/26/2017 2:22:31 PM, Info: Validating assembly c:\Users\tamvh\Documents\my_document\project\crestron _program\wsclient_pro\wsclient_pro\bin\Debug\wsclient_pro.dll...
8/26/2017 2:22:31 PM, Info: Verifying assembly c:\Users\tamvh\Documents\my_document\project\crestron _program\wsclient_pro\wsclient_pro\bin\Debug\wsclient_pro.dll
8/26/2017 2:22:31 PM, Info: Creating Archive c:\Users\tamvh\Documents\my_document\project\crestron _program\wsclient_pro\wsclient_pro\bin\Debug\wsclient_pro.cplz...
8/26/2017 2:22:31 PM, Info: Saving project information...
8/26/2017 3:39:51 PM, Info: Validating assembly c:\Users\tamvh\Documents\my_document\project\crestron _program\wsclient_pro\wsclient_pro\bin\Debug\wsclient_pro.dll...
8/26/2017 3:39:52 PM, Info: Verifying assembly c:\Users\tamvh\Documents\my_document\project\crestron _program\wsclient_pro\wsclient_pro\bin\Debug\wsclient_pro.dll
8/26/2017 3:39:52 PM, Info: Creating Archive c:\Users\tamvh\Documents\my_document\project\crestron _program\wsclient_pro\wsclient_pro\bin\Debug\wsclient_pro.cplz...
8/26/2017 3:39:52 PM, Info: Saving project information...
8/26/2017 3:46:15 PM, Info: Validating assembly c:\Users\tamvh\Documents\my_document\project\crestron _program\wsclient_pro\wsclient_pro\bin\Debug\wsclient_pro.dll...
8/26/2017 3:46:15 PM, Info: Verifying assembly c:\Users\tamvh\Documents\my_document\project\crestron _program\wsclient_pro\wsclient_pro\bin\Debug\wsclient_pro.dll
8/26/2017 3:46:15 PM, Info: Creating Archive c:\Users\tamvh\Documents\my_document\project\crestron _program\wsclient_pro\wsclient_pro\bin\Debug\wsclient_pro.cplz...
8/26/2017 3:46:16 PM, Info: Saving project information...
8/26/2017 4:03:14 PM, Info: Validating assembly c:\Users\tamvh\Documents\my_document\project\crestron _program\wsclient_pro\wsclient_pro\bin\Debug\wsclient_pro.dll...
8/26/2017 4:03:14 PM, Info: Verifying assembly c:\Users\tamvh\Documents\my_document\project\crestron _program\wsclient_pro\wsclient_pro\bin\Debug\wsclient_pro.dll
8/26/2017 4:03:14 PM, Info: Creating Archive c:\Users\tamvh\Documents\my_document\project\crestron _program\wsclient_pro\wsclient_pro\bin\Debug\wsclient_pro.cplz...
8/26/2017 4:03:14 PM, Info: Saving project information...
8/26/2017 4:11:03 PM, Info: Validating assembly c:\Users\tamvh\Documents\my_document\project\crestron _program\wsclient_pro\wsclient_pro\bin\Debug\wsclient_pro.dll...
8/26/2017 4:11:03 PM, Info: Verifying assembly c:\Users\tamvh\Documents\my_document\project\crestron _program\wsclient_pro\wsclient_pro\bin\Debug\wsclient_pro.dll
8/26/2017 4:11:03 PM, Info: Creating Archive c:\Users\tamvh\Documents\my_document\project\crestron _program\wsclient_pro\wsclient_pro\bin\Debug\wsclient_pro.cplz...
8/26/2017 4:11:04 PM, Info: Saving project information...
8/26/2017 4:15:52 PM, Info: Validating assembly c:\Users\tamvh\Documents\my_document\project\crestron _program\wsclient_pro\wsclient_pro\bin\Debug\wsclient_pro.dll...
8/26/2017 4:15:52 PM, Info: Verifying assembly c:\Users\tamvh\Documents\my_document\project\crestron _program\wsclient_pro\wsclient_pro\bin\Debug\wsclient_pro.dll
8/26/2017 4:15:53 PM, Info: Creating Archive c:\Users\tamvh\Documents\my_document\project\crestron _program\wsclient_pro\wsclient_pro\bin\Debug\wsclient_pro.cplz...
8/26/2017 4:15:53 PM, Info: Saving project information...
8/26/2017 4:19:14 PM, Info: Validating assembly c:\Users\tamvh\Documents\my_document\project\crestron _program\wsclient_pro\wsclient_pro\bin\Debug\wsclient_pro.dll...
8/26/2017 4:19:14 PM, Info: Verifying assembly c:\Users\tamvh\Documents\my_document\project\crestron _program\wsclient_pro\wsclient_pro\bin\Debug\wsclient_pro.dll
8/26/2017 4:19:14 PM, Info: Creating Archive c:\Users\tamvh\Documents\my_document\project\crestron _program\wsclient_pro\wsclient_pro\bin\Debug\wsclient_pro.cplz...
8/26/2017 4:19:15 PM, Info: Saving project information...
8/26/2017 4:19:20 PM, Info: Validating assembly c:\Users\tamvh\Documents\my_document\project\crestron _program\wsclient_pro\wsclient_pro\bin\Debug\wsclient_pro.dll...
8/26/2017 4:19:20 PM, Info: Verifying assembly c:\Users\tamvh\Documents\my_document\project\crestron _program\wsclient_pro\wsclient_pro\bin\Debug\wsclient_pro.dll
8/26/2017 4:19:20 PM, Info: Creating Archive c:\Users\tamvh\Documents\my_document\project\crestron _program\wsclient_pro\wsclient_pro\bin\Debug\wsclient_pro.cplz...
8/26/2017 4:19:21 PM, Info: Saving project information...
8/26/2017 4:24:52 PM, Info: Validating assembly c:\Users\tamvh\Documents\my_document\project\crestron _program\wsclient_pro\wsclient_pro\bin\Debug\wsclient_pro.dll...
8/26/2017 4:24:52 PM, Info: Verifying assembly c:\Users\tamvh\Documents\my_document\project\crestron _program\wsclient_pro\wsclient_pro\bin\Debug\wsclient_pro.dll
8/26/2017 4:24:52 PM, Info: Creating Archive c:\Users\tamvh\Documents\my_document\project\crestron _program\wsclient_pro\wsclient_pro\bin\Debug\wsclient_pro.cplz...
8/26/2017 4:24:53 PM, Info: Saving project information...
8/26/2017 5:03:38 PM, Info: Validating assembly c:\Users\tamvh\Documents\my_document\project\crestron _program\wsclient_pro\wsclient_pro\bin\Debug\wsclient_pro.dll...
8/26/2017 5:03:38 PM, Info: Verifying assembly c:\Users\tamvh\Documents\my_document\project\crestron _program\wsclient_pro\wsclient_pro\bin\Debug\wsclient_pro.dll
8/26/2017 5:03:39 PM, Info: Creating Archive c:\Users\tamvh\Documents\my_document\project\crestron _program\wsclient_pro\wsclient_pro\bin\Debug\wsclient_pro.cplz...
8/26/2017 5:03:39 PM, Info: Saving project information...
8/26/2017 5:05:22 PM, Info: Validating assembly c:\Users\tamvh\Documents\my_document\project\crestron _program\wsclient_pro\wsclient_pro\bin\Debug\wsclient_pro.dll...
8/26/2017 5:05:22 PM, Info: Verifying assembly c:\Users\tamvh\Documents\my_document\project\crestron _program\wsclient_pro\wsclient_pro\bin\Debug\wsclient_pro.dll
8/26/2017 5:05:22 PM, Info: Creating Archive c:\Users\tamvh\Documents\my_document\project\crestron _program\wsclient_pro\wsclient_pro\bin\Debug\wsclient_pro.cplz...
8/26/2017 5:05:23 PM, Info: Saving project information...
8/26/2017 5:17:07 PM, Info: Terminating SIMPLSharp Services
