8/12/2017 12:20:52 PM, Info: Initializing SIMPLSharp Services...
8/12/2017 12:20:52 PM, Info: ProjectInfo successfully initialized.
8/12/2017 12:25:48 PM, Info: Saving project information...
8/12/2017 12:25:48 PM, Info: Saving project information...
8/12/2017 12:25:48 PM, Info: Saving project information...
8/12/2017 12:30:48 PM, Info: Saving project information...
8/12/2017 12:30:48 PM, Info: Saving project information...
8/12/2017 12:30:48 PM, Info: Saving project information...
8/12/2017 12:35:48 PM, Info: Saving project information...
8/12/2017 12:35:48 PM, Info: Saving project information...
8/12/2017 12:35:48 PM, Info: Saving project information...
8/12/2017 12:40:48 PM, Info: Saving project information...
8/12/2017 12:40:48 PM, Info: Saving project information...
8/12/2017 12:40:48 PM, Info: Saving project information...
8/12/2017 12:45:48 PM, Info: Saving project information...
8/12/2017 12:45:48 PM, Info: Saving project information...
8/12/2017 12:45:48 PM, Info: Saving project information...
8/12/2017 12:50:48 PM, Info: Saving project information...
8/12/2017 12:50:48 PM, Info: Saving project information...
8/12/2017 12:50:48 PM, Info: Saving project information...
8/12/2017 12:55:48 PM, Info: Saving project information...
8/12/2017 12:55:48 PM, Info: Saving project information...
8/12/2017 12:55:48 PM, Info: Saving project information...
8/12/2017 1:00:48 PM, Info: Saving project information...
8/12/2017 1:00:48 PM, Info: Saving project information...
8/12/2017 1:00:48 PM, Info: Saving project information...
8/12/2017 1:05:48 PM, Info: Saving project information...
8/12/2017 1:05:48 PM, Info: Saving project information...
8/12/2017 1:05:48 PM, Info: Saving project information...
8/12/2017 1:10:48 PM, Info: Saving project information...
8/12/2017 1:10:48 PM, Info: Saving project information...
8/12/2017 1:10:48 PM, Info: Saving project information...
8/12/2017 1:15:48 PM, Info: Saving project information...
8/12/2017 1:15:48 PM, Info: Saving project information...
8/12/2017 1:15:48 PM, Info: Saving project information...
8/12/2017 1:20:48 PM, Info: Saving project information...
8/12/2017 1:20:48 PM, Info: Saving project information...
8/12/2017 1:20:48 PM, Info: Saving project information...
8/12/2017 1:25:48 PM, Info: Saving project information...
8/12/2017 1:25:48 PM, Info: Saving project information...
8/12/2017 1:25:48 PM, Info: Saving project information...
8/12/2017 1:30:48 PM, Info: Saving project information...
8/12/2017 1:30:48 PM, Info: Saving project information...
8/12/2017 1:30:48 PM, Info: Saving project information...
8/12/2017 1:35:40 PM, Info: Saving project information...
8/12/2017 1:35:40 PM, Info: Saving project information...
8/12/2017 1:35:40 PM, Info: Saving project information...
8/12/2017 1:35:40 PM, Info: Saving project information...
8/12/2017 1:35:40 PM, Info: Saving project information...
8/12/2017 1:35:40 PM, Info: Saving project information...
8/12/2017 1:35:42 PM, Info: Validating assembly C:\Users\tamvh\Documents\my_document\project\crestron _program\wsclient_pro\wsclient_pro\bin\Debug\wsclient_pro.dll...
8/12/2017 1:35:42 PM, Info: Verifying assembly C:\Users\tamvh\Documents\my_document\project\crestron _program\wsclient_pro\wsclient_pro\bin\Debug\wsclient_pro.dll
8/12/2017 1:35:43 PM, Info: Creating Archive C:\Users\tamvh\Documents\my_document\project\crestron _program\wsclient_pro\wsclient_pro\bin\Debug\wsclient_pro.cplz...
8/12/2017 1:35:43 PM, Info: Saving project information...
8/12/2017 1:48:29 PM, Info: Validating assembly C:\Users\tamvh\Documents\my_document\project\crestron _program\wsclient_pro\wsclient_pro\bin\Debug\wsclient_pro.dll...
8/12/2017 1:48:29 PM, Info: Verifying assembly C:\Users\tamvh\Documents\my_document\project\crestron _program\wsclient_pro\wsclient_pro\bin\Debug\wsclient_pro.dll
8/12/2017 1:48:29 PM, Info: Creating Archive C:\Users\tamvh\Documents\my_document\project\crestron _program\wsclient_pro\wsclient_pro\bin\Debug\wsclient_pro.cplz...
8/12/2017 1:48:29 PM, Info: Saving project information...
8/12/2017 1:48:37 PM, Info: Validating assembly C:\Users\tamvh\Documents\my_document\project\crestron _program\wsclient_pro\wsclient_pro\bin\Debug\wsclient_pro.dll...
8/12/2017 1:48:37 PM, Info: Verifying assembly C:\Users\tamvh\Documents\my_document\project\crestron _program\wsclient_pro\wsclient_pro\bin\Debug\wsclient_pro.dll
8/12/2017 1:48:37 PM, Info: Creating Archive C:\Users\tamvh\Documents\my_document\project\crestron _program\wsclient_pro\wsclient_pro\bin\Debug\wsclient_pro.cplz...
8/12/2017 1:48:38 PM, Info: Saving project information...
8/12/2017 2:01:19 PM, Info: Validating assembly C:\Users\tamvh\Documents\my_document\project\crestron _program\wsclient_pro\wsclient_pro\bin\Debug\wsclient_pro.dll...
8/12/2017 2:01:19 PM, Info: Verifying assembly C:\Users\tamvh\Documents\my_document\project\crestron _program\wsclient_pro\wsclient_pro\bin\Debug\wsclient_pro.dll
8/12/2017 2:01:19 PM, Info: Creating Archive C:\Users\tamvh\Documents\my_document\project\crestron _program\wsclient_pro\wsclient_pro\bin\Debug\wsclient_pro.cplz...
8/12/2017 2:01:19 PM, Info: Saving project information...
8/12/2017 2:14:02 PM, Info: Validating assembly C:\Users\tamvh\Documents\my_document\project\crestron _program\wsclient_pro\wsclient_pro\bin\Debug\wsclient_pro.dll...
8/12/2017 2:14:02 PM, Info: Verifying assembly C:\Users\tamvh\Documents\my_document\project\crestron _program\wsclient_pro\wsclient_pro\bin\Debug\wsclient_pro.dll
8/12/2017 2:14:02 PM, Info: Creating Archive C:\Users\tamvh\Documents\my_document\project\crestron _program\wsclient_pro\wsclient_pro\bin\Debug\wsclient_pro.cplz...
8/12/2017 2:14:03 PM, Info: Saving project information...
8/12/2017 2:21:55 PM, Info: Validating assembly C:\Users\tamvh\Documents\my_document\project\crestron _program\wsclient_pro\wsclient_pro\bin\Debug\wsclient_pro.dll...
8/12/2017 2:21:55 PM, Info: Verifying assembly C:\Users\tamvh\Documents\my_document\project\crestron _program\wsclient_pro\wsclient_pro\bin\Debug\wsclient_pro.dll
8/12/2017 2:21:55 PM, Info: Creating Archive C:\Users\tamvh\Documents\my_document\project\crestron _program\wsclient_pro\wsclient_pro\bin\Debug\wsclient_pro.cplz...
8/12/2017 2:21:56 PM, Info: Saving project information...
8/12/2017 2:22:06 PM, Info: Validating assembly C:\Users\tamvh\Documents\my_document\project\crestron _program\wsclient_pro\wsclient_pro\bin\Debug\wsclient_pro.dll...
8/12/2017 2:22:06 PM, Info: Verifying assembly C:\Users\tamvh\Documents\my_document\project\crestron _program\wsclient_pro\wsclient_pro\bin\Debug\wsclient_pro.dll
8/12/2017 2:22:06 PM, Info: Creating Archive C:\Users\tamvh\Documents\my_document\project\crestron _program\wsclient_pro\wsclient_pro\bin\Debug\wsclient_pro.cplz...
8/12/2017 2:22:06 PM, Info: Saving project information...
8/12/2017 2:55:48 PM, Info: Saving project information...
8/12/2017 2:55:48 PM, Info: Saving project information...
8/12/2017 2:55:48 PM, Info: Saving project information...
8/12/2017 3:00:48 PM, Info: Saving project information...
8/12/2017 3:00:48 PM, Info: Saving project information...
8/12/2017 3:00:48 PM, Info: Saving project information...
8/12/2017 3:05:48 PM, Info: Saving project information...
8/12/2017 3:05:48 PM, Info: Saving project information...
8/12/2017 3:05:48 PM, Info: Saving project information...
8/12/2017 3:10:48 PM, Info: Saving project information...
8/12/2017 3:10:48 PM, Info: Saving project information...
8/12/2017 3:10:48 PM, Info: Saving project information...
8/12/2017 3:15:48 PM, Info: Saving project information...
8/12/2017 3:15:48 PM, Info: Saving project information...
8/12/2017 3:15:48 PM, Info: Saving project information...
8/12/2017 3:20:48 PM, Info: Saving project information...
8/12/2017 3:20:48 PM, Info: Saving project information...
8/12/2017 3:20:48 PM, Info: Saving project information...
8/12/2017 3:21:55 PM, Info: Saving project information...
8/12/2017 3:21:55 PM, Info: Saving project information...
8/12/2017 3:21:55 PM, Info: Saving project information...
8/12/2017 3:21:55 PM, Info: Saving project information...
8/12/2017 3:21:55 PM, Info: Saving project information...
8/12/2017 3:21:55 PM, Info: Saving project information...
8/12/2017 3:21:55 PM, Info: Validating assembly C:\Users\tamvh\Documents\my_document\project\crestron _program\wsclient_pro\wsclient_pro\bin\Debug\wsclient_pro.dll...
8/12/2017 3:21:56 PM, Info: Verifying assembly C:\Users\tamvh\Documents\my_document\project\crestron _program\wsclient_pro\wsclient_pro\bin\Debug\wsclient_pro.dll
8/12/2017 3:21:56 PM, Info: Creating Archive C:\Users\tamvh\Documents\my_document\project\crestron _program\wsclient_pro\wsclient_pro\bin\Debug\wsclient_pro.cplz...
8/12/2017 3:21:56 PM, Info: Saving project information...
8/12/2017 3:22:22 PM, Info: Validating assembly C:\Users\tamvh\Documents\my_document\project\crestron _program\wsclient_pro\wsclient_pro\bin\Debug\wsclient_pro.dll...
8/12/2017 3:22:22 PM, Info: Verifying assembly C:\Users\tamvh\Documents\my_document\project\crestron _program\wsclient_pro\wsclient_pro\bin\Debug\wsclient_pro.dll
8/12/2017 3:22:22 PM, Info: Creating Archive C:\Users\tamvh\Documents\my_document\project\crestron _program\wsclient_pro\wsclient_pro\bin\Debug\wsclient_pro.cplz...
8/12/2017 3:22:22 PM, Info: Saving project information...
8/12/2017 3:23:10 PM, Info: Validating assembly C:\Users\tamvh\Documents\my_document\project\crestron _program\wsclient_pro\wsclient_pro\bin\Debug\wsclient_pro.dll...
8/12/2017 3:23:11 PM, Info: Verifying assembly C:\Users\tamvh\Documents\my_document\project\crestron _program\wsclient_pro\wsclient_pro\bin\Debug\wsclient_pro.dll
8/12/2017 3:23:11 PM, Info: Creating Archive C:\Users\tamvh\Documents\my_document\project\crestron _program\wsclient_pro\wsclient_pro\bin\Debug\wsclient_pro.cplz...
8/12/2017 3:23:11 PM, Info: Saving project information...
8/12/2017 3:23:57 PM, Info: Validating assembly C:\Users\tamvh\Documents\my_document\project\crestron _program\wsclient_pro\wsclient_pro\bin\Debug\wsclient_pro.dll...
8/12/2017 3:23:58 PM, Info: Verifying assembly C:\Users\tamvh\Documents\my_document\project\crestron _program\wsclient_pro\wsclient_pro\bin\Debug\wsclient_pro.dll
8/12/2017 3:23:58 PM, Info: Creating Archive C:\Users\tamvh\Documents\my_document\project\crestron _program\wsclient_pro\wsclient_pro\bin\Debug\wsclient_pro.cplz...
8/12/2017 3:23:58 PM, Info: Saving project information...
8/12/2017 3:45:48 PM, Info: Saving project information...
8/12/2017 3:45:48 PM, Info: Saving project information...
8/12/2017 3:45:48 PM, Info: Saving project information...
8/12/2017 3:50:48 PM, Info: Saving project information...
8/12/2017 3:50:48 PM, Info: Saving project information...
8/12/2017 3:50:48 PM, Info: Saving project information...
8/12/2017 3:55:48 PM, Info: Saving project information...
8/12/2017 3:55:48 PM, Info: Saving project information...
8/12/2017 3:55:48 PM, Info: Saving project information...
8/12/2017 4:00:48 PM, Info: Saving project information...
8/12/2017 4:00:48 PM, Info: Saving project information...
8/12/2017 4:00:48 PM, Info: Saving project information...
8/12/2017 4:03:01 PM, Info: Saving project information...
8/12/2017 4:03:01 PM, Info: Saving project information...
8/12/2017 4:03:01 PM, Info: Saving project information...
8/12/2017 4:03:01 PM, Info: Saving project information...
8/12/2017 4:03:01 PM, Info: Saving project information...
8/12/2017 4:03:01 PM, Info: Saving project information...
8/12/2017 4:03:02 PM, Info: Validating assembly C:\Users\tamvh\Documents\my_document\project\crestron _program\wsclient_pro\wsclient_pro\bin\Debug\wsclient_pro.dll...
8/12/2017 4:03:02 PM, Info: Verifying assembly C:\Users\tamvh\Documents\my_document\project\crestron _program\wsclient_pro\wsclient_pro\bin\Debug\wsclient_pro.dll
8/12/2017 4:03:02 PM, Info: Creating Archive C:\Users\tamvh\Documents\my_document\project\crestron _program\wsclient_pro\wsclient_pro\bin\Debug\wsclient_pro.cplz...
8/12/2017 4:03:03 PM, Info: Saving project information...
8/12/2017 4:03:09 PM, Info: Validating assembly C:\Users\tamvh\Documents\my_document\project\crestron _program\wsclient_pro\wsclient_pro\bin\Debug\wsclient_pro.dll...
8/12/2017 4:03:09 PM, Info: Verifying assembly C:\Users\tamvh\Documents\my_document\project\crestron _program\wsclient_pro\wsclient_pro\bin\Debug\wsclient_pro.dll
8/12/2017 4:03:09 PM, Info: Creating Archive C:\Users\tamvh\Documents\my_document\project\crestron _program\wsclient_pro\wsclient_pro\bin\Debug\wsclient_pro.cplz...
8/12/2017 4:03:09 PM, Info: Saving project information...
8/12/2017 4:15:48 PM, Info: Saving project information...
8/12/2017 4:15:48 PM, Info: Saving project information...
8/12/2017 4:15:48 PM, Info: Saving project information...
8/12/2017 4:18:23 PM, Info: Saving project information...
8/12/2017 4:18:23 PM, Info: Saving project information...
8/12/2017 4:18:23 PM, Info: Saving project information...
8/12/2017 4:18:23 PM, Info: Saving project information...
8/12/2017 4:18:23 PM, Info: Saving project information...
8/12/2017 4:18:23 PM, Info: Saving project information...
8/12/2017 4:18:24 PM, Info: Validating assembly C:\Users\tamvh\Documents\my_document\project\crestron _program\wsclient_pro\wsclient_pro\bin\Debug\wsclient_pro.dll...
8/12/2017 4:18:24 PM, Info: Verifying assembly C:\Users\tamvh\Documents\my_document\project\crestron _program\wsclient_pro\wsclient_pro\bin\Debug\wsclient_pro.dll
8/12/2017 4:18:25 PM, Info: Creating Archive C:\Users\tamvh\Documents\my_document\project\crestron _program\wsclient_pro\wsclient_pro\bin\Debug\wsclient_pro.cplz...
8/12/2017 4:18:25 PM, Info: Saving project information...
8/12/2017 4:21:14 PM, Info: Saving project information...
8/12/2017 4:21:14 PM, Info: Saving project information...
8/12/2017 4:21:14 PM, Info: Saving project information...
8/12/2017 4:21:14 PM, Info: Saving project information...
8/12/2017 4:21:14 PM, Info: Saving project information...
8/12/2017 4:21:14 PM, Info: Saving project information...
8/12/2017 4:21:14 PM, Info: Validating assembly C:\Users\tamvh\Documents\my_document\project\crestron _program\wsclient_pro\wsclient_pro\bin\Debug\wsclient_pro.dll...
8/12/2017 4:21:15 PM, Info: Verifying assembly C:\Users\tamvh\Documents\my_document\project\crestron _program\wsclient_pro\wsclient_pro\bin\Debug\wsclient_pro.dll
8/12/2017 4:21:15 PM, Info: Creating Archive C:\Users\tamvh\Documents\my_document\project\crestron _program\wsclient_pro\wsclient_pro\bin\Debug\wsclient_pro.cplz...
8/12/2017 4:21:15 PM, Info: Saving project information...
8/12/2017 4:22:18 PM, Info: Saving project information...
8/12/2017 4:22:18 PM, Info: Saving project information...
8/12/2017 4:22:18 PM, Info: Saving project information...
8/12/2017 4:22:18 PM, Info: Saving project information...
8/12/2017 4:22:18 PM, Info: Saving project information...
8/12/2017 4:22:18 PM, Info: Saving project information...
8/12/2017 4:22:19 PM, Info: Validating assembly C:\Users\tamvh\Documents\my_document\project\crestron _program\wsclient_pro\wsclient_pro\bin\Debug\wsclient_pro.dll...
8/12/2017 4:22:19 PM, Info: Verifying assembly C:\Users\tamvh\Documents\my_document\project\crestron _program\wsclient_pro\wsclient_pro\bin\Debug\wsclient_pro.dll
8/12/2017 4:22:19 PM, Info: Creating Archive C:\Users\tamvh\Documents\my_document\project\crestron _program\wsclient_pro\wsclient_pro\bin\Debug\wsclient_pro.cplz...
8/12/2017 4:22:20 PM, Info: Saving project information...
8/12/2017 4:31:33 PM, Info: Validating assembly C:\Users\tamvh\Documents\my_document\project\crestron _program\wsclient_pro\wsclient_pro\bin\Debug\wsclient_pro.dll...
8/12/2017 4:31:33 PM, Info: Verifying assembly C:\Users\tamvh\Documents\my_document\project\crestron _program\wsclient_pro\wsclient_pro\bin\Debug\wsclient_pro.dll
8/12/2017 4:31:33 PM, Info: Creating Archive C:\Users\tamvh\Documents\my_document\project\crestron _program\wsclient_pro\wsclient_pro\bin\Debug\wsclient_pro.cplz...
8/12/2017 4:31:34 PM, Info: Saving project information...
8/12/2017 4:45:48 PM, Info: Saving project information...
8/12/2017 4:45:48 PM, Info: Saving project information...
8/12/2017 4:45:48 PM, Info: Saving project information...
8/12/2017 4:50:48 PM, Info: Saving project information...
