9/16/2017 10:49:06 AM, Info: Initializing SIMPLSharp Services...
9/16/2017 10:49:06 AM, Info: ProjectInfo successfully initialized.
9/16/2017 11:01:52 AM, Info: Validating assembly C:\Users\tamvh\Documents\my_document\project\crestron _program\wsclient_pro\wsclient_pro\bin\Debug\wsclient_pro.dll...
9/16/2017 11:01:52 AM, Info: Verifying assembly C:\Users\tamvh\Documents\my_document\project\crestron _program\wsclient_pro\wsclient_pro\bin\Debug\wsclient_pro.dll
9/16/2017 11:01:53 AM, Info: Creating Archive C:\Users\tamvh\Documents\my_document\project\crestron _program\wsclient_pro\wsclient_pro\bin\Debug\wsclient_pro.cplz...
9/16/2017 11:01:53 AM, Info: Saving project information...
9/16/2017 11:03:59 AM, Info: Saving project information...
9/16/2017 11:03:59 AM, Info: Saving project information...
9/16/2017 11:03:59 AM, Info: Saving project information...
9/16/2017 11:08:58 AM, Info: Saving project information...
9/16/2017 11:08:58 AM, Info: Saving project information...
9/16/2017 11:08:58 AM, Info: Saving project information...
9/16/2017 11:08:58 AM, Info: Saving project information...
9/16/2017 11:08:58 AM, Info: Saving project information...
9/16/2017 11:08:58 AM, Info: Saving project information...
9/16/2017 11:08:59 AM, Info: Validating assembly C:\Users\tamvh\Documents\my_document\project\crestron _program\wsclient_pro\wsclient_pro\bin\Debug\wsclient_pro.dll...
9/16/2017 11:08:59 AM, Info: Verifying assembly C:\Users\tamvh\Documents\my_document\project\crestron _program\wsclient_pro\wsclient_pro\bin\Debug\wsclient_pro.dll
9/16/2017 11:08:59 AM, Info: Creating Archive C:\Users\tamvh\Documents\my_document\project\crestron _program\wsclient_pro\wsclient_pro\bin\Debug\wsclient_pro.cplz...
9/16/2017 11:09:00 AM, Info: Saving project information...
9/16/2017 11:15:20 AM, Info: Validating assembly C:\Users\tamvh\Documents\my_document\project\crestron _program\wsclient_pro\wsclient_pro\bin\Debug\wsclient_pro.dll...
9/16/2017 11:15:20 AM, Info: Verifying assembly C:\Users\tamvh\Documents\my_document\project\crestron _program\wsclient_pro\wsclient_pro\bin\Debug\wsclient_pro.dll
9/16/2017 11:15:21 AM, Info: Creating Archive C:\Users\tamvh\Documents\my_document\project\crestron _program\wsclient_pro\wsclient_pro\bin\Debug\wsclient_pro.cplz...
9/16/2017 11:15:21 AM, Info: Saving project information...
9/16/2017 11:15:48 AM, Info: Validating assembly C:\Users\tamvh\Documents\my_document\project\crestron _program\wsclient_pro\wsclient_pro\bin\Debug\wsclient_pro.dll...
9/16/2017 11:15:49 AM, Info: Verifying assembly C:\Users\tamvh\Documents\my_document\project\crestron _program\wsclient_pro\wsclient_pro\bin\Debug\wsclient_pro.dll
9/16/2017 11:15:49 AM, Info: Creating Archive C:\Users\tamvh\Documents\my_document\project\crestron _program\wsclient_pro\wsclient_pro\bin\Debug\wsclient_pro.cplz...
9/16/2017 11:15:49 AM, Info: Saving project information...
9/16/2017 12:02:01 PM, Info: Terminating SIMPLSharp Services
