12/9/17 9:02:13 AM, Info: Initializing SIMPLSharp Services...
12/9/17 9:02:13 AM, Info: ProjectInfo successfully initialized.
12/9/17 10:21:12 AM, Info: Validating assembly C:\Users\tamvh\AppData\Roaming\Local Libraries\Local Documents\crestron\project\crestron_program_valeo\wsclient_pro\wsclient_pro\bin\Release\wsclient_pro.dll...
12/9/17 10:21:12 AM, Info: Verifying assembly C:\Users\tamvh\AppData\Roaming\Local Libraries\Local Documents\crestron\project\crestron_program_valeo\wsclient_pro\wsclient_pro\bin\Release\wsclient_pro.dll
12/9/17 10:21:12 AM, Info: Creating Archive C:\Users\tamvh\AppData\Roaming\Local Libraries\Local Documents\crestron\project\crestron_program_valeo\wsclient_pro\wsclient_pro\bin\Release\wsclient_pro.cplz...
12/9/17 10:21:12 AM, Info: Saving project information...
12/9/17 10:47:23 AM, Info: Validating assembly C:\Users\tamvh\AppData\Roaming\Local Libraries\Local Documents\crestron\project\crestron_program_valeo\wsclient_pro\wsclient_pro\bin\Release\wsclient_pro.dll...
12/9/17 10:47:23 AM, Info: Verifying assembly C:\Users\tamvh\AppData\Roaming\Local Libraries\Local Documents\crestron\project\crestron_program_valeo\wsclient_pro\wsclient_pro\bin\Release\wsclient_pro.dll
12/9/17 10:47:23 AM, Info: Creating Archive C:\Users\tamvh\AppData\Roaming\Local Libraries\Local Documents\crestron\project\crestron_program_valeo\wsclient_pro\wsclient_pro\bin\Release\wsclient_pro.cplz...
12/9/17 10:47:23 AM, Info: Saving project information...
12/9/17 10:47:56 AM, Info: Validating assembly C:\Users\tamvh\AppData\Roaming\Local Libraries\Local Documents\crestron\project\crestron_program_valeo\wsclient_pro\wsclient_pro\bin\Release\wsclient_pro.dll...
12/9/17 10:47:57 AM, Info: Verifying assembly C:\Users\tamvh\AppData\Roaming\Local Libraries\Local Documents\crestron\project\crestron_program_valeo\wsclient_pro\wsclient_pro\bin\Release\wsclient_pro.dll
12/9/17 10:47:57 AM, Info: Creating Archive C:\Users\tamvh\AppData\Roaming\Local Libraries\Local Documents\crestron\project\crestron_program_valeo\wsclient_pro\wsclient_pro\bin\Release\wsclient_pro.cplz...
12/9/17 10:47:57 AM, Info: Saving project information...
12/9/17 11:05:59 AM, Info: Validating assembly C:\Users\tamvh\AppData\Roaming\Local Libraries\Local Documents\crestron\project\crestron_program_valeo\wsclient_pro\wsclient_pro\bin\Release\wsclient_pro.dll...
12/9/17 11:05:59 AM, Info: Verifying assembly C:\Users\tamvh\AppData\Roaming\Local Libraries\Local Documents\crestron\project\crestron_program_valeo\wsclient_pro\wsclient_pro\bin\Release\wsclient_pro.dll
12/9/17 11:05:59 AM, Info: Creating Archive C:\Users\tamvh\AppData\Roaming\Local Libraries\Local Documents\crestron\project\crestron_program_valeo\wsclient_pro\wsclient_pro\bin\Release\wsclient_pro.cplz...
12/9/17 11:05:59 AM, Info: Saving project information...
12/9/17 11:41:50 AM, Info: Validating assembly C:\Users\tamvh\AppData\Roaming\Local Libraries\Local Documents\crestron\project\crestron_program_valeo\wsclient_pro\wsclient_pro\bin\Release\wsclient_pro.dll...
12/9/17 11:41:50 AM, Info: Verifying assembly C:\Users\tamvh\AppData\Roaming\Local Libraries\Local Documents\crestron\project\crestron_program_valeo\wsclient_pro\wsclient_pro\bin\Release\wsclient_pro.dll
12/9/17 11:41:50 AM, Info: Creating Archive C:\Users\tamvh\AppData\Roaming\Local Libraries\Local Documents\crestron\project\crestron_program_valeo\wsclient_pro\wsclient_pro\bin\Release\wsclient_pro.cplz...
12/9/17 11:41:50 AM, Info: Saving project information...
12/9/17 11:45:59 AM, Info: Validating assembly C:\Users\tamvh\AppData\Roaming\Local Libraries\Local Documents\crestron\project\crestron_program_valeo\wsclient_pro\wsclient_pro\bin\Release\wsclient_pro.dll...
12/9/17 11:45:59 AM, Info: Verifying assembly C:\Users\tamvh\AppData\Roaming\Local Libraries\Local Documents\crestron\project\crestron_program_valeo\wsclient_pro\wsclient_pro\bin\Release\wsclient_pro.dll
12/9/17 11:45:59 AM, Info: Creating Archive C:\Users\tamvh\AppData\Roaming\Local Libraries\Local Documents\crestron\project\crestron_program_valeo\wsclient_pro\wsclient_pro\bin\Release\wsclient_pro.cplz...
12/9/17 11:45:59 AM, Info: Saving project information...
12/9/17 11:48:28 AM, Info: Validating assembly C:\Users\tamvh\AppData\Roaming\Local Libraries\Local Documents\crestron\project\crestron_program_valeo\wsclient_pro\wsclient_pro\bin\Release\wsclient_pro.dll...
12/9/17 11:48:28 AM, Info: Verifying assembly C:\Users\tamvh\AppData\Roaming\Local Libraries\Local Documents\crestron\project\crestron_program_valeo\wsclient_pro\wsclient_pro\bin\Release\wsclient_pro.dll
12/9/17 11:48:28 AM, Info: Creating Archive C:\Users\tamvh\AppData\Roaming\Local Libraries\Local Documents\crestron\project\crestron_program_valeo\wsclient_pro\wsclient_pro\bin\Release\wsclient_pro.cplz...
12/9/17 11:48:28 AM, Info: Saving project information...
12/9/17 11:52:24 AM, Info: Saving project information...
12/9/17 11:52:24 AM, Info: Saving project information...
12/9/17 11:52:24 AM, Info: Saving project information...
12/9/17 11:52:40 AM, Info: Saving project information...
12/9/17 11:52:40 AM, Info: Saving project information...
12/9/17 11:52:40 AM, Info: Saving project information...
12/9/17 11:52:40 AM, Info: Saving project information...
12/9/17 11:52:40 AM, Info: Saving project information...
12/9/17 11:52:40 AM, Info: Saving project information...
12/9/17 11:52:59 AM, Info: Saving project information...
12/9/17 11:52:59 AM, Info: Saving project information...
12/9/17 11:52:59 AM, Info: Saving project information...
12/9/17 11:52:59 AM, Info: Saving project information...
12/9/17 11:52:59 AM, Info: Saving project information...
12/9/17 11:52:59 AM, Info: Saving project information...
12/9/17 11:53:00 AM, Info: Validating assembly C:\Users\tamvh\AppData\Roaming\Local Libraries\Local Documents\crestron\project\crestron_program_valeo\wsclient_pro\wsclient_pro\bin\Release\wsclient_pro.dll...
12/9/17 11:53:00 AM, Info: Verifying assembly C:\Users\tamvh\AppData\Roaming\Local Libraries\Local Documents\crestron\project\crestron_program_valeo\wsclient_pro\wsclient_pro\bin\Release\wsclient_pro.dll
12/9/17 11:53:00 AM, Info: Creating Archive C:\Users\tamvh\AppData\Roaming\Local Libraries\Local Documents\crestron\project\crestron_program_valeo\wsclient_pro\wsclient_pro\bin\Release\wsclient_pro.cplz...
12/9/17 11:53:00 AM, Info: Saving project information...
12/9/17 11:53:13 AM, Info: Validating assembly C:\Users\tamvh\AppData\Roaming\Local Libraries\Local Documents\crestron\project\crestron_program_valeo\wsclient_pro\wsclient_pro\bin\Release\wsclient_pro.dll...
12/9/17 11:53:13 AM, Info: Verifying assembly C:\Users\tamvh\AppData\Roaming\Local Libraries\Local Documents\crestron\project\crestron_program_valeo\wsclient_pro\wsclient_pro\bin\Release\wsclient_pro.dll
12/9/17 11:53:13 AM, Info: Creating Archive C:\Users\tamvh\AppData\Roaming\Local Libraries\Local Documents\crestron\project\crestron_program_valeo\wsclient_pro\wsclient_pro\bin\Release\wsclient_pro.cplz...
12/9/17 11:53:13 AM, Info: Saving project information...
12/9/17 12:15:41 PM, Info: Validating assembly C:\Users\tamvh\AppData\Roaming\Local Libraries\Local Documents\crestron\project\crestron_program_valeo\wsclient_pro\wsclient_pro\bin\Release\wsclient_pro.dll...
12/9/17 12:15:41 PM, Info: Verifying assembly C:\Users\tamvh\AppData\Roaming\Local Libraries\Local Documents\crestron\project\crestron_program_valeo\wsclient_pro\wsclient_pro\bin\Release\wsclient_pro.dll
12/9/17 12:15:41 PM, Info: Creating Archive C:\Users\tamvh\AppData\Roaming\Local Libraries\Local Documents\crestron\project\crestron_program_valeo\wsclient_pro\wsclient_pro\bin\Release\wsclient_pro.cplz...
12/9/17 12:15:42 PM, Info: Saving project information...
12/9/17 2:08:35 PM, Info: Validating assembly C:\Users\tamvh\AppData\Roaming\Local Libraries\Local Documents\crestron\project\crestron_program_valeo\wsclient_pro\wsclient_pro\bin\Release\wsclient_pro.dll...
12/9/17 2:08:35 PM, Info: Verifying assembly C:\Users\tamvh\AppData\Roaming\Local Libraries\Local Documents\crestron\project\crestron_program_valeo\wsclient_pro\wsclient_pro\bin\Release\wsclient_pro.dll
12/9/17 2:08:35 PM, Info: Creating Archive C:\Users\tamvh\AppData\Roaming\Local Libraries\Local Documents\crestron\project\crestron_program_valeo\wsclient_pro\wsclient_pro\bin\Release\wsclient_pro.cplz...
12/9/17 2:08:36 PM, Info: Saving project information...
12/10/17 4:29:16 PM, Info: Terminating SIMPLSharp Services
