8/8/2017 12:19:44 AM, Info: Initializing SIMPLSharp Services...
8/8/2017 12:19:44 AM, Info: ProjectInfo successfully initialized.
8/8/2017 12:21:56 AM, Info: Validating assembly C:\Users\tamvh\Documents\my_document\project\crestron _program\wsclient_pro\wsclient_pro\bin\Debug\wsclient_pro.dll...
8/8/2017 12:21:56 AM, Info: Verifying assembly C:\Users\tamvh\Documents\my_document\project\crestron _program\wsclient_pro\wsclient_pro\bin\Debug\wsclient_pro.dll
8/8/2017 12:21:56 AM, Info: Creating Archive C:\Users\tamvh\Documents\my_document\project\crestron _program\wsclient_pro\wsclient_pro\bin\Debug\wsclient_pro.cplz...
8/8/2017 12:21:57 AM, Info: Saving project information...
8/8/2017 12:52:36 AM, Info: Validating assembly C:\Users\tamvh\Documents\my_document\project\crestron _program\wsclient_pro\wsclient_pro\bin\Debug\wsclient_pro.dll...
8/8/2017 12:52:37 AM, Info: Verifying assembly C:\Users\tamvh\Documents\my_document\project\crestron _program\wsclient_pro\wsclient_pro\bin\Debug\wsclient_pro.dll
8/8/2017 12:52:37 AM, Info: Creating Archive C:\Users\tamvh\Documents\my_document\project\crestron _program\wsclient_pro\wsclient_pro\bin\Debug\wsclient_pro.cplz...
8/8/2017 12:52:37 AM, Info: Saving project information...
8/8/2017 1:09:41 AM, Info: Saving project information...
8/8/2017 1:09:41 AM, Info: Saving project information...
8/8/2017 1:09:41 AM, Info: Saving project information...
8/8/2017 1:14:41 AM, Info: Saving project information...
8/8/2017 1:14:41 AM, Info: Saving project information...
8/8/2017 1:14:41 AM, Info: Saving project information...
8/8/2017 1:19:40 AM, Info: Saving project information...
8/8/2017 1:19:40 AM, Info: Saving project information...
8/8/2017 1:19:40 AM, Info: Saving project information...
8/8/2017 1:19:40 AM, Info: Saving project information...
8/8/2017 1:19:40 AM, Info: Saving project information...
8/8/2017 1:19:40 AM, Info: Saving project information...
8/8/2017 1:19:41 AM, Info: Validating assembly C:\Users\tamvh\Documents\my_document\project\crestron _program\wsclient_pro\wsclient_pro\bin\Debug\wsclient_pro.dll...
8/8/2017 1:19:41 AM, Info: Verifying assembly C:\Users\tamvh\Documents\my_document\project\crestron _program\wsclient_pro\wsclient_pro\bin\Debug\wsclient_pro.dll
8/8/2017 1:19:41 AM, Info: Creating Archive C:\Users\tamvh\Documents\my_document\project\crestron _program\wsclient_pro\wsclient_pro\bin\Debug\wsclient_pro.cplz...
8/8/2017 1:19:42 AM, Info: Saving project information...
8/8/2017 1:51:36 AM, Info: Terminating SIMPLSharp Services
