8/14/2017 12:40:42 AM, Info: Initializing SIMPLSharp Services...
8/14/2017 12:40:42 AM, Info: ProjectInfo successfully initialized.
8/14/2017 1:10:36 AM, Info: Saving project information...
8/14/2017 1:10:36 AM, Info: Saving project information...
8/14/2017 1:10:36 AM, Info: Saving project information...
8/14/2017 1:13:14 AM, Info: Saving project information...
8/14/2017 1:13:14 AM, Info: Saving project information...
8/14/2017 1:13:14 AM, Info: Saving project information...
8/14/2017 1:13:14 AM, Info: Saving project information...
8/14/2017 1:13:14 AM, Info: Saving project information...
8/14/2017 1:13:14 AM, Info: Saving project information...
8/14/2017 1:13:16 AM, Info: Validating assembly C:\Users\tamvh\Documents\my_document\project\crestron _program\wsclient_pro\wsclient_pro\bin\Debug\wsclient_pro.dll...
8/14/2017 1:13:16 AM, Info: Verifying assembly C:\Users\tamvh\Documents\my_document\project\crestron _program\wsclient_pro\wsclient_pro\bin\Debug\wsclient_pro.dll
8/14/2017 1:13:16 AM, Info: Creating Archive C:\Users\tamvh\Documents\my_document\project\crestron _program\wsclient_pro\wsclient_pro\bin\Debug\wsclient_pro.cplz...
8/14/2017 1:13:17 AM, Info: Saving project information...
8/14/2017 1:23:09 AM, Info: Validating assembly C:\Users\tamvh\Documents\my_document\project\crestron _program\wsclient_pro\wsclient_pro\bin\Debug\wsclient_pro.dll...
8/14/2017 1:23:09 AM, Info: Verifying assembly C:\Users\tamvh\Documents\my_document\project\crestron _program\wsclient_pro\wsclient_pro\bin\Debug\wsclient_pro.dll
8/14/2017 1:23:09 AM, Info: Creating Archive C:\Users\tamvh\Documents\my_document\project\crestron _program\wsclient_pro\wsclient_pro\bin\Debug\wsclient_pro.cplz...
8/14/2017 1:23:10 AM, Info: Saving project information...
8/14/2017 1:35:09 AM, Info: Validating assembly C:\Users\tamvh\Documents\my_document\project\crestron _program\wsclient_pro\wsclient_pro\bin\Debug\wsclient_pro.dll...
8/14/2017 1:35:09 AM, Info: Verifying assembly C:\Users\tamvh\Documents\my_document\project\crestron _program\wsclient_pro\wsclient_pro\bin\Debug\wsclient_pro.dll
8/14/2017 1:35:10 AM, Info: Creating Archive C:\Users\tamvh\Documents\my_document\project\crestron _program\wsclient_pro\wsclient_pro\bin\Debug\wsclient_pro.cplz...
8/14/2017 1:35:10 AM, Info: Saving project information...
8/14/2017 1:45:27 AM, Info: Terminating SIMPLSharp Services
