8/6/2017 5:09:32 PM, Info: Initializing SIMPLSharp Services...
8/6/2017 5:09:32 PM, Info: ProjectInfo successfully initialized.
8/6/2017 5:16:48 PM, Info: Validating assembly C:\Users\tamvh\Documents\my_document\project\wsclient\wsclient\bin\Debug\wsclient.dll...
8/6/2017 5:23:14 PM, Info: Initializing SIMPLSharp Services...
8/6/2017 5:23:14 PM, Info: ProjectInfo successfully initialized.
8/6/2017 5:23:15 PM, Info: Saving project information...
8/6/2017 5:23:15 PM, Info: Saving project information...
8/6/2017 5:23:15 PM, Info: Saving project information...
8/6/2017 5:23:15 PM, Info: Saving project information...
8/6/2017 5:23:15 PM, Info: Saving project information...
8/6/2017 5:23:15 PM, Info: Saving project information...
8/6/2017 5:24:08 PM, Info: Validating assembly C:\Users\tamvh\Documents\vs2008 project\SIMPLSharpProgramLibrary3\SIMPLSharpProgramLibrary3\bin\Debug\SIMPLSharpProgramLibrary3.dll...
8/6/2017 5:24:08 PM, Info: Verifying assembly C:\Users\tamvh\Documents\vs2008 project\SIMPLSharpProgramLibrary3\SIMPLSharpProgramLibrary3\bin\Debug\SIMPLSharpProgramLibrary3.dll
8/6/2017 5:24:08 PM, Info: Creating Archive C:\Users\tamvh\Documents\vs2008 project\SIMPLSharpProgramLibrary3\SIMPLSharpProgramLibrary3\bin\Debug\SIMPLSharpProgramLibrary3.cplz...
8/6/2017 5:24:08 PM, Info: Saving project information...
8/6/2017 5:27:03 PM, Info: Validating assembly C:\Users\tamvh\Documents\vs2008 project\SIMPLSharpProgramLibrary3\SIMPLSharpProgramLibrary3\bin\Debug\SIMPLSharpProgramLibrary3.dll...
8/6/2017 5:27:03 PM, Info: Verifying assembly C:\Users\tamvh\Documents\vs2008 project\SIMPLSharpProgramLibrary3\SIMPLSharpProgramLibrary3\bin\Debug\SIMPLSharpProgramLibrary3.dll
8/6/2017 5:27:03 PM, Info: Creating Archive C:\Users\tamvh\Documents\vs2008 project\SIMPLSharpProgramLibrary3\SIMPLSharpProgramLibrary3\bin\Debug\SIMPLSharpProgramLibrary3.cplz...
8/6/2017 5:27:03 PM, Info: Saving project information...
8/6/2017 5:38:23 PM, Info: Initializing SIMPLSharp Services...
8/6/2017 5:38:23 PM, Info: ProjectInfo successfully initialized.
8/6/2017 5:38:23 PM, Info: Saving project information...
8/6/2017 5:38:23 PM, Info: Saving project information...
8/6/2017 5:38:23 PM, Info: Saving project information...
8/6/2017 5:38:23 PM, Info: Saving project information...
8/6/2017 5:38:23 PM, Info: Saving project information...
8/6/2017 5:38:23 PM, Info: Saving project information...
8/6/2017 5:38:27 PM, Info: Saving project information...
8/6/2017 5:38:27 PM, Info: Saving project information...
8/6/2017 5:38:27 PM, Info: Saving project information...
8/6/2017 5:38:27 PM, Info: Saving project information...
8/6/2017 5:38:27 PM, Info: Saving project information...
8/6/2017 5:38:27 PM, Info: Saving project information...
8/6/2017 5:38:58 PM, Info: Saving project information...
8/6/2017 5:38:58 PM, Info: Saving project information...
8/6/2017 5:38:58 PM, Info: Saving project information...
8/6/2017 5:43:58 PM, Info: Saving project information...
8/6/2017 5:43:58 PM, Info: Saving project information...
8/6/2017 5:43:58 PM, Info: Saving project information...
8/6/2017 5:48:58 PM, Info: Saving project information...
8/6/2017 5:48:58 PM, Info: Saving project information...
8/6/2017 5:48:58 PM, Info: Saving project information...
8/6/2017 5:53:58 PM, Info: Saving project information...
8/6/2017 5:53:58 PM, Info: Saving project information...
8/6/2017 5:53:58 PM, Info: Saving project information...
8/6/2017 5:58:58 PM, Info: Saving project information...
8/6/2017 5:58:58 PM, Info: Saving project information...
8/6/2017 5:58:58 PM, Info: Saving project information...
8/6/2017 6:03:58 PM, Info: Saving project information...
8/6/2017 6:03:58 PM, Info: Saving project information...
8/6/2017 6:03:58 PM, Info: Saving project information...
8/6/2017 6:05:38 PM, Info: Saving project information...
8/6/2017 6:05:38 PM, Info: Saving project information...
8/6/2017 6:05:38 PM, Info: Saving project information...
8/6/2017 6:05:38 PM, Info: Saving project information...
8/6/2017 6:05:38 PM, Info: Saving project information...
8/6/2017 6:05:38 PM, Info: Saving project information...
8/6/2017 6:06:24 PM, Info: Validating assembly C:\Users\tamvh\Documents\my_document\project\crestron_program\wsclient_pro\wsclient_pro\bin\Debug\wsclient_pro.dll...
8/6/2017 6:06:25 PM, Info: Verifying assembly C:\Users\tamvh\Documents\my_document\project\crestron_program\wsclient_pro\wsclient_pro\bin\Debug\wsclient_pro.dll
8/6/2017 6:06:25 PM, Info: Creating Archive C:\Users\tamvh\Documents\my_document\project\crestron_program\wsclient_pro\wsclient_pro\bin\Debug\wsclient_pro.cplz...
8/6/2017 6:06:25 PM, Info: Saving project information...
8/6/2017 6:06:35 PM, Info: Terminating SIMPLSharp Services
8/6/2017 6:06:35 PM, Info: Saving project information...
8/6/2017 6:06:35 PM, Info: Terminating SIMPLSharp Services
8/6/2017 6:06:35 PM, Info: Saving project information...
8/6/2017 6:06:35 PM, Info: Terminating SIMPLSharp Services
