8/7/2017 5:20:25 PM, Info: Initializing SIMPLSharp Services...
8/7/2017 5:20:26 PM, Info: ProjectInfo successfully initialized.
8/7/2017 5:22:09 PM, Info: Validating assembly C:\Users\tamvh\Documents\my_document\project\crestron_program\wsclient_pro\wsclient_pro\bin\Debug\wsclient_pro.dll...
8/7/2017 5:22:10 PM, Info: Verifying assembly C:\Users\tamvh\Documents\my_document\project\crestron_program\wsclient_pro\wsclient_pro\bin\Debug\wsclient_pro.dll
8/7/2017 5:22:10 PM, Info: Creating Archive C:\Users\tamvh\Documents\my_document\project\crestron_program\wsclient_pro\wsclient_pro\bin\Debug\wsclient_pro.cplz...
8/7/2017 5:22:10 PM, Info: Saving project information...
8/7/2017 5:31:46 PM, Info: Validating assembly C:\Users\tamvh\Documents\my_document\project\crestron_program\wsclient_pro\wsclient_pro\bin\Debug\wsclient_pro.dll...
8/7/2017 5:31:46 PM, Info: Verifying assembly C:\Users\tamvh\Documents\my_document\project\crestron_program\wsclient_pro\wsclient_pro\bin\Debug\wsclient_pro.dll
8/7/2017 5:31:46 PM, Info: Creating Archive C:\Users\tamvh\Documents\my_document\project\crestron_program\wsclient_pro\wsclient_pro\bin\Debug\wsclient_pro.cplz...
8/7/2017 5:31:46 PM, Info: Saving project information...
8/7/2017 5:31:59 PM, Info: Validating assembly C:\Users\tamvh\Documents\my_document\project\crestron_program\wsclient_pro\wsclient_pro\bin\Debug\wsclient_pro.dll...
8/7/2017 5:31:59 PM, Info: Verifying assembly C:\Users\tamvh\Documents\my_document\project\crestron_program\wsclient_pro\wsclient_pro\bin\Debug\wsclient_pro.dll
8/7/2017 5:31:59 PM, Info: Creating Archive C:\Users\tamvh\Documents\my_document\project\crestron_program\wsclient_pro\wsclient_pro\bin\Debug\wsclient_pro.cplz...
8/7/2017 5:32:00 PM, Info: Saving project information...
8/7/2017 5:38:05 PM, Info: Validating assembly C:\Users\tamvh\Documents\my_document\project\crestron_program\wsclient_pro\wsclient_pro\bin\Debug\wsclient_pro.dll...
8/7/2017 5:38:05 PM, Info: Verifying assembly C:\Users\tamvh\Documents\my_document\project\crestron_program\wsclient_pro\wsclient_pro\bin\Debug\wsclient_pro.dll
8/7/2017 5:38:06 PM, Info: Creating Archive C:\Users\tamvh\Documents\my_document\project\crestron_program\wsclient_pro\wsclient_pro\bin\Debug\wsclient_pro.cplz...
8/7/2017 5:38:06 PM, Info: Saving project information...
8/7/2017 5:38:15 PM, Info: Validating assembly C:\Users\tamvh\Documents\my_document\project\crestron_program\wsclient_pro\wsclient_pro\bin\Debug\wsclient_pro.dll...
8/7/2017 5:38:15 PM, Info: Verifying assembly C:\Users\tamvh\Documents\my_document\project\crestron_program\wsclient_pro\wsclient_pro\bin\Debug\wsclient_pro.dll
8/7/2017 5:38:15 PM, Info: Creating Archive C:\Users\tamvh\Documents\my_document\project\crestron_program\wsclient_pro\wsclient_pro\bin\Debug\wsclient_pro.cplz...
8/7/2017 5:38:15 PM, Info: Saving project information...
8/7/2017 5:39:05 PM, Info: Validating assembly C:\Users\tamvh\Documents\my_document\project\crestron_program\wsclient_pro\wsclient_pro\bin\Debug\wsclient_pro.dll...
8/7/2017 5:39:05 PM, Info: Verifying assembly C:\Users\tamvh\Documents\my_document\project\crestron_program\wsclient_pro\wsclient_pro\bin\Debug\wsclient_pro.dll
8/7/2017 5:39:05 PM, Info: Creating Archive C:\Users\tamvh\Documents\my_document\project\crestron_program\wsclient_pro\wsclient_pro\bin\Debug\wsclient_pro.cplz...
8/7/2017 5:39:05 PM, Info: Saving project information...
8/7/2017 5:42:33 PM, Info: Validating assembly C:\Users\tamvh\Documents\my_document\project\crestron_program\wsclient_pro\wsclient_pro\bin\Debug\wsclient_pro.dll...
8/7/2017 5:42:33 PM, Info: Verifying assembly C:\Users\tamvh\Documents\my_document\project\crestron_program\wsclient_pro\wsclient_pro\bin\Debug\wsclient_pro.dll
8/7/2017 5:42:33 PM, Info: Creating Archive C:\Users\tamvh\Documents\my_document\project\crestron_program\wsclient_pro\wsclient_pro\bin\Debug\wsclient_pro.cplz...
8/7/2017 5:42:33 PM, Info: Saving project information...
8/7/2017 5:48:34 PM, Info: Validating assembly C:\Users\tamvh\Documents\my_document\project\crestron_program\wsclient_pro\wsclient_pro\bin\Debug\wsclient_pro.dll...
8/7/2017 5:48:34 PM, Info: Verifying assembly C:\Users\tamvh\Documents\my_document\project\crestron_program\wsclient_pro\wsclient_pro\bin\Debug\wsclient_pro.dll
8/7/2017 5:48:34 PM, Info: Creating Archive C:\Users\tamvh\Documents\my_document\project\crestron_program\wsclient_pro\wsclient_pro\bin\Debug\wsclient_pro.cplz...
8/7/2017 5:48:35 PM, Info: Saving project information...
8/7/2017 5:49:07 PM, Info: Validating assembly C:\Users\tamvh\Documents\my_document\project\crestron_program\wsclient_pro\wsclient_pro\bin\Debug\wsclient_pro.dll...
8/7/2017 5:49:07 PM, Info: Verifying assembly C:\Users\tamvh\Documents\my_document\project\crestron_program\wsclient_pro\wsclient_pro\bin\Debug\wsclient_pro.dll
8/7/2017 5:49:07 PM, Info: Creating Archive C:\Users\tamvh\Documents\my_document\project\crestron_program\wsclient_pro\wsclient_pro\bin\Debug\wsclient_pro.cplz...
8/7/2017 5:49:08 PM, Info: Saving project information...
8/7/2017 5:52:05 PM, Info: Validating assembly C:\Users\tamvh\Documents\my_document\project\crestron_program\wsclient_pro\wsclient_pro\bin\Debug\wsclient_pro.dll...
8/7/2017 5:52:05 PM, Info: Verifying assembly C:\Users\tamvh\Documents\my_document\project\crestron_program\wsclient_pro\wsclient_pro\bin\Debug\wsclient_pro.dll
8/7/2017 5:52:05 PM, Info: Creating Archive C:\Users\tamvh\Documents\my_document\project\crestron_program\wsclient_pro\wsclient_pro\bin\Debug\wsclient_pro.cplz...
8/7/2017 5:52:05 PM, Info: Saving project information...
8/7/2017 5:54:20 PM, Info: Validating assembly C:\Users\tamvh\Documents\my_document\project\crestron_program\wsclient_pro\wsclient_pro\bin\Debug\wsclient_pro.dll...
8/7/2017 5:54:21 PM, Info: Verifying assembly C:\Users\tamvh\Documents\my_document\project\crestron_program\wsclient_pro\wsclient_pro\bin\Debug\wsclient_pro.dll
8/7/2017 5:54:21 PM, Info: Creating Archive C:\Users\tamvh\Documents\my_document\project\crestron_program\wsclient_pro\wsclient_pro\bin\Debug\wsclient_pro.cplz...
8/7/2017 5:54:21 PM, Info: Saving project information...
8/7/2017 5:57:09 PM, Info: Terminating SIMPLSharp Services
