12/6/17 1:51:21 PM, Info: Initializing SIMPLSharp Services...
12/6/17 1:51:21 PM, Info: ProjectInfo successfully initialized.
12/6/17 1:51:31 PM, Info: Saving project information...
12/6/17 1:51:31 PM, Info: Saving project information...
12/6/17 1:51:31 PM, Info: Saving project information...
12/6/17 1:51:31 PM, Info: Saving project information...
12/6/17 1:51:31 PM, Info: Saving project information...
12/6/17 1:51:31 PM, Info: Saving project information...
12/6/17 1:51:32 PM, Info: Validating assembly \\Mac\Home\Desktop\crestron\project\crestron _program\wsclient_pro\wsclient_pro\bin\Release\wsclient_pro.dll...
12/6/17 1:51:33 PM, Info: Verifying assembly \\Mac\Home\Desktop\crestron\project\crestron _program\wsclient_pro\wsclient_pro\bin\Release\wsclient_pro.dll
12/6/17 1:51:33 PM, Info: Creating Archive \\Mac\Home\Desktop\crestron\project\crestron _program\wsclient_pro\wsclient_pro\bin\Release\wsclient_pro.cplz...
12/6/17 1:51:33 PM, Info: Saving project information...
12/6/17 1:53:48 PM, Info: Saving project information...
12/6/17 1:53:48 PM, Info: Saving project information...
12/6/17 1:53:48 PM, Info: Saving project information...
12/6/17 1:53:48 PM, Info: Saving project information...
12/6/17 1:53:48 PM, Info: Saving project information...
12/6/17 1:53:48 PM, Info: Saving project information...
12/6/17 1:55:32 PM, Info: Saving project information...
12/6/17 1:55:32 PM, Info: Saving project information...
12/6/17 1:55:32 PM, Info: Saving project information...
12/6/17 1:55:32 PM, Info: Saving project information...
12/6/17 1:55:32 PM, Info: Saving project information...
12/6/17 1:55:32 PM, Info: Saving project information...
12/6/17 1:55:33 PM, Info: Validating assembly \\Mac\Home\Desktop\crestron\project\crestron _program\wsclient_pro\wsclient_pro\bin\Release\wsclient_pro.dll...
12/6/17 1:55:33 PM, Info: Verifying assembly \\Mac\Home\Desktop\crestron\project\crestron _program\wsclient_pro\wsclient_pro\bin\Release\wsclient_pro.dll
12/6/17 1:55:33 PM, Info: Creating Archive \\Mac\Home\Desktop\crestron\project\crestron _program\wsclient_pro\wsclient_pro\bin\Release\wsclient_pro.cplz...
12/6/17 1:55:33 PM, Info: Saving project information...
12/6/17 2:00:40 PM, Info: Terminating SIMPLSharp Services
