8/18/2017 9:08:34 AM, Info: Initializing SIMPLSharp Services...
8/18/2017 9:08:34 AM, Info: ProjectInfo successfully initialized.
8/18/2017 9:18:49 AM, Info: Validating assembly C:\Users\tamvh\Documents\my_document\project\crestron _program\wsclient_pro\wsclient_pro\bin\Debug\wsclient_pro.dll...
8/18/2017 9:18:49 AM, Info: Verifying assembly C:\Users\tamvh\Documents\my_document\project\crestron _program\wsclient_pro\wsclient_pro\bin\Debug\wsclient_pro.dll
8/18/2017 9:18:49 AM, Info: Creating Archive C:\Users\tamvh\Documents\my_document\project\crestron _program\wsclient_pro\wsclient_pro\bin\Debug\wsclient_pro.cplz...
8/18/2017 9:18:50 AM, Info: Saving project information...
8/18/2017 9:33:24 AM, Info: Validating assembly C:\Users\tamvh\Documents\my_document\project\crestron _program\wsclient_pro\wsclient_pro\bin\Debug\wsclient_pro.dll...
8/18/2017 9:33:24 AM, Info: Verifying assembly C:\Users\tamvh\Documents\my_document\project\crestron _program\wsclient_pro\wsclient_pro\bin\Debug\wsclient_pro.dll
8/18/2017 9:33:24 AM, Info: Creating Archive C:\Users\tamvh\Documents\my_document\project\crestron _program\wsclient_pro\wsclient_pro\bin\Debug\wsclient_pro.cplz...
8/18/2017 9:33:25 AM, Info: Saving project information...
8/18/2017 9:44:57 AM, Info: Validating assembly C:\Users\tamvh\Documents\my_document\project\crestron _program\wsclient_pro\wsclient_pro\bin\Debug\wsclient_pro.dll...
8/18/2017 9:44:57 AM, Info: Verifying assembly C:\Users\tamvh\Documents\my_document\project\crestron _program\wsclient_pro\wsclient_pro\bin\Debug\wsclient_pro.dll
8/18/2017 9:44:57 AM, Info: Creating Archive C:\Users\tamvh\Documents\my_document\project\crestron _program\wsclient_pro\wsclient_pro\bin\Debug\wsclient_pro.cplz...
8/18/2017 9:44:57 AM, Info: Saving project information...
8/18/2017 9:47:22 AM, Info: Validating assembly C:\Users\tamvh\Documents\my_document\project\crestron _program\wsclient_pro\wsclient_pro\bin\Debug\wsclient_pro.dll...
8/18/2017 9:47:22 AM, Info: Verifying assembly C:\Users\tamvh\Documents\my_document\project\crestron _program\wsclient_pro\wsclient_pro\bin\Debug\wsclient_pro.dll
8/18/2017 9:47:22 AM, Info: Creating Archive C:\Users\tamvh\Documents\my_document\project\crestron _program\wsclient_pro\wsclient_pro\bin\Debug\wsclient_pro.cplz...
8/18/2017 9:47:23 AM, Info: Saving project information...
8/18/2017 9:54:09 AM, Info: Validating assembly C:\Users\tamvh\Documents\my_document\project\crestron _program\wsclient_pro\wsclient_pro\bin\Debug\wsclient_pro.dll...
8/18/2017 9:54:10 AM, Info: Verifying assembly C:\Users\tamvh\Documents\my_document\project\crestron _program\wsclient_pro\wsclient_pro\bin\Debug\wsclient_pro.dll
8/18/2017 9:54:10 AM, Info: Creating Archive C:\Users\tamvh\Documents\my_document\project\crestron _program\wsclient_pro\wsclient_pro\bin\Debug\wsclient_pro.cplz...
8/18/2017 9:54:10 AM, Info: Saving project information...
8/18/2017 9:55:14 AM, Info: Validating assembly C:\Users\tamvh\Documents\my_document\project\crestron _program\wsclient_pro\wsclient_pro\bin\Debug\wsclient_pro.dll...
8/18/2017 9:55:14 AM, Info: Verifying assembly C:\Users\tamvh\Documents\my_document\project\crestron _program\wsclient_pro\wsclient_pro\bin\Debug\wsclient_pro.dll
8/18/2017 9:55:15 AM, Info: Creating Archive C:\Users\tamvh\Documents\my_document\project\crestron _program\wsclient_pro\wsclient_pro\bin\Debug\wsclient_pro.cplz...
8/18/2017 9:55:15 AM, Info: Saving project information...
8/18/2017 10:02:47 AM, Info: Validating assembly C:\Users\tamvh\Documents\my_document\project\crestron _program\wsclient_pro\wsclient_pro\bin\Debug\wsclient_pro.dll...
8/18/2017 10:13:48 AM, Info: Initializing SIMPLSharp Services...
8/18/2017 10:13:48 AM, Info: ProjectInfo successfully initialized.
8/18/2017 10:16:57 AM, Info: Saving project information...
8/18/2017 10:16:57 AM, Info: Saving project information...
8/18/2017 10:16:57 AM, Info: Saving project information...
8/18/2017 10:16:57 AM, Info: Saving project information...
8/18/2017 10:16:57 AM, Info: Saving project information...
8/18/2017 10:16:57 AM, Info: Saving project information...
8/18/2017 11:15:48 AM, Info: Saving project information...
8/18/2017 11:15:48 AM, Info: Saving project information...
8/18/2017 11:15:48 AM, Info: Saving project information...
8/18/2017 11:15:48 AM, Info: Saving project information...
8/18/2017 11:15:48 AM, Info: Saving project information...
8/18/2017 11:15:48 AM, Info: Saving project information...
8/18/2017 11:34:26 AM, Info: Validating assembly C:\Users\tamvh\Documents\my_document\project\crestron _program\wsclient_pro\wsclient_pro\bin\Debug\wsclient_pro.dll...
8/18/2017 11:34:26 AM, Info: Verifying assembly C:\Users\tamvh\Documents\my_document\project\crestron _program\wsclient_pro\wsclient_pro\bin\Debug\wsclient_pro.dll
8/18/2017 11:34:26 AM, Info: Creating Archive C:\Users\tamvh\Documents\my_document\project\crestron _program\wsclient_pro\wsclient_pro\bin\Debug\wsclient_pro.cplz...
8/18/2017 11:34:27 AM, Info: Saving project information...
8/18/2017 12:06:52 PM, Info: Validating assembly C:\Users\tamvh\Documents\my_document\project\crestron _program\wsclient_pro\wsclient_pro\bin\Debug\wsclient_pro.dll...
8/18/2017 12:06:52 PM, Info: Verifying assembly C:\Users\tamvh\Documents\my_document\project\crestron _program\wsclient_pro\wsclient_pro\bin\Debug\wsclient_pro.dll
8/18/2017 12:06:53 PM, Info: Creating Archive C:\Users\tamvh\Documents\my_document\project\crestron _program\wsclient_pro\wsclient_pro\bin\Debug\wsclient_pro.cplz...
8/18/2017 12:06:53 PM, Info: Saving project information...
8/18/2017 12:32:32 PM, Info: Validating assembly C:\Users\tamvh\Documents\my_document\project\crestron _program\wsclient_pro\wsclient_pro\bin\Debug\wsclient_pro.dll...
8/18/2017 12:32:32 PM, Info: Verifying assembly C:\Users\tamvh\Documents\my_document\project\crestron _program\wsclient_pro\wsclient_pro\bin\Debug\wsclient_pro.dll
8/18/2017 12:32:32 PM, Info: Creating Archive C:\Users\tamvh\Documents\my_document\project\crestron _program\wsclient_pro\wsclient_pro\bin\Debug\wsclient_pro.cplz...
8/18/2017 12:32:33 PM, Info: Saving project information...
8/18/2017 12:32:52 PM, Info: Validating assembly C:\Users\tamvh\Documents\my_document\project\crestron _program\wsclient_pro\wsclient_pro\bin\Debug\wsclient_pro.dll...
8/18/2017 12:32:52 PM, Info: Verifying assembly C:\Users\tamvh\Documents\my_document\project\crestron _program\wsclient_pro\wsclient_pro\bin\Debug\wsclient_pro.dll
8/18/2017 12:32:52 PM, Info: Creating Archive C:\Users\tamvh\Documents\my_document\project\crestron _program\wsclient_pro\wsclient_pro\bin\Debug\wsclient_pro.cplz...
8/18/2017 12:32:53 PM, Info: Saving project information...
8/18/2017 5:28:01 PM, Info: Terminating SIMPLSharp Services
8/18/2017 5:28:01 PM, Info: Saving project information...
8/18/2017 5:28:01 PM, Info: Terminating SIMPLSharp Services
