9/7/2017 10:15:27 AM, Info: Initializing SIMPLSharp Services...
9/7/2017 10:15:27 AM, Info: ProjectInfo successfully initialized.
9/7/2017 10:30:43 AM, Info: Validating assembly C:\Users\tamvh\Documents\my_document\project\crestron _program\wsclient_pro\wsclient_pro\bin\Debug\wsclient_pro.dll...
9/7/2017 10:30:44 AM, Info: Verifying assembly C:\Users\tamvh\Documents\my_document\project\crestron _program\wsclient_pro\wsclient_pro\bin\Debug\wsclient_pro.dll
9/7/2017 10:30:44 AM, Info: Creating Archive C:\Users\tamvh\Documents\my_document\project\crestron _program\wsclient_pro\wsclient_pro\bin\Debug\wsclient_pro.cplz...
9/7/2017 10:30:45 AM, Info: Saving project information...
9/7/2017 10:57:02 AM, Info: Validating assembly C:\Users\tamvh\Documents\my_document\project\crestron _program\wsclient_pro\wsclient_pro\bin\Debug\wsclient_pro.dll...
9/7/2017 10:57:03 AM, Info: Verifying assembly C:\Users\tamvh\Documents\my_document\project\crestron _program\wsclient_pro\wsclient_pro\bin\Debug\wsclient_pro.dll
9/7/2017 10:57:03 AM, Info: Creating Archive C:\Users\tamvh\Documents\my_document\project\crestron _program\wsclient_pro\wsclient_pro\bin\Debug\wsclient_pro.cplz...
9/7/2017 10:57:04 AM, Info: Saving project information...
9/7/2017 10:57:11 AM, Info: Validating assembly C:\Users\tamvh\Documents\my_document\project\crestron _program\wsclient_pro\wsclient_pro\bin\Debug\wsclient_pro.dll...
9/7/2017 10:57:11 AM, Info: Verifying assembly C:\Users\tamvh\Documents\my_document\project\crestron _program\wsclient_pro\wsclient_pro\bin\Debug\wsclient_pro.dll
9/7/2017 10:57:11 AM, Info: Creating Archive C:\Users\tamvh\Documents\my_document\project\crestron _program\wsclient_pro\wsclient_pro\bin\Debug\wsclient_pro.cplz...
9/7/2017 10:57:12 AM, Info: Saving project information...
9/7/2017 11:03:22 AM, Info: Validating assembly C:\Users\tamvh\Documents\my_document\project\crestron _program\wsclient_pro\wsclient_pro\bin\Debug\wsclient_pro.dll...
9/7/2017 11:03:22 AM, Info: Verifying assembly C:\Users\tamvh\Documents\my_document\project\crestron _program\wsclient_pro\wsclient_pro\bin\Debug\wsclient_pro.dll
9/7/2017 11:03:22 AM, Info: Creating Archive C:\Users\tamvh\Documents\my_document\project\crestron _program\wsclient_pro\wsclient_pro\bin\Debug\wsclient_pro.cplz...
9/7/2017 11:03:23 AM, Info: Saving project information...
9/7/2017 11:10:12 AM, Info: Validating assembly C:\Users\tamvh\Documents\my_document\project\crestron _program\wsclient_pro\wsclient_pro\bin\Debug\wsclient_pro.dll...
9/7/2017 11:10:12 AM, Info: Verifying assembly C:\Users\tamvh\Documents\my_document\project\crestron _program\wsclient_pro\wsclient_pro\bin\Debug\wsclient_pro.dll
9/7/2017 11:10:12 AM, Info: Creating Archive C:\Users\tamvh\Documents\my_document\project\crestron _program\wsclient_pro\wsclient_pro\bin\Debug\wsclient_pro.cplz...
9/7/2017 11:10:13 AM, Info: Saving project information...
9/7/2017 11:54:43 AM, Info: Validating assembly C:\Users\tamvh\Documents\my_document\project\crestron _program\wsclient_pro\wsclient_pro\bin\Debug\wsclient_pro.dll...
9/7/2017 11:54:44 AM, Info: Verifying assembly C:\Users\tamvh\Documents\my_document\project\crestron _program\wsclient_pro\wsclient_pro\bin\Debug\wsclient_pro.dll
9/7/2017 11:54:44 AM, Info: Creating Archive C:\Users\tamvh\Documents\my_document\project\crestron _program\wsclient_pro\wsclient_pro\bin\Debug\wsclient_pro.cplz...
9/7/2017 11:54:44 AM, Info: Saving project information...
9/7/2017 12:01:51 PM, Info: Validating assembly C:\Users\tamvh\Documents\my_document\project\crestron _program\wsclient_pro\wsclient_pro\bin\Debug\wsclient_pro.dll...
9/7/2017 12:01:51 PM, Info: Verifying assembly C:\Users\tamvh\Documents\my_document\project\crestron _program\wsclient_pro\wsclient_pro\bin\Debug\wsclient_pro.dll
9/7/2017 12:01:51 PM, Info: Creating Archive C:\Users\tamvh\Documents\my_document\project\crestron _program\wsclient_pro\wsclient_pro\bin\Debug\wsclient_pro.cplz...
9/7/2017 12:01:52 PM, Info: Saving project information...
9/7/2017 12:19:09 PM, Info: Validating assembly C:\Users\tamvh\Documents\my_document\project\crestron _program\wsclient_pro\wsclient_pro\bin\Debug\wsclient_pro.dll...
9/7/2017 12:19:09 PM, Info: Verifying assembly C:\Users\tamvh\Documents\my_document\project\crestron _program\wsclient_pro\wsclient_pro\bin\Debug\wsclient_pro.dll
9/7/2017 12:19:09 PM, Info: Creating Archive C:\Users\tamvh\Documents\my_document\project\crestron _program\wsclient_pro\wsclient_pro\bin\Debug\wsclient_pro.cplz...
9/7/2017 12:19:10 PM, Info: Saving project information...
9/7/2017 1:51:46 PM, Info: Validating assembly C:\Users\tamvh\Documents\my_document\project\crestron _program\wsclient_pro\wsclient_pro\bin\Debug\wsclient_pro.dll...
9/7/2017 1:51:46 PM, Info: Verifying assembly C:\Users\tamvh\Documents\my_document\project\crestron _program\wsclient_pro\wsclient_pro\bin\Debug\wsclient_pro.dll
9/7/2017 1:51:46 PM, Info: Creating Archive C:\Users\tamvh\Documents\my_document\project\crestron _program\wsclient_pro\wsclient_pro\bin\Debug\wsclient_pro.cplz...
9/7/2017 1:51:47 PM, Info: Saving project information...
9/7/2017 2:34:53 PM, Info: Terminating SIMPLSharp Services
