9/9/2017 9:04:59 AM, Info: Initializing SIMPLSharp Services...
9/9/2017 9:04:59 AM, Info: ProjectInfo successfully initialized.
9/9/2017 9:39:45 AM, Info: Validating assembly C:\Users\tamvh\Documents\my_document\project\crestron _program\wsclient_pro\wsclient_pro\bin\Debug\wsclient_pro.dll...
9/9/2017 9:39:45 AM, Info: Verifying assembly C:\Users\tamvh\Documents\my_document\project\crestron _program\wsclient_pro\wsclient_pro\bin\Debug\wsclient_pro.dll
9/9/2017 9:39:45 AM, Info: Creating Archive C:\Users\tamvh\Documents\my_document\project\crestron _program\wsclient_pro\wsclient_pro\bin\Debug\wsclient_pro.cplz...
9/9/2017 9:39:46 AM, Info: Saving project information...
9/9/2017 9:51:15 AM, Info: Validating assembly C:\Users\tamvh\Documents\my_document\project\crestron _program\wsclient_pro\wsclient_pro\bin\Debug\wsclient_pro.dll...
9/9/2017 9:51:15 AM, Info: Verifying assembly C:\Users\tamvh\Documents\my_document\project\crestron _program\wsclient_pro\wsclient_pro\bin\Debug\wsclient_pro.dll
9/9/2017 9:51:16 AM, Info: Creating Archive C:\Users\tamvh\Documents\my_document\project\crestron _program\wsclient_pro\wsclient_pro\bin\Debug\wsclient_pro.cplz...
9/9/2017 9:51:16 AM, Info: Saving project information...
9/9/2017 10:08:25 AM, Info: Validating assembly C:\Users\tamvh\Documents\my_document\project\crestron _program\wsclient_pro\wsclient_pro\bin\Debug\wsclient_pro.dll...
9/9/2017 10:08:25 AM, Info: Verifying assembly C:\Users\tamvh\Documents\my_document\project\crestron _program\wsclient_pro\wsclient_pro\bin\Debug\wsclient_pro.dll
9/9/2017 10:08:25 AM, Info: Creating Archive C:\Users\tamvh\Documents\my_document\project\crestron _program\wsclient_pro\wsclient_pro\bin\Debug\wsclient_pro.cplz...
9/9/2017 10:08:26 AM, Info: Saving project information...
9/9/2017 10:26:39 AM, Info: Validating assembly C:\Users\tamvh\Documents\my_document\project\crestron _program\wsclient_pro\wsclient_pro\bin\Debug\wsclient_pro.dll...
9/9/2017 10:26:39 AM, Info: Verifying assembly C:\Users\tamvh\Documents\my_document\project\crestron _program\wsclient_pro\wsclient_pro\bin\Debug\wsclient_pro.dll
9/9/2017 10:26:40 AM, Info: Creating Archive C:\Users\tamvh\Documents\my_document\project\crestron _program\wsclient_pro\wsclient_pro\bin\Debug\wsclient_pro.cplz...
9/9/2017 10:26:41 AM, Info: Saving project information...
9/9/2017 10:33:04 AM, Info: Validating assembly C:\Users\tamvh\Documents\my_document\project\crestron _program\wsclient_pro\wsclient_pro\bin\Debug\wsclient_pro.dll...
9/9/2017 10:33:04 AM, Info: Verifying assembly C:\Users\tamvh\Documents\my_document\project\crestron _program\wsclient_pro\wsclient_pro\bin\Debug\wsclient_pro.dll
9/9/2017 10:33:05 AM, Info: Creating Archive C:\Users\tamvh\Documents\my_document\project\crestron _program\wsclient_pro\wsclient_pro\bin\Debug\wsclient_pro.cplz...
9/9/2017 10:33:06 AM, Info: Saving project information...
9/9/2017 10:34:35 AM, Info: Validating assembly C:\Users\tamvh\Documents\my_document\project\crestron _program\wsclient_pro\wsclient_pro\bin\Debug\wsclient_pro.dll...
9/9/2017 10:34:36 AM, Info: Verifying assembly C:\Users\tamvh\Documents\my_document\project\crestron _program\wsclient_pro\wsclient_pro\bin\Debug\wsclient_pro.dll
9/9/2017 10:34:37 AM, Info: Creating Archive C:\Users\tamvh\Documents\my_document\project\crestron _program\wsclient_pro\wsclient_pro\bin\Debug\wsclient_pro.cplz...
9/9/2017 10:34:38 AM, Info: Saving project information...
9/9/2017 10:43:25 AM, Info: Validating assembly C:\Users\tamvh\Documents\my_document\project\crestron _program\wsclient_pro\wsclient_pro\bin\Debug\wsclient_pro.dll...
9/9/2017 10:43:25 AM, Info: Verifying assembly C:\Users\tamvh\Documents\my_document\project\crestron _program\wsclient_pro\wsclient_pro\bin\Debug\wsclient_pro.dll
9/9/2017 10:43:25 AM, Info: Creating Archive C:\Users\tamvh\Documents\my_document\project\crestron _program\wsclient_pro\wsclient_pro\bin\Debug\wsclient_pro.cplz...
9/9/2017 10:43:26 AM, Info: Saving project information...
9/9/2017 10:43:32 AM, Info: Validating assembly C:\Users\tamvh\Documents\my_document\project\crestron _program\wsclient_pro\wsclient_pro\bin\Debug\wsclient_pro.dll...
9/9/2017 10:43:32 AM, Info: Verifying assembly C:\Users\tamvh\Documents\my_document\project\crestron _program\wsclient_pro\wsclient_pro\bin\Debug\wsclient_pro.dll
9/9/2017 10:43:33 AM, Info: Creating Archive C:\Users\tamvh\Documents\my_document\project\crestron _program\wsclient_pro\wsclient_pro\bin\Debug\wsclient_pro.cplz...
9/9/2017 10:43:33 AM, Info: Saving project information...
9/9/2017 10:48:27 AM, Info: Validating assembly C:\Users\tamvh\Documents\my_document\project\crestron _program\wsclient_pro\wsclient_pro\bin\Debug\wsclient_pro.dll...
9/9/2017 10:48:27 AM, Info: Verifying assembly C:\Users\tamvh\Documents\my_document\project\crestron _program\wsclient_pro\wsclient_pro\bin\Debug\wsclient_pro.dll
9/9/2017 10:48:27 AM, Info: Creating Archive C:\Users\tamvh\Documents\my_document\project\crestron _program\wsclient_pro\wsclient_pro\bin\Debug\wsclient_pro.cplz...
9/9/2017 10:48:28 AM, Info: Saving project information...
9/9/2017 11:15:28 AM, Info: Validating assembly C:\Users\tamvh\Documents\my_document\project\crestron _program\wsclient_pro\wsclient_pro\bin\Debug\wsclient_pro.dll...
9/9/2017 11:15:28 AM, Info: Verifying assembly C:\Users\tamvh\Documents\my_document\project\crestron _program\wsclient_pro\wsclient_pro\bin\Debug\wsclient_pro.dll
9/9/2017 11:15:28 AM, Info: Creating Archive C:\Users\tamvh\Documents\my_document\project\crestron _program\wsclient_pro\wsclient_pro\bin\Debug\wsclient_pro.cplz...
9/9/2017 11:15:29 AM, Info: Saving project information...
9/9/2017 11:39:39 AM, Info: Saving project information...
9/9/2017 11:39:39 AM, Info: Saving project information...
9/9/2017 11:39:39 AM, Info: Saving project information...
9/9/2017 11:44:39 AM, Info: Saving project information...
9/9/2017 11:44:39 AM, Info: Saving project information...
9/9/2017 11:44:39 AM, Info: Saving project information...
9/9/2017 11:49:39 AM, Info: Saving project information...
9/9/2017 11:49:39 AM, Info: Saving project information...
9/9/2017 11:49:39 AM, Info: Saving project information...
9/9/2017 11:54:39 AM, Info: Saving project information...
9/9/2017 11:54:39 AM, Info: Saving project information...
9/9/2017 11:54:39 AM, Info: Saving project information...
9/9/2017 11:59:39 AM, Info: Saving project information...
9/9/2017 11:59:39 AM, Info: Saving project information...
9/9/2017 11:59:39 AM, Info: Saving project information...
9/9/2017 12:04:39 PM, Info: Saving project information...
9/9/2017 12:04:39 PM, Info: Saving project information...
9/9/2017 12:04:39 PM, Info: Saving project information...
9/9/2017 12:09:39 PM, Info: Saving project information...
9/9/2017 12:09:39 PM, Info: Saving project information...
9/9/2017 12:09:39 PM, Info: Saving project information...
9/9/2017 12:14:39 PM, Info: Saving project information...
9/9/2017 12:14:39 PM, Info: Saving project information...
9/9/2017 12:14:39 PM, Info: Saving project information...
9/9/2017 12:19:39 PM, Info: Saving project information...
9/9/2017 12:19:39 PM, Info: Saving project information...
9/9/2017 12:19:39 PM, Info: Saving project information...
9/9/2017 12:24:39 PM, Info: Saving project information...
9/9/2017 12:24:39 PM, Info: Saving project information...
9/9/2017 12:24:39 PM, Info: Saving project information...
9/9/2017 12:29:39 PM, Info: Saving project information...
9/9/2017 12:29:39 PM, Info: Saving project information...
9/9/2017 12:29:39 PM, Info: Saving project information...
9/9/2017 12:34:39 PM, Info: Saving project information...
9/9/2017 12:34:39 PM, Info: Saving project information...
9/9/2017 12:34:39 PM, Info: Saving project information...
9/9/2017 12:39:39 PM, Info: Saving project information...
9/9/2017 12:39:39 PM, Info: Saving project information...
9/9/2017 12:39:39 PM, Info: Saving project information...
9/9/2017 12:44:39 PM, Info: Saving project information...
9/9/2017 12:44:39 PM, Info: Saving project information...
9/9/2017 12:44:39 PM, Info: Saving project information...
9/9/2017 12:49:39 PM, Info: Saving project information...
9/9/2017 12:49:39 PM, Info: Saving project information...
9/9/2017 12:49:39 PM, Info: Saving project information...
9/9/2017 12:54:39 PM, Info: Saving project information...
9/9/2017 12:54:39 PM, Info: Saving project information...
9/9/2017 12:54:39 PM, Info: Saving project information...
9/9/2017 12:59:39 PM, Info: Saving project information...
9/9/2017 12:59:39 PM, Info: Saving project information...
9/9/2017 12:59:39 PM, Info: Saving project information...
9/9/2017 1:04:39 PM, Info: Saving project information...
9/9/2017 1:04:39 PM, Info: Saving project information...
9/9/2017 1:04:39 PM, Info: Saving project information...
9/9/2017 1:09:39 PM, Info: Saving project information...
9/9/2017 1:09:39 PM, Info: Saving project information...
9/9/2017 1:09:39 PM, Info: Saving project information...
9/9/2017 1:14:39 PM, Info: Saving project information...
9/9/2017 1:14:39 PM, Info: Saving project information...
9/9/2017 1:14:39 PM, Info: Saving project information...
9/9/2017 1:19:39 PM, Info: Saving project information...
9/9/2017 1:19:39 PM, Info: Saving project information...
9/9/2017 1:19:39 PM, Info: Saving project information...
9/9/2017 1:24:39 PM, Info: Saving project information...
9/9/2017 1:24:39 PM, Info: Saving project information...
9/9/2017 1:24:39 PM, Info: Saving project information...
9/9/2017 1:29:39 PM, Info: Saving project information...
9/9/2017 1:29:39 PM, Info: Saving project information...
9/9/2017 1:29:39 PM, Info: Saving project information...
9/9/2017 1:34:39 PM, Info: Saving project information...
9/9/2017 1:34:39 PM, Info: Saving project information...
9/9/2017 1:34:39 PM, Info: Saving project information...
9/9/2017 1:39:39 PM, Info: Saving project information...
9/9/2017 1:39:39 PM, Info: Saving project information...
9/9/2017 1:39:39 PM, Info: Saving project information...
9/9/2017 1:44:39 PM, Info: Saving project information...
9/9/2017 1:44:39 PM, Info: Saving project information...
9/9/2017 1:44:39 PM, Info: Saving project information...
9/9/2017 1:49:39 PM, Info: Saving project information...
9/9/2017 1:49:39 PM, Info: Saving project information...
9/9/2017 1:49:39 PM, Info: Saving project information...
9/9/2017 1:54:39 PM, Info: Saving project information...
9/9/2017 1:54:39 PM, Info: Saving project information...
9/9/2017 1:54:39 PM, Info: Saving project information...
9/9/2017 1:59:39 PM, Info: Saving project information...
9/9/2017 1:59:39 PM, Info: Saving project information...
9/9/2017 1:59:39 PM, Info: Saving project information...
9/9/2017 2:04:39 PM, Info: Saving project information...
9/9/2017 2:04:39 PM, Info: Saving project information...
9/9/2017 2:04:39 PM, Info: Saving project information...
9/9/2017 2:09:39 PM, Info: Saving project information...
9/9/2017 2:09:39 PM, Info: Saving project information...
9/9/2017 2:09:39 PM, Info: Saving project information...
9/9/2017 2:14:39 PM, Info: Saving project information...
9/9/2017 2:14:39 PM, Info: Saving project information...
9/9/2017 2:14:39 PM, Info: Saving project information...
9/9/2017 2:17:29 PM, Info: Saving project information...
9/9/2017 2:17:29 PM, Info: Saving project information...
9/9/2017 2:17:29 PM, Info: Saving project information...
9/9/2017 2:17:29 PM, Info: Saving project information...
9/9/2017 2:17:29 PM, Info: Saving project information...
9/9/2017 2:17:29 PM, Info: Saving project information...
9/9/2017 2:17:30 PM, Info: Validating assembly C:\Users\tamvh\Documents\my_document\project\crestron _program\wsclient_pro\wsclient_pro\bin\Debug\wsclient_pro.dll...
9/9/2017 2:17:31 PM, Info: Verifying assembly C:\Users\tamvh\Documents\my_document\project\crestron _program\wsclient_pro\wsclient_pro\bin\Debug\wsclient_pro.dll
9/9/2017 2:17:31 PM, Info: Creating Archive C:\Users\tamvh\Documents\my_document\project\crestron _program\wsclient_pro\wsclient_pro\bin\Debug\wsclient_pro.cplz...
9/9/2017 2:17:31 PM, Info: Saving project information...
9/9/2017 2:18:01 PM, Info: Validating assembly C:\Users\tamvh\Documents\my_document\project\crestron _program\wsclient_pro\wsclient_pro\bin\Debug\wsclient_pro.dll...
9/9/2017 2:18:01 PM, Info: Verifying assembly C:\Users\tamvh\Documents\my_document\project\crestron _program\wsclient_pro\wsclient_pro\bin\Debug\wsclient_pro.dll
9/9/2017 2:18:01 PM, Info: Creating Archive C:\Users\tamvh\Documents\my_document\project\crestron _program\wsclient_pro\wsclient_pro\bin\Debug\wsclient_pro.cplz...
9/9/2017 2:18:02 PM, Info: Saving project information...
9/9/2017 2:23:45 PM, Info: Validating assembly C:\Users\tamvh\Documents\my_document\project\crestron _program\wsclient_pro\wsclient_pro\bin\Debug\wsclient_pro.dll...
9/9/2017 2:23:45 PM, Info: Verifying assembly C:\Users\tamvh\Documents\my_document\project\crestron _program\wsclient_pro\wsclient_pro\bin\Debug\wsclient_pro.dll
9/9/2017 2:23:45 PM, Info: Creating Archive C:\Users\tamvh\Documents\my_document\project\crestron _program\wsclient_pro\wsclient_pro\bin\Debug\wsclient_pro.cplz...
9/9/2017 2:23:46 PM, Info: Saving project information...
9/9/2017 2:25:36 PM, Info: Validating assembly C:\Users\tamvh\Documents\my_document\project\crestron _program\wsclient_pro\wsclient_pro\bin\Debug\wsclient_pro.dll...
9/9/2017 2:25:36 PM, Info: Verifying assembly C:\Users\tamvh\Documents\my_document\project\crestron _program\wsclient_pro\wsclient_pro\bin\Debug\wsclient_pro.dll
9/9/2017 2:25:36 PM, Info: Creating Archive C:\Users\tamvh\Documents\my_document\project\crestron _program\wsclient_pro\wsclient_pro\bin\Debug\wsclient_pro.cplz...
9/9/2017 2:25:37 PM, Info: Saving project information...
9/9/2017 2:26:09 PM, Info: Validating assembly C:\Users\tamvh\Documents\my_document\project\crestron _program\wsclient_pro\wsclient_pro\bin\Debug\wsclient_pro.dll...
9/9/2017 2:26:10 PM, Info: Verifying assembly C:\Users\tamvh\Documents\my_document\project\crestron _program\wsclient_pro\wsclient_pro\bin\Debug\wsclient_pro.dll
9/9/2017 2:26:10 PM, Info: Creating Archive C:\Users\tamvh\Documents\my_document\project\crestron _program\wsclient_pro\wsclient_pro\bin\Debug\wsclient_pro.cplz...
9/9/2017 2:26:10 PM, Info: Saving project information...
9/9/2017 2:36:20 PM, Info: Validating assembly C:\Users\tamvh\Documents\my_document\project\crestron _program\wsclient_pro\wsclient_pro\bin\Debug\wsclient_pro.dll...
9/9/2017 2:36:20 PM, Info: Verifying assembly C:\Users\tamvh\Documents\my_document\project\crestron _program\wsclient_pro\wsclient_pro\bin\Debug\wsclient_pro.dll
9/9/2017 2:36:20 PM, Info: Creating Archive C:\Users\tamvh\Documents\my_document\project\crestron _program\wsclient_pro\wsclient_pro\bin\Debug\wsclient_pro.cplz...
9/9/2017 2:36:21 PM, Info: Saving project information...
9/9/2017 2:50:26 PM, Info: Validating assembly C:\Users\tamvh\Documents\my_document\project\crestron _program\wsclient_pro\wsclient_pro\bin\Debug\wsclient_pro.dll...
9/9/2017 2:50:26 PM, Info: Verifying assembly C:\Users\tamvh\Documents\my_document\project\crestron _program\wsclient_pro\wsclient_pro\bin\Debug\wsclient_pro.dll
9/9/2017 2:50:26 PM, Info: Creating Archive C:\Users\tamvh\Documents\my_document\project\crestron _program\wsclient_pro\wsclient_pro\bin\Debug\wsclient_pro.cplz...
9/9/2017 2:50:27 PM, Info: Saving project information...
9/9/2017 4:54:51 PM, Info: Validating assembly C:\Users\tamvh\Documents\my_document\project\crestron _program\wsclient_pro\wsclient_pro\bin\Debug\wsclient_pro.dll...
9/9/2017 4:54:51 PM, Info: Verifying assembly C:\Users\tamvh\Documents\my_document\project\crestron _program\wsclient_pro\wsclient_pro\bin\Debug\wsclient_pro.dll
9/9/2017 4:54:52 PM, Info: Creating Archive C:\Users\tamvh\Documents\my_document\project\crestron _program\wsclient_pro\wsclient_pro\bin\Debug\wsclient_pro.cplz...
9/9/2017 4:54:52 PM, Info: Saving project information...
9/9/2017 5:14:06 PM, Info: Terminating SIMPLSharp Services
