8/11/2017 5:55:45 PM, Info: Initializing SIMPLSharp Services...
8/11/2017 5:55:45 PM, Info: ProjectInfo successfully initialized.
8/11/2017 6:00:39 PM, Info: Validating assembly C:\Users\tamvh\Documents\my_document\project\crestron _program\wsclient_pro\wsclient_pro\bin\Debug\wsclient_pro.dll...
8/11/2017 6:00:39 PM, Info: Verifying assembly C:\Users\tamvh\Documents\my_document\project\crestron _program\wsclient_pro\wsclient_pro\bin\Debug\wsclient_pro.dll
8/11/2017 6:00:39 PM, Info: Creating Archive C:\Users\tamvh\Documents\my_document\project\crestron _program\wsclient_pro\wsclient_pro\bin\Debug\wsclient_pro.cplz...
8/11/2017 6:00:40 PM, Info: Saving project information...
8/11/2017 6:00:51 PM, Info: Validating assembly C:\Users\tamvh\Documents\my_document\project\crestron _program\wsclient_pro\wsclient_pro\bin\Debug\wsclient_pro.dll...
8/11/2017 6:00:51 PM, Info: Verifying assembly C:\Users\tamvh\Documents\my_document\project\crestron _program\wsclient_pro\wsclient_pro\bin\Debug\wsclient_pro.dll
8/11/2017 6:00:52 PM, Info: Creating Archive C:\Users\tamvh\Documents\my_document\project\crestron _program\wsclient_pro\wsclient_pro\bin\Debug\wsclient_pro.cplz...
8/11/2017 6:00:52 PM, Info: Saving project information...
8/11/2017 6:00:58 PM, Info: Validating assembly C:\Users\tamvh\Documents\my_document\project\crestron _program\wsclient_pro\wsclient_pro\bin\Debug\wsclient_pro.dll...
8/11/2017 6:00:59 PM, Info: Verifying assembly C:\Users\tamvh\Documents\my_document\project\crestron _program\wsclient_pro\wsclient_pro\bin\Debug\wsclient_pro.dll
8/11/2017 6:00:59 PM, Info: Creating Archive C:\Users\tamvh\Documents\my_document\project\crestron _program\wsclient_pro\wsclient_pro\bin\Debug\wsclient_pro.cplz...
8/11/2017 6:00:59 PM, Info: Saving project information...
8/11/2017 6:02:43 PM, Info: Saving project information...
8/11/2017 6:02:43 PM, Info: Saving project information...
8/11/2017 6:02:43 PM, Info: Saving project information...
8/11/2017 6:02:43 PM, Info: Saving project information...
8/11/2017 6:02:43 PM, Info: Saving project information...
8/11/2017 6:02:43 PM, Info: Saving project information...
8/11/2017 6:02:43 PM, Info: Validating assembly C:\Users\tamvh\Documents\my_document\project\crestron _program\wsclient_pro\wsclient_pro\bin\Debug\wsclient_pro.dll...
8/11/2017 6:02:44 PM, Info: Verifying assembly C:\Users\tamvh\Documents\my_document\project\crestron _program\wsclient_pro\wsclient_pro\bin\Debug\wsclient_pro.dll
8/11/2017 6:02:44 PM, Info: Creating Archive C:\Users\tamvh\Documents\my_document\project\crestron _program\wsclient_pro\wsclient_pro\bin\Debug\wsclient_pro.cplz...
8/11/2017 6:02:44 PM, Info: Saving project information...
8/11/2017 6:05:32 PM, Info: Validating assembly C:\Users\tamvh\Documents\my_document\project\crestron _program\wsclient_pro\wsclient_pro\bin\Debug\wsclient_pro.dll...
8/11/2017 6:05:32 PM, Info: Verifying assembly C:\Users\tamvh\Documents\my_document\project\crestron _program\wsclient_pro\wsclient_pro\bin\Debug\wsclient_pro.dll
8/11/2017 6:05:32 PM, Info: Creating Archive C:\Users\tamvh\Documents\my_document\project\crestron _program\wsclient_pro\wsclient_pro\bin\Debug\wsclient_pro.cplz...
8/11/2017 6:05:32 PM, Info: Saving project information...
8/11/2017 6:07:53 PM, Info: Validating assembly C:\Users\tamvh\Documents\my_document\project\crestron _program\wsclient_pro\wsclient_pro\bin\Debug\wsclient_pro.dll...
8/11/2017 6:48:00 PM, Info: Terminating SIMPLSharp Services
