8/12/2017 4:50:48 PM, Info: Saving project information...
8/12/2017 4:50:48 PM, Info: Saving project information...
8/12/2017 4:51:32 PM, Info: Saving project information...
8/12/2017 4:51:32 PM, Info: Saving project information...
8/12/2017 4:51:32 PM, Info: Saving project information...
8/12/2017 4:51:32 PM, Info: Saving project information...
8/12/2017 4:51:32 PM, Info: Saving project information...
8/12/2017 4:51:32 PM, Info: Saving project information...
8/12/2017 4:51:33 PM, Info: Validating assembly C:\Users\tamvh\Documents\my_document\project\crestron _program\wsclient_pro\wsclient_pro\bin\Debug\wsclient_pro.dll...
8/12/2017 4:51:33 PM, Info: Verifying assembly C:\Users\tamvh\Documents\my_document\project\crestron _program\wsclient_pro\wsclient_pro\bin\Debug\wsclient_pro.dll
8/12/2017 4:51:33 PM, Info: Creating Archive C:\Users\tamvh\Documents\my_document\project\crestron _program\wsclient_pro\wsclient_pro\bin\Debug\wsclient_pro.cplz...
8/12/2017 4:51:34 PM, Info: Saving project information...
8/12/2017 4:54:04 PM, Info: Validating assembly C:\Users\tamvh\Documents\my_document\project\crestron _program\wsclient_pro\wsclient_pro\bin\Debug\wsclient_pro.dll...
8/12/2017 4:54:04 PM, Info: Verifying assembly C:\Users\tamvh\Documents\my_document\project\crestron _program\wsclient_pro\wsclient_pro\bin\Debug\wsclient_pro.dll
8/12/2017 4:54:05 PM, Info: Creating Archive C:\Users\tamvh\Documents\my_document\project\crestron _program\wsclient_pro\wsclient_pro\bin\Debug\wsclient_pro.cplz...
8/12/2017 4:54:05 PM, Info: Saving project information...
8/12/2017 5:18:58 PM, Info: Saving project information...
8/12/2017 5:18:58 PM, Info: Saving project information...
8/12/2017 5:18:58 PM, Info: Saving project information...
8/12/2017 5:18:58 PM, Info: Saving project information...
8/12/2017 5:18:58 PM, Info: Saving project information...
8/12/2017 5:18:58 PM, Info: Saving project information...
8/12/2017 5:19:15 PM, Info: Validating assembly C:\Users\tamvh\Documents\my_document\project\crestron _program\wsclient_pro\wsclient_pro\bin\Debug\wsclient_pro.dll...
8/12/2017 5:19:15 PM, Info: Verifying assembly C:\Users\tamvh\Documents\my_document\project\crestron _program\wsclient_pro\wsclient_pro\bin\Debug\wsclient_pro.dll
8/12/2017 5:19:15 PM, Info: Creating Archive C:\Users\tamvh\Documents\my_document\project\crestron _program\wsclient_pro\wsclient_pro\bin\Debug\wsclient_pro.cplz...
8/12/2017 5:19:15 PM, Info: Saving project information...
8/12/2017 5:22:47 PM, Info: Validating assembly C:\Users\tamvh\Documents\my_document\project\crestron _program\wsclient_pro\wsclient_pro\bin\Debug\wsclient_pro.dll...
8/12/2017 5:22:47 PM, Info: Verifying assembly C:\Users\tamvh\Documents\my_document\project\crestron _program\wsclient_pro\wsclient_pro\bin\Debug\wsclient_pro.dll
8/12/2017 5:22:47 PM, Info: Creating Archive C:\Users\tamvh\Documents\my_document\project\crestron _program\wsclient_pro\wsclient_pro\bin\Debug\wsclient_pro.cplz...
8/12/2017 5:22:47 PM, Info: Saving project information...
8/12/2017 5:28:24 PM, Info: Initializing SIMPLSharp Services...
8/12/2017 5:28:24 PM, Info: ProjectInfo successfully initialized.
8/12/2017 5:28:49 PM, Info: Validating assembly C:\Users\tamvh\Downloads\SIMPL-Sharp-SQL-master\SIMPLSharp_MSSQLConnection\SIMPLSharp_MSSQLConnection\bin\SIMPLSharp_MSSQLConnection.dll...
8/12/2017 5:28:49 PM, Info: Verifying assembly C:\Users\tamvh\Downloads\SIMPL-Sharp-SQL-master\SIMPLSharp_MSSQLConnection\SIMPLSharp_MSSQLConnection\bin\SIMPLSharp_MSSQLConnection.dll
8/12/2017 5:28:49 PM, Info: Creating Archive C:\Users\tamvh\Downloads\SIMPL-Sharp-SQL-master\SIMPLSharp_MSSQLConnection\SIMPLSharp_MSSQLConnection\bin\SIMPLSharp_MSSQLConnection.clz...
8/12/2017 5:28:50 PM, Info: Saving project information...
8/12/2017 5:29:42 PM, Info: Initializing SIMPLSharp Services...
8/12/2017 5:29:42 PM, Info: ProjectInfo successfully initialized.
8/12/2017 5:30:48 PM, Info: Saving project information...
8/12/2017 5:30:48 PM, Info: Saving project information...
8/12/2017 5:30:48 PM, Info: Saving project information...
8/12/2017 5:35:24 PM, Info: Saving project information...
8/12/2017 5:35:24 PM, Info: Saving project information...
8/12/2017 5:35:24 PM, Info: Saving project information...
8/12/2017 5:35:24 PM, Info: Saving project information...
8/12/2017 5:35:24 PM, Info: Saving project information...
8/12/2017 5:35:24 PM, Info: Saving project information...
8/12/2017 5:35:25 PM, Info: Validating assembly C:\Users\tamvh\Documents\my_document\project\crestron _program\wsclient_pro\wsclient_pro\bin\Debug\wsclient_pro.dll...
8/12/2017 5:37:42 PM, Info: Validating assembly C:\Users\tamvh\Documents\my_document\project\crestron _program\wsclient_pro\wsclient_pro\bin\Debug\wsclient_pro.dll...
8/12/2017 5:37:42 PM, Info: Verifying assembly C:\Users\tamvh\Documents\my_document\project\crestron _program\wsclient_pro\wsclient_pro\bin\Debug\wsclient_pro.dll
8/12/2017 5:37:43 PM, Info: Creating Archive C:\Users\tamvh\Documents\my_document\project\crestron _program\wsclient_pro\wsclient_pro\bin\Debug\wsclient_pro.cplz...
8/12/2017 5:37:43 PM, Info: Saving project information...
8/12/2017 5:48:16 PM, Info: Validating assembly C:\Users\tamvh\Documents\my_document\project\crestron _program\wsclient_pro\wsclient_pro\bin\Debug\wsclient_pro.dll...
8/12/2017 5:48:16 PM, Info: Verifying assembly C:\Users\tamvh\Documents\my_document\project\crestron _program\wsclient_pro\wsclient_pro\bin\Debug\wsclient_pro.dll
8/12/2017 5:48:16 PM, Info: Creating Archive C:\Users\tamvh\Documents\my_document\project\crestron _program\wsclient_pro\wsclient_pro\bin\Debug\wsclient_pro.cplz...
8/12/2017 5:48:17 PM, Info: Saving project information...
8/12/2017 5:55:58 PM, Info: Terminating SIMPLSharp Services
8/12/2017 5:55:58 PM, Info: Saving project information...
8/12/2017 5:55:58 PM, Info: Terminating SIMPLSharp Services
8/12/2017 5:55:58 PM, Info: Saving project information...
8/12/2017 5:55:58 PM, Info: Terminating SIMPLSharp Services
