1/20/18 10:43:28 AM, Info: Initializing SIMPLSharp Services...
1/20/18 10:43:28 AM, Info: ProjectInfo successfully initialized.
1/20/18 10:43:28 AM, Info: Saving project information...
1/20/18 10:43:28 AM, Info: Saving project information...
1/20/18 10:43:28 AM, Info: Saving project information...
1/20/18 10:43:28 AM, Info: Saving project information...
1/20/18 10:43:28 AM, Info: Saving project information...
1/20/18 10:43:28 AM, Info: Saving project information...
1/20/18 10:48:48 AM, Info: Saving project information...
1/20/18 10:48:48 AM, Info: Saving project information...
1/20/18 10:48:48 AM, Info: Saving project information...
1/20/18 10:56:24 AM, Info: Saving project information...
1/20/18 10:56:24 AM, Info: Saving project information...
1/20/18 10:56:24 AM, Info: Saving project information...
1/20/18 11:01:24 AM, Info: Saving project information...
1/20/18 11:01:24 AM, Info: Saving project information...
1/20/18 11:01:24 AM, Info: Saving project information...
1/20/18 11:06:24 AM, Info: Saving project information...
1/20/18 11:06:24 AM, Info: Saving project information...
1/20/18 11:06:24 AM, Info: Saving project information...
1/20/18 11:11:24 AM, Info: Saving project information...
1/20/18 11:11:24 AM, Info: Saving project information...
1/20/18 11:11:24 AM, Info: Saving project information...
1/20/18 11:16:24 AM, Info: Saving project information...
1/20/18 11:16:24 AM, Info: Saving project information...
1/20/18 11:16:24 AM, Info: Saving project information...
1/20/18 11:21:24 AM, Info: Saving project information...
1/20/18 11:21:24 AM, Info: Saving project information...
1/20/18 11:21:24 AM, Info: Saving project information...
1/20/18 11:26:24 AM, Info: Saving project information...
1/20/18 11:26:24 AM, Info: Saving project information...
1/20/18 11:26:24 AM, Info: Saving project information...
1/20/18 11:29:15 AM, Info: Saving project information...
1/20/18 11:29:15 AM, Info: Saving project information...
1/20/18 11:29:15 AM, Info: Saving project information...
1/20/18 11:29:15 AM, Info: Saving project information...
1/20/18 11:29:15 AM, Info: Saving project information...
1/20/18 11:29:15 AM, Info: Saving project information...
1/20/18 11:31:24 AM, Info: Saving project information...
1/20/18 11:31:24 AM, Info: Saving project information...
1/20/18 11:31:24 AM, Info: Saving project information...
1/20/18 11:36:24 AM, Info: Saving project information...
1/20/18 11:36:24 AM, Info: Saving project information...
1/20/18 11:36:24 AM, Info: Saving project information...
1/20/18 11:41:24 AM, Info: Saving project information...
1/20/18 11:41:24 AM, Info: Saving project information...
1/20/18 11:41:24 AM, Info: Saving project information...
1/20/18 11:46:24 AM, Info: Saving project information...
1/20/18 11:46:24 AM, Info: Saving project information...
1/20/18 11:46:24 AM, Info: Saving project information...
1/20/18 11:51:24 AM, Info: Saving project information...
1/20/18 11:51:24 AM, Info: Saving project information...
1/20/18 11:51:24 AM, Info: Saving project information...
1/20/18 11:56:24 AM, Info: Saving project information...
1/20/18 11:56:24 AM, Info: Saving project information...
1/20/18 11:56:24 AM, Info: Saving project information...
1/20/18 12:01:24 PM, Info: Saving project information...
1/20/18 12:01:24 PM, Info: Saving project information...
1/20/18 12:01:24 PM, Info: Saving project information...
1/20/18 12:05:30 PM, Info: Saving project information...
1/20/18 12:05:30 PM, Info: Saving project information...
1/20/18 12:05:30 PM, Info: Saving project information...
1/20/18 12:05:30 PM, Info: Saving project information...
1/20/18 12:05:30 PM, Info: Saving project information...
1/20/18 12:05:30 PM, Info: Saving project information...
1/20/18 12:05:42 PM, Info: Validating assembly C:\Users\tamvh\Documents\crestron\project\crestron_program_valeo\common_lib\common_lib\bin\Debug\common_lib.dll...
1/20/18 12:05:42 PM, Info: Verifying assembly C:\Users\tamvh\Documents\crestron\project\crestron_program_valeo\common_lib\common_lib\bin\Debug\common_lib.dll
1/20/18 12:05:42 PM, Info: Creating Archive C:\Users\tamvh\Documents\crestron\project\crestron_program_valeo\common_lib\common_lib\bin\Debug\common_lib.clz...
1/20/18 12:05:43 PM, Info: Saving project information...
1/20/18 12:35:09 PM, Info: Validating assembly C:\Users\tamvh\Documents\crestron\project\crestron_program_valeo\common_lib\common_lib\bin\Debug\common_lib.dll...
1/20/18 12:35:09 PM, Info: Verifying assembly C:\Users\tamvh\Documents\crestron\project\crestron_program_valeo\common_lib\common_lib\bin\Debug\common_lib.dll
1/20/18 12:35:09 PM, Info: Creating Archive C:\Users\tamvh\Documents\crestron\project\crestron_program_valeo\common_lib\common_lib\bin\Debug\common_lib.clz...
1/20/18 12:35:09 PM, Info: Saving project information...
1/20/18 12:35:32 PM, Info: Validating assembly C:\Users\tamvh\Documents\crestron\project\crestron_program_valeo\common_lib\common_lib\bin\Release\common_lib.dll...
1/20/18 12:35:32 PM, Info: Verifying assembly C:\Users\tamvh\Documents\crestron\project\crestron_program_valeo\common_lib\common_lib\bin\Release\common_lib.dll
1/20/18 12:35:32 PM, Info: Creating Archive C:\Users\tamvh\Documents\crestron\project\crestron_program_valeo\common_lib\common_lib\bin\Release\common_lib.clz...
1/20/18 12:35:32 PM, Info: Saving project information...
1/20/18 2:53:46 PM, Info: Validating assembly C:\Users\tamvh\Documents\crestron\project\crestron_program_valeo\common_lib\common_lib\bin\Release\common_lib.dll...
1/20/18 2:53:46 PM, Info: Verifying assembly C:\Users\tamvh\Documents\crestron\project\crestron_program_valeo\common_lib\common_lib\bin\Release\common_lib.dll
1/20/18 2:53:47 PM, Info: Creating Archive C:\Users\tamvh\Documents\crestron\project\crestron_program_valeo\common_lib\common_lib\bin\Release\common_lib.clz...
1/20/18 2:53:47 PM, Info: Saving project information...
1/20/18 3:06:31 PM, Info: Validating assembly C:\Users\tamvh\Documents\crestron\project\crestron_program_valeo\common_lib\common_lib\bin\Release\common_lib.dll...
1/20/18 3:06:32 PM, Info: Verifying assembly C:\Users\tamvh\Documents\crestron\project\crestron_program_valeo\common_lib\common_lib\bin\Release\common_lib.dll
1/20/18 3:06:32 PM, Info: Creating Archive C:\Users\tamvh\Documents\crestron\project\crestron_program_valeo\common_lib\common_lib\bin\Release\common_lib.clz...
1/20/18 3:06:32 PM, Info: Saving project information...
1/20/18 3:07:45 PM, Info: Validating assembly C:\Users\tamvh\Documents\crestron\project\crestron_program_valeo\common_lib\common_lib\bin\Release\common_lib.dll...
1/20/18 3:07:45 PM, Info: Verifying assembly C:\Users\tamvh\Documents\crestron\project\crestron_program_valeo\common_lib\common_lib\bin\Release\common_lib.dll
1/20/18 3:07:45 PM, Info: Creating Archive C:\Users\tamvh\Documents\crestron\project\crestron_program_valeo\common_lib\common_lib\bin\Release\common_lib.clz...
1/20/18 3:07:45 PM, Info: Saving project information...
1/20/18 3:08:50 PM, Info: Validating assembly C:\Users\tamvh\Documents\crestron\project\crestron_program_valeo\common_lib\common_lib\bin\Release\common_lib.dll...
1/20/18 3:08:50 PM, Info: Verifying assembly C:\Users\tamvh\Documents\crestron\project\crestron_program_valeo\common_lib\common_lib\bin\Release\common_lib.dll
1/20/18 3:08:50 PM, Info: Creating Archive C:\Users\tamvh\Documents\crestron\project\crestron_program_valeo\common_lib\common_lib\bin\Release\common_lib.clz...
1/20/18 3:08:50 PM, Info: Saving project information...
1/20/18 3:29:43 PM, Info: Validating assembly C:\Users\tamvh\Documents\crestron\project\crestron_program_valeo\common_lib\common_lib\bin\Release\common_lib.dll...
1/20/18 3:29:44 PM, Info: Verifying assembly C:\Users\tamvh\Documents\crestron\project\crestron_program_valeo\common_lib\common_lib\bin\Release\common_lib.dll
1/20/18 3:29:44 PM, Info: Creating Archive C:\Users\tamvh\Documents\crestron\project\crestron_program_valeo\common_lib\common_lib\bin\Release\common_lib.clz...
1/20/18 3:29:44 PM, Info: Saving project information...
1/22/18 9:27:14 AM, Info: Terminating SIMPLSharp Services
